2026-03-26 11:01:22.830 +01:00 [INF] [block-clean-invalid-20260326-02] === COLUMN 6: OUTPUT HANDLER (Steps 6A-6B) ===
2026-03-26 11:01:22.862 +01:00 [INF] [block-clean-invalid-20260326-02] ✓ Step 6A: Doorzetten naar raw-layer
2026-03-26 11:01:22.883 +01:00 [INF] [block-clean-invalid-20260326-02] ✓ Step 6B: Registreer afleverstatus: Failed
2026-03-26 11:36:07.706 +01:00 [INF] [block-valid-20260326-113607] === COLUMN 6: OUTPUT HANDLER (Steps 6A-6B) ===
2026-03-26 11:36:07.708 +01:00 [INF] [block-valid-20260326-113607] ✓ Step 6A: Doorzetten naar raw-layer
2026-03-26 11:36:07.725 +01:00 [INF] [block-valid-20260326-113607] ✓ Step 6B: Registreer afleverstatus: Delivered
2026-03-26 11:36:09.320 +01:00 [INF] [block-invalid-20260326-113607] === COLUMN 6: OUTPUT HANDLER (Steps 6A-6B) ===
2026-03-26 11:36:09.321 +01:00 [INF] [block-invalid-20260326-113607] ✓ Step 6A: Doorzetten naar raw-layer
2026-03-26 11:36:09.344 +01:00 [INF] [block-invalid-20260326-113607] ✓ Step 6B: Registreer afleverstatus: Delivered
2026-03-26 11:36:40.062 +01:00 [INF] [block-valid-20260326-113639] === COLUMN 6: OUTPUT HANDLER (Steps 6A-6B) ===
2026-03-26 11:36:40.064 +01:00 [INF] [block-valid-20260326-113639] ✓ Step 6A: Doorzetten naar raw-layer
2026-03-26 11:36:40.090 +01:00 [INF] [block-valid-20260326-113639] ✓ Step 6B: Registreer afleverstatus: Delivered
2026-03-26 11:36:41.733 +01:00 [INF] [block-invalid-20260326-113639] === COLUMN 6: OUTPUT HANDLER (Steps 6A-6B) ===
2026-03-26 11:36:41.734 +01:00 [INF] [block-invalid-20260326-113639] ✓ Step 6A: Doorzetten naar raw-layer
2026-03-26 11:36:41.755 +01:00 [INF] [block-invalid-20260326-113639] ✓ Step 6B: Registreer afleverstatus: Failed
2026-03-26 11:38:42.354 +01:00 [INF] [tc-alloc-valid-01] === COLUMN 6: OUTPUT HANDLER (Steps 6A-6B) ===
2026-03-26 11:38:42.356 +01:00 [INF] [tc-alloc-valid-01] ✓ Step 6A: Doorzetten naar raw-layer
2026-03-26 11:38:42.370 +01:00 [INF] [tc-alloc-valid-01] ✓ Step 6B: Registreer afleverstatus: Delivered
2026-03-26 11:38:43.152 +01:00 [INF] [tc-alloc-valid-02] === COLUMN 6: OUTPUT HANDLER (Steps 6A-6B) ===
2026-03-26 11:38:43.154 +01:00 [INF] [tc-alloc-valid-02] ✓ Step 6A: Doorzetten naar raw-layer
2026-03-26 11:38:43.162 +01:00 [INF] [tc-alloc-valid-02] ✓ Step 6B: Registreer afleverstatus: Delivered
2026-03-26 11:38:43.902 +01:00 [INF] [tc-alloc-valid-03] === COLUMN 6: OUTPUT HANDLER (Steps 6A-6B) ===
2026-03-26 11:38:43.904 +01:00 [INF] [tc-alloc-valid-03] ✓ Step 6A: Doorzetten naar raw-layer
2026-03-26 11:38:43.911 +01:00 [INF] [tc-alloc-valid-03] ✓ Step 6B: Registreer afleverstatus: Delivered
2026-03-26 11:38:44.656 +01:00 [INF] [tc-factor-valid-01] === COLUMN 6: OUTPUT HANDLER (Steps 6A-6B) ===
2026-03-26 11:38:44.658 +01:00 [INF] [tc-factor-valid-01] ✓ Step 6A: Doorzetten naar raw-layer
2026-03-26 11:38:44.678 +01:00 [INF] [tc-factor-valid-01] ✓ Step 6B: Registreer afleverstatus: Delivered
2026-03-26 11:38:45.533 +01:00 [INF] [tc-agg-valid-01] === COLUMN 6: OUTPUT HANDLER (Steps 6A-6B) ===
2026-03-26 11:38:45.700 +01:00 [INF] [tc-agg-valid-01] ✓ Step 6A: Doorzetten naar raw-layer
2026-03-26 11:38:45.770 +01:00 [INF] [tc-agg-valid-01] ✓ Step 6B: Registreer afleverstatus: Delivered
2026-03-26 11:38:46.580 +01:00 [INF] [tc-ean-empty-01] === COLUMN 6: OUTPUT HANDLER (Steps 6A-6B) ===
2026-03-26 11:38:46.582 +01:00 [INF] [tc-ean-empty-01] ✓ Step 6A: Doorzetten naar raw-layer
2026-03-26 11:38:46.604 +01:00 [INF] [tc-ean-empty-01] ✓ Step 6B: Registreer afleverstatus: Failed
2026-03-26 11:38:47.504 +01:00 [INF] [tc-ean-short-01] === COLUMN 6: OUTPUT HANDLER (Steps 6A-6B) ===
2026-03-26 11:38:47.505 +01:00 [INF] [tc-ean-short-01] ✓ Step 6A: Doorzetten naar raw-layer
2026-03-26 11:38:47.528 +01:00 [INF] [tc-ean-short-01] ✓ Step 6B: Registreer afleverstatus: Delivered
2026-03-26 11:38:48.300 +01:00 [INF] [tc-ean-alpha-01] === COLUMN 6: OUTPUT HANDLER (Steps 6A-6B) ===
2026-03-26 11:38:48.302 +01:00 [INF] [tc-ean-alpha-01] ✓ Step 6A: Doorzetten naar raw-layer
2026-03-26 11:38:48.322 +01:00 [INF] [tc-ean-alpha-01] ✓ Step 6B: Registreer afleverstatus: Delivered
2026-03-26 11:39:03.171 +01:00 [INF] [tc-alloc-valid-01] === COLUMN 6: OUTPUT HANDLER (Steps 6A-6B) ===
2026-03-26 11:39:03.172 +01:00 [INF] [tc-alloc-valid-01] ✓ Step 6A: Doorzetten naar raw-layer
2026-03-26 11:39:03.194 +01:00 [INF] [tc-alloc-valid-01] ✓ Step 6B: Registreer afleverstatus: Delivered
2026-03-26 11:39:04.182 +01:00 [INF] [tc-alloc-valid-02] === COLUMN 6: OUTPUT HANDLER (Steps 6A-6B) ===
2026-03-26 11:39:04.184 +01:00 [INF] [tc-alloc-valid-02] ✓ Step 6A: Doorzetten naar raw-layer
2026-03-26 11:39:04.204 +01:00 [INF] [tc-alloc-valid-02] ✓ Step 6B: Registreer afleverstatus: Delivered
2026-03-26 11:39:05.078 +01:00 [INF] [tc-factor-valid-01] === COLUMN 6: OUTPUT HANDLER (Steps 6A-6B) ===
2026-03-26 11:39:05.080 +01:00 [INF] [tc-factor-valid-01] ✓ Step 6A: Doorzetten naar raw-layer
2026-03-26 11:39:05.098 +01:00 [INF] [tc-factor-valid-01] ✓ Step 6B: Registreer afleverstatus: Delivered
2026-03-26 11:39:06.116 +01:00 [INF] [tc-agg-valid-01] === COLUMN 6: OUTPUT HANDLER (Steps 6A-6B) ===
2026-03-26 11:39:06.119 +01:00 [INF] [tc-agg-valid-01] ✓ Step 6A: Doorzetten naar raw-layer
2026-03-26 11:39:06.140 +01:00 [INF] [tc-agg-valid-01] ✓ Step 6B: Registreer afleverstatus: Delivered
2026-03-26 11:39:07.057 +01:00 [INF] [tc-ean-empty-01] === COLUMN 6: OUTPUT HANDLER (Steps 6A-6B) ===
2026-03-26 11:39:07.058 +01:00 [INF] [tc-ean-empty-01] ✓ Step 6A: Doorzetten naar raw-layer
2026-03-26 11:39:07.080 +01:00 [INF] [tc-ean-empty-01] ✓ Step 6B: Registreer afleverstatus: Failed
2026-03-26 11:39:07.957 +01:00 [INF] [tc-ean-alpha-01] === COLUMN 6: OUTPUT HANDLER (Steps 6A-6B) ===
2026-03-26 11:39:07.958 +01:00 [INF] [tc-ean-alpha-01] ✓ Step 6A: Doorzetten naar raw-layer
2026-03-26 11:39:07.980 +01:00 [INF] [tc-ean-alpha-01] ✓ Step 6B: Registreer afleverstatus: Delivered
2026-03-26 11:41:44.911 +01:00 [INF] [alloc-valid-01-114144] === COLUMN 6: OUTPUT HANDLER (Steps 6A-6B) ===
2026-03-26 11:41:44.912 +01:00 [INF] [alloc-valid-01-114144] ✓ Step 6A: Doorzetten naar raw-layer
2026-03-26 11:41:44.932 +01:00 [INF] [alloc-valid-01-114144] ✓ Step 6B: Registreer afleverstatus: Delivered
2026-03-26 11:41:45.749 +01:00 [INF] [alloc-valid-02-114144] === COLUMN 6: OUTPUT HANDLER (Steps 6A-6B) ===
2026-03-26 11:41:45.750 +01:00 [INF] [alloc-valid-02-114144] ✓ Step 6A: Doorzetten naar raw-layer
2026-03-26 11:41:45.773 +01:00 [INF] [alloc-valid-02-114144] ✓ Step 6B: Registreer afleverstatus: Delivered
2026-03-26 11:41:46.615 +01:00 [INF] [alloc-valid-03-114144] === COLUMN 6: OUTPUT HANDLER (Steps 6A-6B) ===
2026-03-26 11:41:46.616 +01:00 [INF] [alloc-valid-03-114144] ✓ Step 6A: Doorzetten naar raw-layer
2026-03-26 11:41:46.637 +01:00 [INF] [alloc-valid-03-114144] ✓ Step 6B: Registreer afleverstatus: Delivered
2026-03-26 11:41:47.457 +01:00 [INF] [factor-valid-01-114144] === COLUMN 6: OUTPUT HANDLER (Steps 6A-6B) ===
2026-03-26 11:41:47.459 +01:00 [INF] [factor-valid-01-114144] ✓ Step 6A: Doorzetten naar raw-layer
2026-03-26 11:41:47.480 +01:00 [INF] [factor-valid-01-114144] ✓ Step 6B: Registreer afleverstatus: Delivered
2026-03-26 11:41:48.309 +01:00 [INF] [agg-valid-01-114144] === COLUMN 6: OUTPUT HANDLER (Steps 6A-6B) ===
2026-03-26 11:41:48.310 +01:00 [INF] [agg-valid-01-114144] ✓ Step 6A: Doorzetten naar raw-layer
2026-03-26 11:41:48.330 +01:00 [INF] [agg-valid-01-114144] ✓ Step 6B: Registreer afleverstatus: Delivered
2026-03-26 11:41:49.136 +01:00 [INF] [agg-valid-02-114144] === COLUMN 6: OUTPUT HANDLER (Steps 6A-6B) ===
2026-03-26 11:41:49.138 +01:00 [INF] [agg-valid-02-114144] ✓ Step 6A: Doorzetten naar raw-layer
2026-03-26 11:41:49.161 +01:00 [INF] [agg-valid-02-114144] ✓ Step 6B: Registreer afleverstatus: Delivered
2026-03-26 11:41:50.007 +01:00 [INF] [ean-empty-01-114144] === COLUMN 6: OUTPUT HANDLER (Steps 6A-6B) ===
2026-03-26 11:41:50.009 +01:00 [INF] [ean-empty-01-114144] ✓ Step 6A: Doorzetten naar raw-layer
2026-03-26 11:41:50.029 +01:00 [INF] [ean-empty-01-114144] ✓ Step 6B: Registreer afleverstatus: Failed
2026-03-26 11:41:51.017 +01:00 [INF] [ean-empty-02-114144] === COLUMN 6: OUTPUT HANDLER (Steps 6A-6B) ===
2026-03-26 11:41:51.018 +01:00 [INF] [ean-empty-02-114144] ✓ Step 6A: Doorzetten naar raw-layer
2026-03-26 11:41:51.041 +01:00 [INF] [ean-empty-02-114144] ✓ Step 6B: Registreer afleverstatus: Failed
2026-03-26 11:41:51.858 +01:00 [INF] [ean-empty-03-114144] === COLUMN 6: OUTPUT HANDLER (Steps 6A-6B) ===
2026-03-26 11:41:51.859 +01:00 [INF] [ean-empty-03-114144] ✓ Step 6A: Doorzetten naar raw-layer
2026-03-26 11:41:51.881 +01:00 [INF] [ean-empty-03-114144] ✓ Step 6B: Registreer afleverstatus: Failed
2026-03-26 11:42:36.708 +01:00 [INF] [ean-empty-03-114144] === COLUMN 6: OUTPUT HANDLER (Steps 6A-6B) ===
2026-03-26 11:42:36.709 +01:00 [INF] [ean-empty-03-114144] ✓ Step 6A: Doorzetten naar raw-layer
2026-03-26 11:42:36.716 +01:00 [INF] [ean-empty-03-114144] ✓ Step 6B: Registreer afleverstatus: Failed
2026-03-26 12:36:04.255 +01:00 [INF] [test-valid-001] === COLUMN 6: OUTPUT HANDLER (Steps 6A-6B) ===
2026-03-26 12:36:04.285 +01:00 [INF] [test-valid-001] ✓ Step 6A: Doorzetten naar raw-layer
2026-03-26 12:36:04.290 +01:00 [INF] [test-valid-001] ✓ Step 6B: Registreer afleverstatus: Failed
2026-03-26 12:36:05.246 +01:00 [INF] [test-686-001] === COLUMN 6: OUTPUT HANDLER (Steps 6A-6B) ===
2026-03-26 12:36:05.246 +01:00 [INF] [test-686-001] ✓ Step 6A: Doorzetten naar raw-layer
2026-03-26 12:36:05.265 +01:00 [INF] [test-686-001] ✓ Step 6B: Registreer afleverstatus: Failed
2026-03-26 12:36:06.192 +01:00 [INF] [test-760-001] === COLUMN 6: OUTPUT HANDLER (Steps 6A-6B) ===
2026-03-26 12:36:06.193 +01:00 [INF] [test-760-001] ✓ Step 6A: Doorzetten naar raw-layer
2026-03-26 12:36:06.214 +01:00 [INF] [test-760-001] ✓ Step 6B: Registreer afleverstatus: Failed
2026-03-26 12:36:07.181 +01:00 [INF] [test-758-001] === COLUMN 6: OUTPUT HANDLER (Steps 6A-6B) ===
2026-03-26 12:36:07.181 +01:00 [INF] [test-758-001] ✓ Step 6A: Doorzetten naar raw-layer
2026-03-26 12:36:07.201 +01:00 [INF] [test-758-001] ✓ Step 6B: Registreer afleverstatus: Failed
2026-03-26 12:36:08.132 +01:00 [INF] [test-676-001] === COLUMN 6: OUTPUT HANDLER (Steps 6A-6B) ===
2026-03-26 12:36:08.133 +01:00 [INF] [test-676-001] ✓ Step 6A: Doorzetten naar raw-layer
2026-03-26 12:36:08.153 +01:00 [INF] [test-676-001] ✓ Step 6B: Registreer afleverstatus: Failed
2026-03-26 12:36:09.373 +01:00 [INF] [test-774-001] === COLUMN 6: OUTPUT HANDLER (Steps 6A-6B) ===
2026-03-26 12:36:09.374 +01:00 [INF] [test-774-001] ✓ Step 6A: Doorzetten naar raw-layer
2026-03-26 12:36:09.392 +01:00 [INF] [test-774-001] ✓ Step 6B: Registreer afleverstatus: Failed
2026-03-26 12:36:10.398 +01:00 [INF] [test-772-001] === COLUMN 6: OUTPUT HANDLER (Steps 6A-6B) ===
2026-03-26 12:36:10.398 +01:00 [INF] [test-772-001] ✓ Step 6A: Doorzetten naar raw-layer
2026-03-26 12:36:10.423 +01:00 [INF] [test-772-001] ✓ Step 6B: Registreer afleverstatus: Failed
2026-03-26 12:36:11.393 +01:00 [INF] [test-773-001] === COLUMN 6: OUTPUT HANDLER (Steps 6A-6B) ===
2026-03-26 12:36:11.393 +01:00 [INF] [test-773-001] ✓ Step 6A: Doorzetten naar raw-layer
2026-03-26 12:36:11.416 +01:00 [INF] [test-773-001] ✓ Step 6B: Registreer afleverstatus: Failed
2026-03-26 12:36:12.356 +01:00 [INF] [test-755-001] === COLUMN 6: OUTPUT HANDLER (Steps 6A-6B) ===
2026-03-26 12:36:12.356 +01:00 [INF] [test-755-001] ✓ Step 6A: Doorzetten naar raw-layer
2026-03-26 12:36:12.377 +01:00 [INF] [test-755-001] ✓ Step 6B: Registreer afleverstatus: Failed
2026-03-26 12:36:13.350 +01:00 [INF] [test-758-002] === COLUMN 6: OUTPUT HANDLER (Steps 6A-6B) ===
2026-03-26 12:36:13.350 +01:00 [INF] [test-758-002] ✓ Step 6A: Doorzetten naar raw-layer
2026-03-26 12:36:13.364 +01:00 [INF] [test-758-002] ✓ Step 6B: Registreer afleverstatus: Failed
2026-03-26 12:36:14.333 +01:00 [INF] [test-multi-001] === COLUMN 6: OUTPUT HANDLER (Steps 6A-6B) ===
2026-03-26 12:36:14.333 +01:00 [INF] [test-multi-001] ✓ Step 6A: Doorzetten naar raw-layer
2026-03-26 12:36:14.356 +01:00 [INF] [test-multi-001] ✓ Step 6B: Registreer afleverstatus: Failed
2026-03-26 12:36:56.678 +01:00 [INF] [quick-check-001] === COLUMN 6: OUTPUT HANDLER (Steps 6A-6B) ===
2026-03-26 12:36:56.678 +01:00 [INF] [quick-check-001] ✓ Step 6A: Doorzetten naar raw-layer
2026-03-26 12:36:56.701 +01:00 [INF] [quick-check-001] ✓ Step 6B: Registreer afleverstatus: Failed
2026-03-26 12:37:06.950 +01:00 [INF] [quick-check-002] === COLUMN 6: OUTPUT HANDLER (Steps 6A-6B) ===
2026-03-26 12:37:06.950 +01:00 [INF] [quick-check-002] ✓ Step 6A: Doorzetten naar raw-layer
2026-03-26 12:37:06.975 +01:00 [INF] [quick-check-002] ✓ Step 6B: Registreer afleverstatus: Failed
2026-03-26 12:38:03.864 +01:00 [INF] [t-valid] === COLUMN 6: OUTPUT HANDLER (Steps 6A-6B) ===
2026-03-26 12:38:03.864 +01:00 [INF] [t-valid] ✓ Step 6A: Doorzetten naar raw-layer
2026-03-26 12:38:03.884 +01:00 [INF] [t-valid] ✓ Step 6B: Registreer afleverstatus: Failed
2026-03-26 12:38:04.455 +01:00 [INF] [t-686] === COLUMN 6: OUTPUT HANDLER (Steps 6A-6B) ===
2026-03-26 12:38:04.455 +01:00 [INF] [t-686] ✓ Step 6A: Doorzetten naar raw-layer
2026-03-26 12:38:04.479 +01:00 [INF] [t-686] ✓ Step 6B: Registreer afleverstatus: Failed
2026-03-26 12:38:05.056 +01:00 [INF] [t-760] === COLUMN 6: OUTPUT HANDLER (Steps 6A-6B) ===
2026-03-26 12:38:05.056 +01:00 [INF] [t-760] ✓ Step 6A: Doorzetten naar raw-layer
2026-03-26 12:38:05.074 +01:00 [INF] [t-760] ✓ Step 6B: Registreer afleverstatus: Failed
2026-03-26 12:38:05.628 +01:00 [INF] [t-758] === COLUMN 6: OUTPUT HANDLER (Steps 6A-6B) ===
2026-03-26 12:38:05.628 +01:00 [INF] [t-758] ✓ Step 6A: Doorzetten naar raw-layer
2026-03-26 12:38:05.639 +01:00 [INF] [t-758] ✓ Step 6B: Registreer afleverstatus: Failed
2026-03-26 12:38:06.214 +01:00 [INF] [t-676] === COLUMN 6: OUTPUT HANDLER (Steps 6A-6B) ===
2026-03-26 12:38:06.214 +01:00 [INF] [t-676] ✓ Step 6A: Doorzetten naar raw-layer
2026-03-26 12:38:06.234 +01:00 [INF] [t-676] ✓ Step 6B: Registreer afleverstatus: Failed
2026-03-26 12:38:06.760 +01:00 [INF] [t-774] === COLUMN 6: OUTPUT HANDLER (Steps 6A-6B) ===
2026-03-26 12:38:06.761 +01:00 [INF] [t-774] ✓ Step 6A: Doorzetten naar raw-layer
2026-03-26 12:38:06.774 +01:00 [INF] [t-774] ✓ Step 6B: Registreer afleverstatus: Failed
2026-03-26 12:38:07.364 +01:00 [INF] [t-772] === COLUMN 6: OUTPUT HANDLER (Steps 6A-6B) ===
2026-03-26 12:38:07.364 +01:00 [INF] [t-772] ✓ Step 6A: Doorzetten naar raw-layer
2026-03-26 12:38:07.373 +01:00 [INF] [t-772] ✓ Step 6B: Registreer afleverstatus: Failed
2026-03-26 12:38:07.853 +01:00 [INF] [t-773] === COLUMN 6: OUTPUT HANDLER (Steps 6A-6B) ===
2026-03-26 12:38:07.853 +01:00 [INF] [t-773] ✓ Step 6A: Doorzetten naar raw-layer
2026-03-26 12:38:07.861 +01:00 [INF] [t-773] ✓ Step 6B: Registreer afleverstatus: Failed
2026-03-26 12:38:08.396 +01:00 [INF] [t-755] === COLUMN 6: OUTPUT HANDLER (Steps 6A-6B) ===
2026-03-26 12:38:08.396 +01:00 [INF] [t-755] ✓ Step 6A: Doorzetten naar raw-layer
2026-03-26 12:38:08.414 +01:00 [INF] [t-755] ✓ Step 6B: Registreer afleverstatus: Failed
2026-03-26 12:38:08.926 +01:00 [INF] [t-multi] === COLUMN 6: OUTPUT HANDLER (Steps 6A-6B) ===
2026-03-26 12:38:08.926 +01:00 [INF] [t-multi] ✓ Step 6A: Doorzetten naar raw-layer
2026-03-26 12:38:08.948 +01:00 [INF] [t-multi] ✓ Step 6B: Registreer afleverstatus: Failed
2026-03-26 12:38:17.456 +01:00 [INF] [case-686] === COLUMN 6: OUTPUT HANDLER (Steps 6A-6B) ===
2026-03-26 12:38:17.456 +01:00 [INF] [case-686] ✓ Step 6A: Doorzetten naar raw-layer
2026-03-26 12:38:17.474 +01:00 [INF] [case-686] ✓ Step 6B: Registreer afleverstatus: Failed
2026-03-26 12:38:18.006 +01:00 [INF] [case-760] === COLUMN 6: OUTPUT HANDLER (Steps 6A-6B) ===
2026-03-26 12:38:18.006 +01:00 [INF] [case-760] ✓ Step 6A: Doorzetten naar raw-layer
2026-03-26 12:38:18.030 +01:00 [INF] [case-760] ✓ Step 6B: Registreer afleverstatus: Failed
2026-03-26 12:38:18.545 +01:00 [INF] [case-772] === COLUMN 6: OUTPUT HANDLER (Steps 6A-6B) ===
2026-03-26 12:38:18.545 +01:00 [INF] [case-772] ✓ Step 6A: Doorzetten naar raw-layer
2026-03-26 12:38:18.559 +01:00 [INF] [case-772] ✓ Step 6B: Registreer afleverstatus: Failed
2026-03-26 12:38:19.093 +01:00 [INF] [case-676] === COLUMN 6: OUTPUT HANDLER (Steps 6A-6B) ===
2026-03-26 12:38:19.093 +01:00 [INF] [case-676] ✓ Step 6A: Doorzetten naar raw-layer
2026-03-26 12:38:19.116 +01:00 [INF] [case-676] ✓ Step 6B: Registreer afleverstatus: Failed
2026-03-26 12:38:19.668 +01:00 [INF] [case-multi] === COLUMN 6: OUTPUT HANDLER (Steps 6A-6B) ===
2026-03-26 12:38:19.668 +01:00 [INF] [case-multi] ✓ Step 6A: Doorzetten naar raw-layer
2026-03-26 12:38:19.689 +01:00 [INF] [case-multi] ✓ Step 6B: Registreer afleverstatus: Failed
2026-03-26 12:38:31.035 +01:00 [INF] [case-774] === COLUMN 6: OUTPUT HANDLER (Steps 6A-6B) ===
2026-03-26 12:38:31.035 +01:00 [INF] [case-774] ✓ Step 6A: Doorzetten naar raw-layer
2026-03-26 12:38:31.057 +01:00 [INF] [case-774] ✓ Step 6B: Registreer afleverstatus: Failed
2026-03-26 12:38:31.611 +01:00 [INF] [case-773] === COLUMN 6: OUTPUT HANDLER (Steps 6A-6B) ===
2026-03-26 12:38:31.611 +01:00 [INF] [case-773] ✓ Step 6A: Doorzetten naar raw-layer
2026-03-26 12:38:31.628 +01:00 [INF] [case-773] ✓ Step 6B: Registreer afleverstatus: Failed
2026-03-26 12:38:32.145 +01:00 [INF] [case-755] === COLUMN 6: OUTPUT HANDLER (Steps 6A-6B) ===
2026-03-26 12:38:32.145 +01:00 [INF] [case-755] ✓ Step 6A: Doorzetten naar raw-layer
2026-03-26 12:38:32.161 +01:00 [INF] [case-755] ✓ Step 6B: Registreer afleverstatus: Failed
2026-03-26 12:38:32.696 +01:00 [INF] [case-multi] === COLUMN 6: OUTPUT HANDLER (Steps 6A-6B) ===
2026-03-26 12:38:32.696 +01:00 [INF] [case-multi] ✓ Step 6A: Doorzetten naar raw-layer
2026-03-26 12:38:32.715 +01:00 [INF] [case-multi] ✓ Step 6B: Registreer afleverstatus: Failed
2026-03-26 12:38:41.939 +01:00 [INF] [case-multi] === COLUMN 6: OUTPUT HANDLER (Steps 6A-6B) ===
2026-03-26 12:38:41.939 +01:00 [INF] [case-multi] ✓ Step 6A: Doorzetten naar raw-layer
2026-03-26 12:38:41.949 +01:00 [INF] [case-multi] ✓ Step 6B: Registreer afleverstatus: Failed
2026-03-26 12:43:03.569 +01:00 [INF] [allcodes-650-20260326-124303] === COLUMN 6: OUTPUT HANDLER (Steps 6A-6B) ===
2026-03-26 12:43:03.569 +01:00 [INF] [allcodes-650-20260326-124303] ✓ Step 6A: Doorzetten naar raw-layer
2026-03-26 12:43:03.579 +01:00 [INF] [allcodes-650-20260326-124303] ✓ Step 6B: Registreer afleverstatus: Delivered
2026-03-26 12:43:04.440 +01:00 [INF] [allcodes-651-20260326-124303] === COLUMN 6: OUTPUT HANDLER (Steps 6A-6B) ===
2026-03-26 12:43:04.440 +01:00 [INF] [allcodes-651-20260326-124303] ✓ Step 6A: Doorzetten naar raw-layer
2026-03-26 12:43:04.447 +01:00 [INF] [allcodes-651-20260326-124303] ✓ Step 6B: Registreer afleverstatus: Delivered
2026-03-26 12:43:05.292 +01:00 [INF] [allcodes-652-20260326-124303] === COLUMN 6: OUTPUT HANDLER (Steps 6A-6B) ===
2026-03-26 12:43:05.292 +01:00 [INF] [allcodes-652-20260326-124303] ✓ Step 6A: Doorzetten naar raw-layer
2026-03-26 12:43:05.310 +01:00 [INF] [allcodes-652-20260326-124303] ✓ Step 6B: Registreer afleverstatus: Delivered
2026-03-26 12:43:06.104 +01:00 [INF] [allcodes-653-20260326-124303] === COLUMN 6: OUTPUT HANDLER (Steps 6A-6B) ===
2026-03-26 12:43:06.104 +01:00 [INF] [allcodes-653-20260326-124303] ✓ Step 6A: Doorzetten naar raw-layer
2026-03-26 12:43:06.111 +01:00 [INF] [allcodes-653-20260326-124303] ✓ Step 6B: Registreer afleverstatus: Delivered
2026-03-26 12:43:06.920 +01:00 [INF] [allcodes-654-20260326-124303] === COLUMN 6: OUTPUT HANDLER (Steps 6A-6B) ===
2026-03-26 12:43:06.920 +01:00 [INF] [allcodes-654-20260326-124303] ✓ Step 6A: Doorzetten naar raw-layer
2026-03-26 12:43:06.954 +01:00 [INF] [allcodes-654-20260326-124303] ✓ Step 6B: Registreer afleverstatus: Delivered
2026-03-26 12:43:07.771 +01:00 [INF] [allcodes-655-20260326-124303] === COLUMN 6: OUTPUT HANDLER (Steps 6A-6B) ===
2026-03-26 12:43:07.771 +01:00 [INF] [allcodes-655-20260326-124303] ✓ Step 6A: Doorzetten naar raw-layer
2026-03-26 12:43:07.778 +01:00 [INF] [allcodes-655-20260326-124303] ✓ Step 6B: Registreer afleverstatus: Delivered
2026-03-26 12:43:08.607 +01:00 [INF] [allcodes-656-20260326-124303] === COLUMN 6: OUTPUT HANDLER (Steps 6A-6B) ===
2026-03-26 12:43:08.607 +01:00 [INF] [allcodes-656-20260326-124303] ✓ Step 6A: Doorzetten naar raw-layer
2026-03-26 12:43:08.610 +01:00 [INF] [allcodes-656-20260326-124303] ✓ Step 6B: Registreer afleverstatus: Delivered
2026-03-26 12:43:09.451 +01:00 [INF] [allcodes-676-20260326-124303] === COLUMN 6: OUTPUT HANDLER (Steps 6A-6B) ===
2026-03-26 12:43:09.452 +01:00 [INF] [allcodes-676-20260326-124303] ✓ Step 6A: Doorzetten naar raw-layer
2026-03-26 12:43:09.461 +01:00 [INF] [allcodes-676-20260326-124303] ✓ Step 6B: Registreer afleverstatus: Delivered
2026-03-26 12:43:10.265 +01:00 [INF] [allcodes-677-20260326-124303] === COLUMN 6: OUTPUT HANDLER (Steps 6A-6B) ===
2026-03-26 12:43:10.265 +01:00 [INF] [allcodes-677-20260326-124303] ✓ Step 6A: Doorzetten naar raw-layer
2026-03-26 12:43:10.276 +01:00 [INF] [allcodes-677-20260326-124303] ✓ Step 6B: Registreer afleverstatus: Delivered
2026-03-26 12:43:11.087 +01:00 [INF] [allcodes-678-20260326-124303] === COLUMN 6: OUTPUT HANDLER (Steps 6A-6B) ===
2026-03-26 12:43:11.087 +01:00 [INF] [allcodes-678-20260326-124303] ✓ Step 6A: Doorzetten naar raw-layer
2026-03-26 12:43:11.110 +01:00 [INF] [allcodes-678-20260326-124303] ✓ Step 6B: Registreer afleverstatus: Delivered
2026-03-26 12:43:11.919 +01:00 [INF] [allcodes-679-20260326-124303] === COLUMN 6: OUTPUT HANDLER (Steps 6A-6B) ===
2026-03-26 12:43:11.919 +01:00 [INF] [allcodes-679-20260326-124303] ✓ Step 6A: Doorzetten naar raw-layer
2026-03-26 12:43:11.944 +01:00 [INF] [allcodes-679-20260326-124303] ✓ Step 6B: Registreer afleverstatus: Delivered
2026-03-26 12:43:12.763 +01:00 [INF] [allcodes-680-20260326-124303] === COLUMN 6: OUTPUT HANDLER (Steps 6A-6B) ===
2026-03-26 12:43:12.763 +01:00 [INF] [allcodes-680-20260326-124303] ✓ Step 6A: Doorzetten naar raw-layer
2026-03-26 12:43:12.776 +01:00 [INF] [allcodes-680-20260326-124303] ✓ Step 6B: Registreer afleverstatus: Delivered
2026-03-26 12:43:13.636 +01:00 [INF] [allcodes-686-20260326-124303] === COLUMN 6: OUTPUT HANDLER (Steps 6A-6B) ===
2026-03-26 12:43:13.636 +01:00 [INF] [allcodes-686-20260326-124303] ✓ Step 6A: Doorzetten naar raw-layer
2026-03-26 12:43:13.661 +01:00 [INF] [allcodes-686-20260326-124303] ✓ Step 6B: Registreer afleverstatus: Delivered
2026-03-26 12:43:14.469 +01:00 [INF] [allcodes-687-20260326-124303] === COLUMN 6: OUTPUT HANDLER (Steps 6A-6B) ===
2026-03-26 12:43:14.469 +01:00 [INF] [allcodes-687-20260326-124303] ✓ Step 6A: Doorzetten naar raw-layer
2026-03-26 12:43:14.493 +01:00 [INF] [allcodes-687-20260326-124303] ✓ Step 6B: Registreer afleverstatus: Delivered
2026-03-26 12:43:15.302 +01:00 [INF] [allcodes-688-20260326-124303] === COLUMN 6: OUTPUT HANDLER (Steps 6A-6B) ===
2026-03-26 12:43:15.302 +01:00 [INF] [allcodes-688-20260326-124303] ✓ Step 6A: Doorzetten naar raw-layer
2026-03-26 12:43:15.310 +01:00 [INF] [allcodes-688-20260326-124303] ✓ Step 6B: Registreer afleverstatus: Delivered
2026-03-26 12:43:16.150 +01:00 [INF] [allcodes-689-20260326-124303] === COLUMN 6: OUTPUT HANDLER (Steps 6A-6B) ===
2026-03-26 12:43:16.150 +01:00 [INF] [allcodes-689-20260326-124303] ✓ Step 6A: Doorzetten naar raw-layer
2026-03-26 12:43:16.160 +01:00 [INF] [allcodes-689-20260326-124303] ✓ Step 6B: Registreer afleverstatus: Delivered
2026-03-26 12:43:16.984 +01:00 [INF] [allcodes-700-20260326-124303] === COLUMN 6: OUTPUT HANDLER (Steps 6A-6B) ===
2026-03-26 12:43:16.984 +01:00 [INF] [allcodes-700-20260326-124303] ✓ Step 6A: Doorzetten naar raw-layer
2026-03-26 12:43:17.010 +01:00 [INF] [allcodes-700-20260326-124303] ✓ Step 6B: Registreer afleverstatus: Delivered
2026-03-26 12:43:17.853 +01:00 [INF] [allcodes-701-20260326-124303] === COLUMN 6: OUTPUT HANDLER (Steps 6A-6B) ===
2026-03-26 12:43:17.853 +01:00 [INF] [allcodes-701-20260326-124303] ✓ Step 6A: Doorzetten naar raw-layer
2026-03-26 12:43:17.860 +01:00 [INF] [allcodes-701-20260326-124303] ✓ Step 6B: Registreer afleverstatus: Delivered
2026-03-26 12:43:18.667 +01:00 [INF] [allcodes-702-20260326-124303] === COLUMN 6: OUTPUT HANDLER (Steps 6A-6B) ===
2026-03-26 12:43:18.667 +01:00 [INF] [allcodes-702-20260326-124303] ✓ Step 6A: Doorzetten naar raw-layer
2026-03-26 12:43:18.693 +01:00 [INF] [allcodes-702-20260326-124303] ✓ Step 6B: Registreer afleverstatus: Delivered
2026-03-26 12:43:19.520 +01:00 [INF] [allcodes-754-20260326-124303] === COLUMN 6: OUTPUT HANDLER (Steps 6A-6B) ===
2026-03-26 12:43:19.520 +01:00 [INF] [allcodes-754-20260326-124303] ✓ Step 6A: Doorzetten naar raw-layer
2026-03-26 12:43:19.543 +01:00 [INF] [allcodes-754-20260326-124303] ✓ Step 6B: Registreer afleverstatus: Delivered
2026-03-26 12:43:20.366 +01:00 [INF] [allcodes-755-20260326-124303] === COLUMN 6: OUTPUT HANDLER (Steps 6A-6B) ===
2026-03-26 12:43:20.366 +01:00 [INF] [allcodes-755-20260326-124303] ✓ Step 6A: Doorzetten naar raw-layer
2026-03-26 12:43:20.376 +01:00 [INF] [allcodes-755-20260326-124303] ✓ Step 6B: Registreer afleverstatus: Delivered
2026-03-26 12:43:21.203 +01:00 [INF] [allcodes-756-20260326-124303] === COLUMN 6: OUTPUT HANDLER (Steps 6A-6B) ===
2026-03-26 12:43:21.203 +01:00 [INF] [allcodes-756-20260326-124303] ✓ Step 6A: Doorzetten naar raw-layer
2026-03-26 12:43:21.209 +01:00 [INF] [allcodes-756-20260326-124303] ✓ Step 6B: Registreer afleverstatus: Delivered
2026-03-26 12:43:22.055 +01:00 [INF] [allcodes-758-20260326-124303] === COLUMN 6: OUTPUT HANDLER (Steps 6A-6B) ===
2026-03-26 12:43:22.055 +01:00 [INF] [allcodes-758-20260326-124303] ✓ Step 6A: Doorzetten naar raw-layer
2026-03-26 12:43:22.059 +01:00 [INF] [allcodes-758-20260326-124303] ✓ Step 6B: Registreer afleverstatus: Delivered
2026-03-26 12:43:22.866 +01:00 [INF] [allcodes-759-20260326-124303] === COLUMN 6: OUTPUT HANDLER (Steps 6A-6B) ===
2026-03-26 12:43:22.867 +01:00 [INF] [allcodes-759-20260326-124303] ✓ Step 6A: Doorzetten naar raw-layer
2026-03-26 12:43:22.890 +01:00 [INF] [allcodes-759-20260326-124303] ✓ Step 6B: Registreer afleverstatus: Delivered
2026-03-26 12:43:23.696 +01:00 [INF] [allcodes-760-20260326-124303] === COLUMN 6: OUTPUT HANDLER (Steps 6A-6B) ===
2026-03-26 12:43:23.696 +01:00 [INF] [allcodes-760-20260326-124303] ✓ Step 6A: Doorzetten naar raw-layer
2026-03-26 12:43:23.710 +01:00 [INF] [allcodes-760-20260326-124303] ✓ Step 6B: Registreer afleverstatus: Delivered
2026-03-26 12:43:24.551 +01:00 [INF] [allcodes-772-20260326-124303] === COLUMN 6: OUTPUT HANDLER (Steps 6A-6B) ===
2026-03-26 12:43:24.551 +01:00 [INF] [allcodes-772-20260326-124303] ✓ Step 6A: Doorzetten naar raw-layer
2026-03-26 12:43:24.558 +01:00 [INF] [allcodes-772-20260326-124303] ✓ Step 6B: Registreer afleverstatus: Delivered
2026-03-26 12:43:25.391 +01:00 [INF] [allcodes-773-20260326-124303] === COLUMN 6: OUTPUT HANDLER (Steps 6A-6B) ===
2026-03-26 12:43:25.391 +01:00 [INF] [allcodes-773-20260326-124303] ✓ Step 6A: Doorzetten naar raw-layer
2026-03-26 12:43:25.410 +01:00 [INF] [allcodes-773-20260326-124303] ✓ Step 6B: Registreer afleverstatus: Delivered
2026-03-26 12:43:26.233 +01:00 [INF] [allcodes-774-20260326-124303] === COLUMN 6: OUTPUT HANDLER (Steps 6A-6B) ===
2026-03-26 12:43:26.233 +01:00 [INF] [allcodes-774-20260326-124303] ✓ Step 6A: Doorzetten naar raw-layer
2026-03-26 12:43:26.243 +01:00 [INF] [allcodes-774-20260326-124303] ✓ Step 6B: Registreer afleverstatus: Delivered
2026-03-26 12:43:27.015 +01:00 [INF] [allcodes-775-20260326-124303] === COLUMN 6: OUTPUT HANDLER (Steps 6A-6B) ===
2026-03-26 12:43:27.015 +01:00 [INF] [allcodes-775-20260326-124303] ✓ Step 6A: Doorzetten naar raw-layer
2026-03-26 12:43:27.026 +01:00 [INF] [allcodes-775-20260326-124303] ✓ Step 6B: Registreer afleverstatus: Delivered
2026-03-26 12:43:27.854 +01:00 [INF] [allcodes-780-20260326-124303] === COLUMN 6: OUTPUT HANDLER (Steps 6A-6B) ===
2026-03-26 12:43:27.854 +01:00 [INF] [allcodes-780-20260326-124303] ✓ Step 6A: Doorzetten naar raw-layer
2026-03-26 12:43:27.876 +01:00 [INF] [allcodes-780-20260326-124303] ✓ Step 6B: Registreer afleverstatus: Delivered
2026-03-26 12:43:28.704 +01:00 [INF] [allcodes-781-20260326-124303] === COLUMN 6: OUTPUT HANDLER (Steps 6A-6B) ===
2026-03-26 12:43:28.704 +01:00 [INF] [allcodes-781-20260326-124303] ✓ Step 6A: Doorzetten naar raw-layer
2026-03-26 12:43:28.707 +01:00 [INF] [allcodes-781-20260326-124303] ✓ Step 6B: Registreer afleverstatus: Delivered
2026-03-26 12:43:29.520 +01:00 [INF] [allcodes-782-20260326-124303] === COLUMN 6: OUTPUT HANDLER (Steps 6A-6B) ===
2026-03-26 12:43:29.520 +01:00 [INF] [allcodes-782-20260326-124303] ✓ Step 6A: Doorzetten naar raw-layer
2026-03-26 12:43:29.542 +01:00 [INF] [allcodes-782-20260326-124303] ✓ Step 6B: Registreer afleverstatus: Delivered
2026-03-26 12:43:30.366 +01:00 [INF] [allcodes-999-20260326-124303] === COLUMN 6: OUTPUT HANDLER (Steps 6A-6B) ===
2026-03-26 12:43:30.366 +01:00 [INF] [allcodes-999-20260326-124303] ✓ Step 6A: Doorzetten naar raw-layer
2026-03-26 12:43:30.378 +01:00 [INF] [allcodes-999-20260326-124303] ✓ Step 6B: Registreer afleverstatus: Delivered
2026-03-26 12:49:21.718 +01:00 [INF] [allcodes-650-20260326-124920] === COLUMN 6: OUTPUT HANDLER (Steps 6A-6B) ===
2026-03-26 12:49:21.750 +01:00 [INF] [allcodes-650-20260326-124920] ✓ Step 6A: Doorzetten naar raw-layer
2026-03-26 12:49:21.776 +01:00 [INF] [allcodes-650-20260326-124920] ✓ Step 6B: Registreer afleverstatus: Failed
2026-03-26 12:49:22.655 +01:00 [INF] [allcodes-651-20260326-124920] === COLUMN 6: OUTPUT HANDLER (Steps 6A-6B) ===
2026-03-26 12:49:22.657 +01:00 [INF] [allcodes-651-20260326-124920] ✓ Step 6A: Doorzetten naar raw-layer
2026-03-26 12:49:22.677 +01:00 [INF] [allcodes-651-20260326-124920] ✓ Step 6B: Registreer afleverstatus: Failed
2026-03-26 12:49:23.553 +01:00 [INF] [allcodes-652-20260326-124920] === COLUMN 6: OUTPUT HANDLER (Steps 6A-6B) ===
2026-03-26 12:49:23.555 +01:00 [INF] [allcodes-652-20260326-124920] ✓ Step 6A: Doorzetten naar raw-layer
2026-03-26 12:49:23.576 +01:00 [INF] [allcodes-652-20260326-124920] ✓ Step 6B: Registreer afleverstatus: Failed
2026-03-26 12:49:24.451 +01:00 [INF] [allcodes-653-20260326-124920] === COLUMN 6: OUTPUT HANDLER (Steps 6A-6B) ===
2026-03-26 12:49:24.453 +01:00 [INF] [allcodes-653-20260326-124920] ✓ Step 6A: Doorzetten naar raw-layer
2026-03-26 12:49:24.477 +01:00 [INF] [allcodes-653-20260326-124920] ✓ Step 6B: Registreer afleverstatus: Failed
2026-03-26 12:49:25.353 +01:00 [INF] [allcodes-654-20260326-124920] === COLUMN 6: OUTPUT HANDLER (Steps 6A-6B) ===
2026-03-26 12:49:25.355 +01:00 [INF] [allcodes-654-20260326-124920] ✓ Step 6A: Doorzetten naar raw-layer
2026-03-26 12:49:25.377 +01:00 [INF] [allcodes-654-20260326-124920] ✓ Step 6B: Registreer afleverstatus: Failed
2026-03-26 12:49:26.252 +01:00 [INF] [allcodes-655-20260326-124920] === COLUMN 6: OUTPUT HANDLER (Steps 6A-6B) ===
2026-03-26 12:49:26.253 +01:00 [INF] [allcodes-655-20260326-124920] ✓ Step 6A: Doorzetten naar raw-layer
2026-03-26 12:49:26.276 +01:00 [INF] [allcodes-655-20260326-124920] ✓ Step 6B: Registreer afleverstatus: Failed
2026-03-26 12:49:27.168 +01:00 [INF] [allcodes-656-20260326-124920] === COLUMN 6: OUTPUT HANDLER (Steps 6A-6B) ===
2026-03-26 12:49:27.169 +01:00 [INF] [allcodes-656-20260326-124920] ✓ Step 6A: Doorzetten naar raw-layer
2026-03-26 12:49:27.184 +01:00 [INF] [allcodes-656-20260326-124920] ✓ Step 6B: Registreer afleverstatus: Failed
2026-03-26 12:49:28.036 +01:00 [INF] [allcodes-676-20260326-124920] === COLUMN 6: OUTPUT HANDLER (Steps 6A-6B) ===
2026-03-26 12:49:28.038 +01:00 [INF] [allcodes-676-20260326-124920] ✓ Step 6A: Doorzetten naar raw-layer
2026-03-26 12:49:28.046 +01:00 [INF] [allcodes-676-20260326-124920] ✓ Step 6B: Registreer afleverstatus: Failed
2026-03-26 12:49:28.853 +01:00 [INF] [allcodes-677-20260326-124920] === COLUMN 6: OUTPUT HANDLER (Steps 6A-6B) ===
2026-03-26 12:49:28.855 +01:00 [INF] [allcodes-677-20260326-124920] ✓ Step 6A: Doorzetten naar raw-layer
2026-03-26 12:49:28.875 +01:00 [INF] [allcodes-677-20260326-124920] ✓ Step 6B: Registreer afleverstatus: Failed
2026-03-26 12:49:29.703 +01:00 [INF] [allcodes-678-20260326-124920] === COLUMN 6: OUTPUT HANDLER (Steps 6A-6B) ===
2026-03-26 12:49:29.705 +01:00 [INF] [allcodes-678-20260326-124920] ✓ Step 6A: Doorzetten naar raw-layer
2026-03-26 12:49:29.727 +01:00 [INF] [allcodes-678-20260326-124920] ✓ Step 6B: Registreer afleverstatus: Failed
2026-03-26 12:49:30.601 +01:00 [INF] [allcodes-679-20260326-124920] === COLUMN 6: OUTPUT HANDLER (Steps 6A-6B) ===
2026-03-26 12:49:30.603 +01:00 [INF] [allcodes-679-20260326-124920] ✓ Step 6A: Doorzetten naar raw-layer
2026-03-26 12:49:30.625 +01:00 [INF] [allcodes-679-20260326-124920] ✓ Step 6B: Registreer afleverstatus: Failed
2026-03-26 12:49:31.518 +01:00 [INF] [allcodes-680-20260326-124920] === COLUMN 6: OUTPUT HANDLER (Steps 6A-6B) ===
2026-03-26 12:49:31.519 +01:00 [INF] [allcodes-680-20260326-124920] ✓ Step 6A: Doorzetten naar raw-layer
2026-03-26 12:49:31.534 +01:00 [INF] [allcodes-680-20260326-124920] ✓ Step 6B: Registreer afleverstatus: Failed
2026-03-26 12:49:32.403 +01:00 [INF] [allcodes-686-20260326-124920] === COLUMN 6: OUTPUT HANDLER (Steps 6A-6B) ===
2026-03-26 12:49:32.404 +01:00 [INF] [allcodes-686-20260326-124920] ✓ Step 6A: Doorzetten naar raw-layer
2026-03-26 12:49:32.426 +01:00 [INF] [allcodes-686-20260326-124920] ✓ Step 6B: Registreer afleverstatus: Failed
2026-03-26 12:49:33.266 +01:00 [INF] [allcodes-687-20260326-124920] === COLUMN 6: OUTPUT HANDLER (Steps 6A-6B) ===
2026-03-26 12:49:33.267 +01:00 [INF] [allcodes-687-20260326-124920] ✓ Step 6A: Doorzetten naar raw-layer
2026-03-26 12:49:33.278 +01:00 [INF] [allcodes-687-20260326-124920] ✓ Step 6B: Registreer afleverstatus: Failed
2026-03-26 12:49:34.085 +01:00 [INF] [allcodes-688-20260326-124920] === COLUMN 6: OUTPUT HANDLER (Steps 6A-6B) ===
2026-03-26 12:49:34.087 +01:00 [INF] [allcodes-688-20260326-124920] ✓ Step 6A: Doorzetten naar raw-layer
2026-03-26 12:49:34.093 +01:00 [INF] [allcodes-688-20260326-124920] ✓ Step 6B: Registreer afleverstatus: Failed
2026-03-26 12:49:34.950 +01:00 [INF] [allcodes-689-20260326-124920] === COLUMN 6: OUTPUT HANDLER (Steps 6A-6B) ===
2026-03-26 12:49:34.952 +01:00 [INF] [allcodes-689-20260326-124920] ✓ Step 6A: Doorzetten naar raw-layer
2026-03-26 12:49:34.967 +01:00 [INF] [allcodes-689-20260326-124920] ✓ Step 6B: Registreer afleverstatus: Failed
2026-03-26 12:49:35.884 +01:00 [INF] [allcodes-700-20260326-124920] === COLUMN 6: OUTPUT HANDLER (Steps 6A-6B) ===
2026-03-26 12:49:35.886 +01:00 [INF] [allcodes-700-20260326-124920] ✓ Step 6A: Doorzetten naar raw-layer
2026-03-26 12:49:35.903 +01:00 [INF] [allcodes-700-20260326-124920] ✓ Step 6B: Registreer afleverstatus: Failed
2026-03-26 12:49:36.786 +01:00 [INF] [allcodes-701-20260326-124920] === COLUMN 6: OUTPUT HANDLER (Steps 6A-6B) ===
2026-03-26 12:49:36.787 +01:00 [INF] [allcodes-701-20260326-124920] ✓ Step 6A: Doorzetten naar raw-layer
2026-03-26 12:49:36.794 +01:00 [INF] [allcodes-701-20260326-124920] ✓ Step 6B: Registreer afleverstatus: Failed
2026-03-26 12:49:37.619 +01:00 [INF] [allcodes-702-20260326-124920] === COLUMN 6: OUTPUT HANDLER (Steps 6A-6B) ===
2026-03-26 12:49:37.620 +01:00 [INF] [allcodes-702-20260326-124920] ✓ Step 6A: Doorzetten naar raw-layer
2026-03-26 12:49:37.636 +01:00 [INF] [allcodes-702-20260326-124920] ✓ Step 6B: Registreer afleverstatus: Failed
2026-03-26 12:49:38.482 +01:00 [INF] [allcodes-754-20260326-124920] === COLUMN 6: OUTPUT HANDLER (Steps 6A-6B) ===
2026-03-26 12:49:38.483 +01:00 [INF] [allcodes-754-20260326-124920] ✓ Step 6A: Doorzetten naar raw-layer
2026-03-26 12:49:38.493 +01:00 [INF] [allcodes-754-20260326-124920] ✓ Step 6B: Registreer afleverstatus: Failed
2026-03-26 12:49:39.319 +01:00 [INF] [allcodes-755-20260326-124920] === COLUMN 6: OUTPUT HANDLER (Steps 6A-6B) ===
2026-03-26 12:49:39.321 +01:00 [INF] [allcodes-755-20260326-124920] ✓ Step 6A: Doorzetten naar raw-layer
2026-03-26 12:49:39.330 +01:00 [INF] [allcodes-755-20260326-124920] ✓ Step 6B: Registreer afleverstatus: Failed
2026-03-26 12:49:40.144 +01:00 [INF] [allcodes-756-20260326-124920] === COLUMN 6: OUTPUT HANDLER (Steps 6A-6B) ===
2026-03-26 12:49:40.145 +01:00 [INF] [allcodes-756-20260326-124920] ✓ Step 6A: Doorzetten naar raw-layer
2026-03-26 12:49:40.157 +01:00 [INF] [allcodes-756-20260326-124920] ✓ Step 6B: Registreer afleverstatus: Failed
2026-03-26 12:49:40.974 +01:00 [INF] [allcodes-758-20260326-124920] === COLUMN 6: OUTPUT HANDLER (Steps 6A-6B) ===
2026-03-26 12:49:40.975 +01:00 [INF] [allcodes-758-20260326-124920] ✓ Step 6A: Doorzetten naar raw-layer
2026-03-26 12:49:40.998 +01:00 [INF] [allcodes-758-20260326-124920] ✓ Step 6B: Registreer afleverstatus: Failed
2026-03-26 12:49:41.798 +01:00 [INF] [allcodes-759-20260326-124920] === COLUMN 6: OUTPUT HANDLER (Steps 6A-6B) ===
2026-03-26 12:49:41.800 +01:00 [INF] [allcodes-759-20260326-124920] ✓ Step 6A: Doorzetten naar raw-layer
2026-03-26 12:49:41.822 +01:00 [INF] [allcodes-759-20260326-124920] ✓ Step 6B: Registreer afleverstatus: Failed
2026-03-26 12:49:42.735 +01:00 [INF] [allcodes-760-20260326-124920] === COLUMN 6: OUTPUT HANDLER (Steps 6A-6B) ===
2026-03-26 12:49:42.737 +01:00 [INF] [allcodes-760-20260326-124920] ✓ Step 6A: Doorzetten naar raw-layer
2026-03-26 12:49:42.741 +01:00 [INF] [allcodes-760-20260326-124920] ✓ Step 6B: Registreer afleverstatus: Failed
2026-03-26 12:49:43.538 +01:00 [INF] [allcodes-772-20260326-124920] === COLUMN 6: OUTPUT HANDLER (Steps 6A-6B) ===
2026-03-26 12:49:43.540 +01:00 [INF] [allcodes-772-20260326-124920] ✓ Step 6A: Doorzetten naar raw-layer
2026-03-26 12:49:43.557 +01:00 [INF] [allcodes-772-20260326-124920] ✓ Step 6B: Registreer afleverstatus: Failed
2026-03-26 12:49:44.381 +01:00 [INF] [allcodes-773-20260326-124920] === COLUMN 6: OUTPUT HANDLER (Steps 6A-6B) ===
2026-03-26 12:49:44.383 +01:00 [INF] [allcodes-773-20260326-124920] ✓ Step 6A: Doorzetten naar raw-layer
2026-03-26 12:49:44.398 +01:00 [INF] [allcodes-773-20260326-124920] ✓ Step 6B: Registreer afleverstatus: Failed
2026-03-26 12:49:45.251 +01:00 [INF] [allcodes-774-20260326-124920] === COLUMN 6: OUTPUT HANDLER (Steps 6A-6B) ===
2026-03-26 12:49:45.253 +01:00 [INF] [allcodes-774-20260326-124920] ✓ Step 6A: Doorzetten naar raw-layer
2026-03-26 12:49:45.259 +01:00 [INF] [allcodes-774-20260326-124920] ✓ Step 6B: Registreer afleverstatus: Failed
2026-03-26 12:49:46.103 +01:00 [INF] [allcodes-775-20260326-124920] === COLUMN 6: OUTPUT HANDLER (Steps 6A-6B) ===
2026-03-26 12:49:46.104 +01:00 [INF] [allcodes-775-20260326-124920] ✓ Step 6A: Doorzetten naar raw-layer
2026-03-26 12:49:46.117 +01:00 [INF] [allcodes-775-20260326-124920] ✓ Step 6B: Registreer afleverstatus: Failed
2026-03-26 12:49:46.949 +01:00 [INF] [allcodes-780-20260326-124920] === COLUMN 6: OUTPUT HANDLER (Steps 6A-6B) ===
2026-03-26 12:49:46.951 +01:00 [INF] [allcodes-780-20260326-124920] ✓ Step 6A: Doorzetten naar raw-layer
2026-03-26 12:49:46.962 +01:00 [INF] [allcodes-780-20260326-124920] ✓ Step 6B: Registreer afleverstatus: Failed
2026-03-26 12:49:47.815 +01:00 [INF] [allcodes-781-20260326-124920] === COLUMN 6: OUTPUT HANDLER (Steps 6A-6B) ===
2026-03-26 12:49:47.816 +01:00 [INF] [allcodes-781-20260326-124920] ✓ Step 6A: Doorzetten naar raw-layer
2026-03-26 12:49:47.829 +01:00 [INF] [allcodes-781-20260326-124920] ✓ Step 6B: Registreer afleverstatus: Failed
2026-03-26 12:49:48.702 +01:00 [INF] [allcodes-782-20260326-124920] === COLUMN 6: OUTPUT HANDLER (Steps 6A-6B) ===
2026-03-26 12:49:48.703 +01:00 [INF] [allcodes-782-20260326-124920] ✓ Step 6A: Doorzetten naar raw-layer
2026-03-26 12:49:48.723 +01:00 [INF] [allcodes-782-20260326-124920] ✓ Step 6B: Registreer afleverstatus: Failed
2026-03-26 12:49:49.592 +01:00 [INF] [allcodes-999-20260326-124920] === COLUMN 6: OUTPUT HANDLER (Steps 6A-6B) ===
2026-03-26 12:49:49.593 +01:00 [INF] [allcodes-999-20260326-124920] ✓ Step 6A: Doorzetten naar raw-layer
2026-03-26 12:49:49.607 +01:00 [INF] [allcodes-999-20260326-124920] ✓ Step 6B: Registreer afleverstatus: Failed
2026-03-26 13:08:55.565 +01:00 [INF] [oh] [test-block-tag-130853] === COLUMN 6: OUTPUT HANDLER (Steps 6A-6B) ===
2026-03-26 13:08:55.607 +01:00 [INF] [oh] [test-block-tag-130853] ✓ Step 6A: Doorzetten naar raw-layer
2026-03-26 13:08:55.632 +01:00 [INF] [oh] [test-block-tag-130853] ✓ Step 6B: Registreer afleverstatus: Delivered
2026-03-26 13:10:17.825 +01:00 [INF] [oh] [allcodes-650-20260326-131017] === COLUMN 6: OUTPUT HANDLER (Steps 6A-6B) ===
2026-03-26 13:10:17.828 +01:00 [INF] [oh] [allcodes-650-20260326-131017] ✓ Step 6A: Doorzetten naar raw-layer
2026-03-26 13:10:17.854 +01:00 [INF] [oh] [allcodes-650-20260326-131017] ✓ Step 6B: Registreer afleverstatus: Failed
2026-03-26 13:10:18.966 +01:00 [INF] [oh] [allcodes-651-20260326-131017] === COLUMN 6: OUTPUT HANDLER (Steps 6A-6B) ===
2026-03-26 13:10:18.968 +01:00 [INF] [oh] [allcodes-651-20260326-131017] ✓ Step 6A: Doorzetten naar raw-layer
2026-03-26 13:10:18.986 +01:00 [INF] [oh] [allcodes-651-20260326-131017] ✓ Step 6B: Registreer afleverstatus: Failed
2026-03-26 13:10:20.076 +01:00 [INF] [oh] [allcodes-652-20260326-131017] === COLUMN 6: OUTPUT HANDLER (Steps 6A-6B) ===
2026-03-26 13:10:20.079 +01:00 [INF] [oh] [allcodes-652-20260326-131017] ✓ Step 6A: Doorzetten naar raw-layer
2026-03-26 13:10:20.101 +01:00 [INF] [oh] [allcodes-652-20260326-131017] ✓ Step 6B: Registreer afleverstatus: Failed
2026-03-26 13:10:21.135 +01:00 [INF] [oh] [allcodes-653-20260326-131017] === COLUMN 6: OUTPUT HANDLER (Steps 6A-6B) ===
2026-03-26 13:10:21.138 +01:00 [INF] [oh] [allcodes-653-20260326-131017] ✓ Step 6A: Doorzetten naar raw-layer
2026-03-26 13:10:21.152 +01:00 [INF] [oh] [allcodes-653-20260326-131017] ✓ Step 6B: Registreer afleverstatus: Failed
2026-03-26 13:10:22.135 +01:00 [INF] [oh] [allcodes-654-20260326-131017] === COLUMN 6: OUTPUT HANDLER (Steps 6A-6B) ===
2026-03-26 13:10:22.138 +01:00 [INF] [oh] [allcodes-654-20260326-131017] ✓ Step 6A: Doorzetten naar raw-layer
2026-03-26 13:10:22.153 +01:00 [INF] [oh] [allcodes-654-20260326-131017] ✓ Step 6B: Registreer afleverstatus: Failed
2026-03-26 13:10:23.226 +01:00 [INF] [oh] [allcodes-655-20260326-131017] === COLUMN 6: OUTPUT HANDLER (Steps 6A-6B) ===
2026-03-26 13:10:23.231 +01:00 [INF] [oh] [allcodes-655-20260326-131017] ✓ Step 6A: Doorzetten naar raw-layer
2026-03-26 13:10:23.251 +01:00 [INF] [oh] [allcodes-655-20260326-131017] ✓ Step 6B: Registreer afleverstatus: Failed
2026-03-26 13:10:24.326 +01:00 [INF] [oh] [allcodes-656-20260326-131017] === COLUMN 6: OUTPUT HANDLER (Steps 6A-6B) ===
2026-03-26 13:10:24.328 +01:00 [INF] [oh] [allcodes-656-20260326-131017] ✓ Step 6A: Doorzetten naar raw-layer
2026-03-26 13:10:24.347 +01:00 [INF] [oh] [allcodes-656-20260326-131017] ✓ Step 6B: Registreer afleverstatus: Failed
2026-03-26 13:10:25.364 +01:00 [INF] [oh] [allcodes-676-20260326-131017] === COLUMN 6: OUTPUT HANDLER (Steps 6A-6B) ===
2026-03-26 13:10:25.367 +01:00 [INF] [oh] [allcodes-676-20260326-131017] ✓ Step 6A: Doorzetten naar raw-layer
2026-03-26 13:10:25.391 +01:00 [INF] [oh] [allcodes-676-20260326-131017] ✓ Step 6B: Registreer afleverstatus: Failed
2026-03-26 13:10:26.342 +01:00 [INF] [oh] [allcodes-677-20260326-131017] === COLUMN 6: OUTPUT HANDLER (Steps 6A-6B) ===
2026-03-26 13:10:26.345 +01:00 [INF] [oh] [allcodes-677-20260326-131017] ✓ Step 6A: Doorzetten naar raw-layer
2026-03-26 13:10:26.363 +01:00 [INF] [oh] [allcodes-677-20260326-131017] ✓ Step 6B: Registreer afleverstatus: Failed
2026-03-26 13:10:27.304 +01:00 [INF] [oh] [allcodes-678-20260326-131017] === COLUMN 6: OUTPUT HANDLER (Steps 6A-6B) ===
2026-03-26 13:10:27.307 +01:00 [INF] [oh] [allcodes-678-20260326-131017] ✓ Step 6A: Doorzetten naar raw-layer
2026-03-26 13:10:27.324 +01:00 [INF] [oh] [allcodes-678-20260326-131017] ✓ Step 6B: Registreer afleverstatus: Failed
2026-03-26 13:10:28.339 +01:00 [INF] [oh] [allcodes-679-20260326-131017] === COLUMN 6: OUTPUT HANDLER (Steps 6A-6B) ===
2026-03-26 13:10:28.341 +01:00 [INF] [oh] [allcodes-679-20260326-131017] ✓ Step 6A: Doorzetten naar raw-layer
2026-03-26 13:10:28.360 +01:00 [INF] [oh] [allcodes-679-20260326-131017] ✓ Step 6B: Registreer afleverstatus: Failed
2026-03-26 13:10:29.423 +01:00 [INF] [oh] [allcodes-680-20260326-131017] === COLUMN 6: OUTPUT HANDLER (Steps 6A-6B) ===
2026-03-26 13:10:29.425 +01:00 [INF] [oh] [allcodes-680-20260326-131017] ✓ Step 6A: Doorzetten naar raw-layer
2026-03-26 13:10:29.440 +01:00 [INF] [oh] [allcodes-680-20260326-131017] ✓ Step 6B: Registreer afleverstatus: Failed
2026-03-26 13:10:30.384 +01:00 [INF] [oh] [allcodes-686-20260326-131017] === COLUMN 6: OUTPUT HANDLER (Steps 6A-6B) ===
2026-03-26 13:10:30.387 +01:00 [INF] [oh] [allcodes-686-20260326-131017] ✓ Step 6A: Doorzetten naar raw-layer
2026-03-26 13:10:30.399 +01:00 [INF] [oh] [allcodes-686-20260326-131017] ✓ Step 6B: Registreer afleverstatus: Failed
2026-03-26 13:10:31.318 +01:00 [INF] [oh] [allcodes-687-20260326-131017] === COLUMN 6: OUTPUT HANDLER (Steps 6A-6B) ===
2026-03-26 13:10:31.320 +01:00 [INF] [oh] [allcodes-687-20260326-131017] ✓ Step 6A: Doorzetten naar raw-layer
2026-03-26 13:10:31.341 +01:00 [INF] [oh] [allcodes-687-20260326-131017] ✓ Step 6B: Registreer afleverstatus: Failed
2026-03-26 13:10:32.200 +01:00 [INF] [oh] [allcodes-688-20260326-131017] === COLUMN 6: OUTPUT HANDLER (Steps 6A-6B) ===
2026-03-26 13:10:32.203 +01:00 [INF] [oh] [allcodes-688-20260326-131017] ✓ Step 6A: Doorzetten naar raw-layer
2026-03-26 13:10:32.221 +01:00 [INF] [oh] [allcodes-688-20260326-131017] ✓ Step 6B: Registreer afleverstatus: Failed
2026-03-26 13:10:33.084 +01:00 [INF] [oh] [allcodes-689-20260326-131017] === COLUMN 6: OUTPUT HANDLER (Steps 6A-6B) ===
2026-03-26 13:10:33.086 +01:00 [INF] [oh] [allcodes-689-20260326-131017] ✓ Step 6A: Doorzetten naar raw-layer
2026-03-26 13:10:33.105 +01:00 [INF] [oh] [allcodes-689-20260326-131017] ✓ Step 6B: Registreer afleverstatus: Failed
2026-03-26 13:10:33.953 +01:00 [INF] [oh] [allcodes-700-20260326-131017] === COLUMN 6: OUTPUT HANDLER (Steps 6A-6B) ===
2026-03-26 13:10:33.955 +01:00 [INF] [oh] [allcodes-700-20260326-131017] ✓ Step 6A: Doorzetten naar raw-layer
2026-03-26 13:10:33.970 +01:00 [INF] [oh] [allcodes-700-20260326-131017] ✓ Step 6B: Registreer afleverstatus: Failed
2026-03-26 13:10:34.845 +01:00 [INF] [oh] [allcodes-701-20260326-131017] === COLUMN 6: OUTPUT HANDLER (Steps 6A-6B) ===
2026-03-26 13:10:34.847 +01:00 [INF] [oh] [allcodes-701-20260326-131017] ✓ Step 6A: Doorzetten naar raw-layer
2026-03-26 13:10:34.866 +01:00 [INF] [oh] [allcodes-701-20260326-131017] ✓ Step 6B: Registreer afleverstatus: Failed
2026-03-26 13:10:35.771 +01:00 [INF] [oh] [allcodes-702-20260326-131017] === COLUMN 6: OUTPUT HANDLER (Steps 6A-6B) ===
2026-03-26 13:10:35.772 +01:00 [INF] [oh] [allcodes-702-20260326-131017] ✓ Step 6A: Doorzetten naar raw-layer
2026-03-26 13:10:35.789 +01:00 [INF] [oh] [allcodes-702-20260326-131017] ✓ Step 6B: Registreer afleverstatus: Failed
2026-03-26 13:10:36.764 +01:00 [INF] [oh] [allcodes-754-20260326-131017] === COLUMN 6: OUTPUT HANDLER (Steps 6A-6B) ===
2026-03-26 13:10:36.766 +01:00 [INF] [oh] [allcodes-754-20260326-131017] ✓ Step 6A: Doorzetten naar raw-layer
2026-03-26 13:10:36.784 +01:00 [INF] [oh] [allcodes-754-20260326-131017] ✓ Step 6B: Registreer afleverstatus: Failed
2026-03-26 13:10:37.652 +01:00 [INF] [oh] [allcodes-755-20260326-131017] === COLUMN 6: OUTPUT HANDLER (Steps 6A-6B) ===
2026-03-26 13:10:37.654 +01:00 [INF] [oh] [allcodes-755-20260326-131017] ✓ Step 6A: Doorzetten naar raw-layer
2026-03-26 13:10:37.670 +01:00 [INF] [oh] [allcodes-755-20260326-131017] ✓ Step 6B: Registreer afleverstatus: Failed
2026-03-26 13:10:38.547 +01:00 [INF] [oh] [allcodes-756-20260326-131017] === COLUMN 6: OUTPUT HANDLER (Steps 6A-6B) ===
2026-03-26 13:10:38.549 +01:00 [INF] [oh] [allcodes-756-20260326-131017] ✓ Step 6A: Doorzetten naar raw-layer
2026-03-26 13:10:38.567 +01:00 [INF] [oh] [allcodes-756-20260326-131017] ✓ Step 6B: Registreer afleverstatus: Failed
2026-03-26 13:10:39.413 +01:00 [INF] [oh] [allcodes-758-20260326-131017] === COLUMN 6: OUTPUT HANDLER (Steps 6A-6B) ===
2026-03-26 13:10:39.417 +01:00 [INF] [oh] [allcodes-758-20260326-131017] ✓ Step 6A: Doorzetten naar raw-layer
2026-03-26 13:10:39.434 +01:00 [INF] [oh] [allcodes-758-20260326-131017] ✓ Step 6B: Registreer afleverstatus: Failed
2026-03-26 13:10:40.325 +01:00 [INF] [oh] [allcodes-759-20260326-131017] === COLUMN 6: OUTPUT HANDLER (Steps 6A-6B) ===
2026-03-26 13:10:40.327 +01:00 [INF] [oh] [allcodes-759-20260326-131017] ✓ Step 6A: Doorzetten naar raw-layer
2026-03-26 13:10:40.346 +01:00 [INF] [oh] [allcodes-759-20260326-131017] ✓ Step 6B: Registreer afleverstatus: Failed
2026-03-26 13:10:41.237 +01:00 [INF] [oh] [allcodes-760-20260326-131017] === COLUMN 6: OUTPUT HANDLER (Steps 6A-6B) ===
2026-03-26 13:10:41.240 +01:00 [INF] [oh] [allcodes-760-20260326-131017] ✓ Step 6A: Doorzetten naar raw-layer
2026-03-26 13:10:41.256 +01:00 [INF] [oh] [allcodes-760-20260326-131017] ✓ Step 6B: Registreer afleverstatus: Failed
2026-03-26 13:10:42.117 +01:00 [INF] [oh] [allcodes-772-20260326-131017] === COLUMN 6: OUTPUT HANDLER (Steps 6A-6B) ===
2026-03-26 13:10:42.120 +01:00 [INF] [oh] [allcodes-772-20260326-131017] ✓ Step 6A: Doorzetten naar raw-layer
2026-03-26 13:10:42.136 +01:00 [INF] [oh] [allcodes-772-20260326-131017] ✓ Step 6B: Registreer afleverstatus: Failed
2026-03-26 13:10:43.030 +01:00 [INF] [oh] [allcodes-773-20260326-131017] === COLUMN 6: OUTPUT HANDLER (Steps 6A-6B) ===
2026-03-26 13:10:43.032 +01:00 [INF] [oh] [allcodes-773-20260326-131017] ✓ Step 6A: Doorzetten naar raw-layer
2026-03-26 13:10:43.052 +01:00 [INF] [oh] [allcodes-773-20260326-131017] ✓ Step 6B: Registreer afleverstatus: Failed
2026-03-26 13:10:43.898 +01:00 [INF] [oh] [allcodes-774-20260326-131017] === COLUMN 6: OUTPUT HANDLER (Steps 6A-6B) ===
2026-03-26 13:10:43.900 +01:00 [INF] [oh] [allcodes-774-20260326-131017] ✓ Step 6A: Doorzetten naar raw-layer
2026-03-26 13:10:43.916 +01:00 [INF] [oh] [allcodes-774-20260326-131017] ✓ Step 6B: Registreer afleverstatus: Failed
2026-03-26 13:10:44.810 +01:00 [INF] [oh] [allcodes-775-20260326-131017] === COLUMN 6: OUTPUT HANDLER (Steps 6A-6B) ===
2026-03-26 13:10:44.811 +01:00 [INF] [oh] [allcodes-775-20260326-131017] ✓ Step 6A: Doorzetten naar raw-layer
2026-03-26 13:10:44.830 +01:00 [INF] [oh] [allcodes-775-20260326-131017] ✓ Step 6B: Registreer afleverstatus: Failed
2026-03-26 13:10:45.704 +01:00 [INF] [oh] [allcodes-780-20260326-131017] === COLUMN 6: OUTPUT HANDLER (Steps 6A-6B) ===
2026-03-26 13:10:45.706 +01:00 [INF] [oh] [allcodes-780-20260326-131017] ✓ Step 6A: Doorzetten naar raw-layer
2026-03-26 13:10:45.725 +01:00 [INF] [oh] [allcodes-780-20260326-131017] ✓ Step 6B: Registreer afleverstatus: Failed
2026-03-26 13:10:46.929 +01:00 [INF] [oh] [allcodes-781-20260326-131017] === COLUMN 6: OUTPUT HANDLER (Steps 6A-6B) ===
2026-03-26 13:10:46.931 +01:00 [INF] [oh] [allcodes-781-20260326-131017] ✓ Step 6A: Doorzetten naar raw-layer
2026-03-26 13:10:46.949 +01:00 [INF] [oh] [allcodes-781-20260326-131017] ✓ Step 6B: Registreer afleverstatus: Failed
2026-03-26 13:10:47.789 +01:00 [INF] [oh] [allcodes-782-20260326-131017] === COLUMN 6: OUTPUT HANDLER (Steps 6A-6B) ===
2026-03-26 13:10:47.791 +01:00 [INF] [oh] [allcodes-782-20260326-131017] ✓ Step 6A: Doorzetten naar raw-layer
2026-03-26 13:10:47.810 +01:00 [INF] [oh] [allcodes-782-20260326-131017] ✓ Step 6B: Registreer afleverstatus: Failed
2026-03-26 13:10:48.658 +01:00 [INF] [oh] [allcodes-999-20260326-131017] === COLUMN 6: OUTPUT HANDLER (Steps 6A-6B) ===
2026-03-26 13:10:48.659 +01:00 [INF] [oh] [allcodes-999-20260326-131017] ✓ Step 6A: Doorzetten naar raw-layer
2026-03-26 13:10:48.677 +01:00 [INF] [oh] [allcodes-999-20260326-131017] ✓ Step 6B: Registreer afleverstatus: Failed
