2026-03-26 11:01:22.620 +01:00 [INF] [block-clean-invalid-20260326-02] === COLUMN 5: N-ACK HANDLER (Steps 5A-5D) ===
2026-03-26 11:01:22.650 +01:00 [INF] [block-clean-invalid-20260326-02] ✓ Step 5A: Verstuur Nack-bericht
2026-03-26 11:01:22.664 +01:00 [INF] [block-clean-invalid-20260326-02] ✓ Step 5B: Geconfigureerde respons
2026-03-26 11:01:22.680 +01:00 [INF] [block-clean-invalid-20260326-02] ✓ Step 5C: Logging verzendtijd
2026-03-26 11:01:22.696 +01:00 [INF] [block-clean-invalid-20260326-02] ✓ Step 5D: Zelfstandige verzending
2026-03-26 11:36:07.623 +01:00 [INF] [block-valid-20260326-113607] === COLUMN 5: N-ACK HANDLER (Steps 5A-5D) ===
2026-03-26 11:36:07.624 +01:00 [INF] [block-valid-20260326-113607] ✓ Step 5A: Verstuur Ack-bericht
2026-03-26 11:36:07.642 +01:00 [INF] [block-valid-20260326-113607] ✓ Step 5B: Geconfigureerde respons
2026-03-26 11:36:07.660 +01:00 [INF] [block-valid-20260326-113607] ✓ Step 5C: Logging verzendtijd
2026-03-26 11:36:07.676 +01:00 [INF] [block-valid-20260326-113607] ✓ Step 5D: Zelfstandige verzending
2026-03-26 11:36:09.235 +01:00 [INF] [block-invalid-20260326-113607] === COLUMN 5: N-ACK HANDLER (Steps 5A-5D) ===
2026-03-26 11:36:09.237 +01:00 [INF] [block-invalid-20260326-113607] ✓ Step 5A: Verstuur Ack-bericht
2026-03-26 11:36:09.258 +01:00 [INF] [block-invalid-20260326-113607] ✓ Step 5B: Geconfigureerde respons
2026-03-26 11:36:09.276 +01:00 [INF] [block-invalid-20260326-113607] ✓ Step 5C: Logging verzendtijd
2026-03-26 11:36:09.292 +01:00 [INF] [block-invalid-20260326-113607] ✓ Step 5D: Zelfstandige verzending
2026-03-26 11:36:39.984 +01:00 [INF] [block-valid-20260326-113639] === COLUMN 5: N-ACK HANDLER (Steps 5A-5D) ===
2026-03-26 11:36:39.986 +01:00 [INF] [block-valid-20260326-113639] ✓ Step 5A: Verstuur Ack-bericht
2026-03-26 11:36:39.993 +01:00 [INF] [block-valid-20260326-113639] ✓ Step 5B: Geconfigureerde respons
2026-03-26 11:36:40.006 +01:00 [INF] [block-valid-20260326-113639] ✓ Step 5C: Logging verzendtijd
2026-03-26 11:36:40.025 +01:00 [INF] [block-valid-20260326-113639] ✓ Step 5D: Zelfstandige verzending
2026-03-26 11:36:41.665 +01:00 [INF] [block-invalid-20260326-113639] === COLUMN 5: N-ACK HANDLER (Steps 5A-5D) ===
2026-03-26 11:36:41.667 +01:00 [INF] [block-invalid-20260326-113639] ✓ Step 5A: Verstuur Nack-bericht
2026-03-26 11:36:41.679 +01:00 [INF] [block-invalid-20260326-113639] ✓ Step 5B: Geconfigureerde respons
2026-03-26 11:36:41.691 +01:00 [INF] [block-invalid-20260326-113639] ✓ Step 5C: Logging verzendtijd
2026-03-26 11:36:41.705 +01:00 [INF] [block-invalid-20260326-113639] ✓ Step 5D: Zelfstandige verzending
2026-03-26 11:38:42.287 +01:00 [INF] [tc-alloc-valid-01] === COLUMN 5: N-ACK HANDLER (Steps 5A-5D) ===
2026-03-26 11:38:42.288 +01:00 [INF] [tc-alloc-valid-01] ✓ Step 5A: Verstuur Ack-bericht
2026-03-26 11:38:42.296 +01:00 [INF] [tc-alloc-valid-01] ✓ Step 5B: Geconfigureerde respons
2026-03-26 11:38:42.311 +01:00 [INF] [tc-alloc-valid-01] ✓ Step 5C: Logging verzendtijd
2026-03-26 11:38:42.327 +01:00 [INF] [tc-alloc-valid-01] ✓ Step 5D: Zelfstandige verzending
2026-03-26 11:38:43.084 +01:00 [INF] [tc-alloc-valid-02] === COLUMN 5: N-ACK HANDLER (Steps 5A-5D) ===
2026-03-26 11:38:43.086 +01:00 [INF] [tc-alloc-valid-02] ✓ Step 5A: Verstuur Ack-bericht
2026-03-26 11:38:43.098 +01:00 [INF] [tc-alloc-valid-02] ✓ Step 5B: Geconfigureerde respons
2026-03-26 11:38:43.114 +01:00 [INF] [tc-alloc-valid-02] ✓ Step 5C: Logging verzendtijd
2026-03-26 11:38:43.128 +01:00 [INF] [tc-alloc-valid-02] ✓ Step 5D: Zelfstandige verzending
2026-03-26 11:38:43.821 +01:00 [INF] [tc-alloc-valid-03] === COLUMN 5: N-ACK HANDLER (Steps 5A-5D) ===
2026-03-26 11:38:43.822 +01:00 [INF] [tc-alloc-valid-03] ✓ Step 5A: Verstuur Ack-bericht
2026-03-26 11:38:43.844 +01:00 [INF] [tc-alloc-valid-03] ✓ Step 5B: Geconfigureerde respons
2026-03-26 11:38:43.854 +01:00 [INF] [tc-alloc-valid-03] ✓ Step 5C: Logging verzendtijd
2026-03-26 11:38:43.875 +01:00 [INF] [tc-alloc-valid-03] ✓ Step 5D: Zelfstandige verzending
2026-03-26 11:38:44.586 +01:00 [INF] [tc-factor-valid-01] === COLUMN 5: N-ACK HANDLER (Steps 5A-5D) ===
2026-03-26 11:38:44.587 +01:00 [INF] [tc-factor-valid-01] ✓ Step 5A: Verstuur Ack-bericht
2026-03-26 11:38:44.597 +01:00 [INF] [tc-factor-valid-01] ✓ Step 5B: Geconfigureerde respons
2026-03-26 11:38:44.617 +01:00 [INF] [tc-factor-valid-01] ✓ Step 5C: Logging verzendtijd
2026-03-26 11:38:44.630 +01:00 [INF] [tc-factor-valid-01] ✓ Step 5D: Zelfstandige verzending
2026-03-26 11:38:45.414 +01:00 [INF] [tc-agg-valid-01] === COLUMN 5: N-ACK HANDLER (Steps 5A-5D) ===
2026-03-26 11:38:45.416 +01:00 [INF] [tc-agg-valid-01] ✓ Step 5A: Verstuur Ack-bericht
2026-03-26 11:38:45.430 +01:00 [INF] [tc-agg-valid-01] ✓ Step 5B: Geconfigureerde respons
2026-03-26 11:38:45.446 +01:00 [INF] [tc-agg-valid-01] ✓ Step 5C: Logging verzendtijd
2026-03-26 11:38:45.466 +01:00 [INF] [tc-agg-valid-01] ✓ Step 5D: Zelfstandige verzending
2026-03-26 11:38:46.501 +01:00 [INF] [tc-ean-empty-01] === COLUMN 5: N-ACK HANDLER (Steps 5A-5D) ===
2026-03-26 11:38:46.503 +01:00 [INF] [tc-ean-empty-01] ✓ Step 5A: Verstuur Nack-bericht
2026-03-26 11:38:46.524 +01:00 [INF] [tc-ean-empty-01] ✓ Step 5B: Geconfigureerde respons
2026-03-26 11:38:46.540 +01:00 [INF] [tc-ean-empty-01] ✓ Step 5C: Logging verzendtijd
2026-03-26 11:38:46.555 +01:00 [INF] [tc-ean-empty-01] ✓ Step 5D: Zelfstandige verzending
2026-03-26 11:38:47.426 +01:00 [INF] [tc-ean-short-01] === COLUMN 5: N-ACK HANDLER (Steps 5A-5D) ===
2026-03-26 11:38:47.428 +01:00 [INF] [tc-ean-short-01] ✓ Step 5A: Verstuur Ack-bericht
2026-03-26 11:38:47.449 +01:00 [INF] [tc-ean-short-01] ✓ Step 5B: Geconfigureerde respons
2026-03-26 11:38:47.465 +01:00 [INF] [tc-ean-short-01] ✓ Step 5C: Logging verzendtijd
2026-03-26 11:38:47.481 +01:00 [INF] [tc-ean-short-01] ✓ Step 5D: Zelfstandige verzending
2026-03-26 11:38:48.221 +01:00 [INF] [tc-ean-alpha-01] === COLUMN 5: N-ACK HANDLER (Steps 5A-5D) ===
2026-03-26 11:38:48.222 +01:00 [INF] [tc-ean-alpha-01] ✓ Step 5A: Verstuur Ack-bericht
2026-03-26 11:38:48.244 +01:00 [INF] [tc-ean-alpha-01] ✓ Step 5B: Geconfigureerde respons
2026-03-26 11:38:48.260 +01:00 [INF] [tc-ean-alpha-01] ✓ Step 5C: Logging verzendtijd
2026-03-26 11:38:48.276 +01:00 [INF] [tc-ean-alpha-01] ✓ Step 5D: Zelfstandige verzending
2026-03-26 11:39:03.069 +01:00 [INF] [tc-alloc-valid-01] === COLUMN 5: N-ACK HANDLER (Steps 5A-5D) ===
2026-03-26 11:39:03.078 +01:00 [INF] [tc-alloc-valid-01] ✓ Step 5A: Verstuur Ack-bericht
2026-03-26 11:39:03.104 +01:00 [INF] [tc-alloc-valid-01] ✓ Step 5B: Geconfigureerde respons
2026-03-26 11:39:03.131 +01:00 [INF] [tc-alloc-valid-01] ✓ Step 5C: Logging verzendtijd
2026-03-26 11:39:03.147 +01:00 [INF] [tc-alloc-valid-01] ✓ Step 5D: Zelfstandige verzending
2026-03-26 11:39:04.102 +01:00 [INF] [tc-alloc-valid-02] === COLUMN 5: N-ACK HANDLER (Steps 5A-5D) ===
2026-03-26 11:39:04.103 +01:00 [INF] [tc-alloc-valid-02] ✓ Step 5A: Verstuur Ack-bericht
2026-03-26 11:39:04.125 +01:00 [INF] [tc-alloc-valid-02] ✓ Step 5B: Geconfigureerde respons
2026-03-26 11:39:04.141 +01:00 [INF] [tc-alloc-valid-02] ✓ Step 5C: Logging verzendtijd
2026-03-26 11:39:04.156 +01:00 [INF] [tc-alloc-valid-02] ✓ Step 5D: Zelfstandige verzending
2026-03-26 11:39:05.003 +01:00 [INF] [tc-factor-valid-01] === COLUMN 5: N-ACK HANDLER (Steps 5A-5D) ===
2026-03-26 11:39:05.006 +01:00 [INF] [tc-factor-valid-01] ✓ Step 5A: Verstuur Ack-bericht
2026-03-26 11:39:05.020 +01:00 [INF] [tc-factor-valid-01] ✓ Step 5B: Geconfigureerde respons
2026-03-26 11:39:05.036 +01:00 [INF] [tc-factor-valid-01] ✓ Step 5C: Logging verzendtijd
2026-03-26 11:39:05.052 +01:00 [INF] [tc-factor-valid-01] ✓ Step 5D: Zelfstandige verzending
2026-03-26 11:39:06.022 +01:00 [INF] [tc-agg-valid-01] === COLUMN 5: N-ACK HANDLER (Steps 5A-5D) ===
2026-03-26 11:39:06.024 +01:00 [INF] [tc-agg-valid-01] ✓ Step 5A: Verstuur Ack-bericht
2026-03-26 11:39:06.044 +01:00 [INF] [tc-agg-valid-01] ✓ Step 5B: Geconfigureerde respons
2026-03-26 11:39:06.061 +01:00 [INF] [tc-agg-valid-01] ✓ Step 5C: Logging verzendtijd
2026-03-26 11:39:06.077 +01:00 [INF] [tc-agg-valid-01] ✓ Step 5D: Zelfstandige verzending
2026-03-26 11:39:06.977 +01:00 [INF] [tc-ean-empty-01] === COLUMN 5: N-ACK HANDLER (Steps 5A-5D) ===
2026-03-26 11:39:06.978 +01:00 [INF] [tc-ean-empty-01] ✓ Step 5A: Verstuur Nack-bericht
2026-03-26 11:39:07.001 +01:00 [INF] [tc-ean-empty-01] ✓ Step 5B: Geconfigureerde respons
2026-03-26 11:39:07.017 +01:00 [INF] [tc-ean-empty-01] ✓ Step 5C: Logging verzendtijd
2026-03-26 11:39:07.033 +01:00 [INF] [tc-ean-empty-01] ✓ Step 5D: Zelfstandige verzending
2026-03-26 11:39:07.878 +01:00 [INF] [tc-ean-alpha-01] === COLUMN 5: N-ACK HANDLER (Steps 5A-5D) ===
2026-03-26 11:39:07.880 +01:00 [INF] [tc-ean-alpha-01] ✓ Step 5A: Verstuur Ack-bericht
2026-03-26 11:39:07.902 +01:00 [INF] [tc-ean-alpha-01] ✓ Step 5B: Geconfigureerde respons
2026-03-26 11:39:07.917 +01:00 [INF] [tc-ean-alpha-01] ✓ Step 5C: Logging verzendtijd
2026-03-26 11:39:07.934 +01:00 [INF] [tc-ean-alpha-01] ✓ Step 5D: Zelfstandige verzending
2026-03-26 11:41:44.830 +01:00 [INF] [alloc-valid-01-114144] === COLUMN 5: N-ACK HANDLER (Steps 5A-5D) ===
2026-03-26 11:41:44.831 +01:00 [INF] [alloc-valid-01-114144] ✓ Step 5A: Verstuur Ack-bericht
2026-03-26 11:41:44.854 +01:00 [INF] [alloc-valid-01-114144] ✓ Step 5B: Geconfigureerde respons
2026-03-26 11:41:44.870 +01:00 [INF] [alloc-valid-01-114144] ✓ Step 5C: Logging verzendtijd
2026-03-26 11:41:44.885 +01:00 [INF] [alloc-valid-01-114144] ✓ Step 5D: Zelfstandige verzending
2026-03-26 11:41:45.670 +01:00 [INF] [alloc-valid-02-114144] === COLUMN 5: N-ACK HANDLER (Steps 5A-5D) ===
2026-03-26 11:41:45.671 +01:00 [INF] [alloc-valid-02-114144] ✓ Step 5A: Verstuur Ack-bericht
2026-03-26 11:41:45.694 +01:00 [INF] [alloc-valid-02-114144] ✓ Step 5B: Geconfigureerde respons
2026-03-26 11:41:45.710 +01:00 [INF] [alloc-valid-02-114144] ✓ Step 5C: Logging verzendtijd
2026-03-26 11:41:45.726 +01:00 [INF] [alloc-valid-02-114144] ✓ Step 5D: Zelfstandige verzending
2026-03-26 11:41:46.535 +01:00 [INF] [alloc-valid-03-114144] === COLUMN 5: N-ACK HANDLER (Steps 5A-5D) ===
2026-03-26 11:41:46.537 +01:00 [INF] [alloc-valid-03-114144] ✓ Step 5A: Verstuur Ack-bericht
2026-03-26 11:41:46.558 +01:00 [INF] [alloc-valid-03-114144] ✓ Step 5B: Geconfigureerde respons
2026-03-26 11:41:46.574 +01:00 [INF] [alloc-valid-03-114144] ✓ Step 5C: Logging verzendtijd
2026-03-26 11:41:46.590 +01:00 [INF] [alloc-valid-03-114144] ✓ Step 5D: Zelfstandige verzending
2026-03-26 11:41:47.379 +01:00 [INF] [factor-valid-01-114144] === COLUMN 5: N-ACK HANDLER (Steps 5A-5D) ===
2026-03-26 11:41:47.380 +01:00 [INF] [factor-valid-01-114144] ✓ Step 5A: Verstuur Ack-bericht
2026-03-26 11:41:47.402 +01:00 [INF] [factor-valid-01-114144] ✓ Step 5B: Geconfigureerde respons
2026-03-26 11:41:47.417 +01:00 [INF] [factor-valid-01-114144] ✓ Step 5C: Logging verzendtijd
2026-03-26 11:41:47.433 +01:00 [INF] [factor-valid-01-114144] ✓ Step 5D: Zelfstandige verzending
2026-03-26 11:41:48.230 +01:00 [INF] [agg-valid-01-114144] === COLUMN 5: N-ACK HANDLER (Steps 5A-5D) ===
2026-03-26 11:41:48.231 +01:00 [INF] [agg-valid-01-114144] ✓ Step 5A: Verstuur Ack-bericht
2026-03-26 11:41:48.252 +01:00 [INF] [agg-valid-01-114144] ✓ Step 5B: Geconfigureerde respons
2026-03-26 11:41:48.268 +01:00 [INF] [agg-valid-01-114144] ✓ Step 5C: Logging verzendtijd
2026-03-26 11:41:48.284 +01:00 [INF] [agg-valid-01-114144] ✓ Step 5D: Zelfstandige verzending
2026-03-26 11:41:49.060 +01:00 [INF] [agg-valid-02-114144] === COLUMN 5: N-ACK HANDLER (Steps 5A-5D) ===
2026-03-26 11:41:49.061 +01:00 [INF] [agg-valid-02-114144] ✓ Step 5A: Verstuur Ack-bericht
2026-03-26 11:41:49.081 +01:00 [INF] [agg-valid-02-114144] ✓ Step 5B: Geconfigureerde respons
2026-03-26 11:41:49.097 +01:00 [INF] [agg-valid-02-114144] ✓ Step 5C: Logging verzendtijd
2026-03-26 11:41:49.113 +01:00 [INF] [agg-valid-02-114144] ✓ Step 5D: Zelfstandige verzending
2026-03-26 11:41:49.928 +01:00 [INF] [ean-empty-01-114144] === COLUMN 5: N-ACK HANDLER (Steps 5A-5D) ===
2026-03-26 11:41:49.930 +01:00 [INF] [ean-empty-01-114144] ✓ Step 5A: Verstuur Nack-bericht
2026-03-26 11:41:49.950 +01:00 [INF] [ean-empty-01-114144] ✓ Step 5B: Geconfigureerde respons
2026-03-26 11:41:49.966 +01:00 [INF] [ean-empty-01-114144] ✓ Step 5C: Logging verzendtijd
2026-03-26 11:41:49.981 +01:00 [INF] [ean-empty-01-114144] ✓ Step 5D: Zelfstandige verzending
2026-03-26 11:41:50.938 +01:00 [INF] [ean-empty-02-114144] === COLUMN 5: N-ACK HANDLER (Steps 5A-5D) ===
2026-03-26 11:41:50.939 +01:00 [INF] [ean-empty-02-114144] ✓ Step 5A: Verstuur Nack-bericht
2026-03-26 11:41:50.961 +01:00 [INF] [ean-empty-02-114144] ✓ Step 5B: Geconfigureerde respons
2026-03-26 11:41:50.977 +01:00 [INF] [ean-empty-02-114144] ✓ Step 5C: Logging verzendtijd
2026-03-26 11:41:50.993 +01:00 [INF] [ean-empty-02-114144] ✓ Step 5D: Zelfstandige verzending
2026-03-26 11:41:51.779 +01:00 [INF] [ean-empty-03-114144] === COLUMN 5: N-ACK HANDLER (Steps 5A-5D) ===
2026-03-26 11:41:51.781 +01:00 [INF] [ean-empty-03-114144] ✓ Step 5A: Verstuur Nack-bericht
2026-03-26 11:41:51.801 +01:00 [INF] [ean-empty-03-114144] ✓ Step 5B: Geconfigureerde respons
2026-03-26 11:41:51.817 +01:00 [INF] [ean-empty-03-114144] ✓ Step 5C: Logging verzendtijd
2026-03-26 11:41:51.833 +01:00 [INF] [ean-empty-03-114144] ✓ Step 5D: Zelfstandige verzending
2026-03-26 11:42:36.640 +01:00 [INF] [ean-empty-03-114144] === COLUMN 5: N-ACK HANDLER (Steps 5A-5D) ===
2026-03-26 11:42:36.641 +01:00 [INF] [ean-empty-03-114144] ✓ Step 5A: Verstuur Nack-bericht
2026-03-26 11:42:36.648 +01:00 [INF] [ean-empty-03-114144] ✓ Step 5B: Geconfigureerde respons
2026-03-26 11:42:36.665 +01:00 [INF] [ean-empty-03-114144] ✓ Step 5C: Logging verzendtijd
2026-03-26 11:42:36.682 +01:00 [INF] [ean-empty-03-114144] ✓ Step 5D: Zelfstandige verzending
2026-03-26 12:36:04.040 +01:00 [INF] [test-valid-001] === COLUMN 5: N-ACK HANDLER (Steps 5A-5D) ===
2026-03-26 12:36:04.073 +01:00 [INF] [test-valid-001] ✓ Step 5A: Verstuur Nack-bericht
2026-03-26 12:36:04.089 +01:00 [INF] [test-valid-001] ✓ Step 5B: Geconfigureerde respons
2026-03-26 12:36:04.107 +01:00 [INF] [test-valid-001] ✓ Step 5C: Logging verzendtijd
2026-03-26 12:36:04.122 +01:00 [INF] [test-valid-001] ✓ Step 5D: Zelfstandige verzending
2026-03-26 12:36:05.170 +01:00 [INF] [test-686-001] === COLUMN 5: N-ACK HANDLER (Steps 5A-5D) ===
2026-03-26 12:36:05.170 +01:00 [INF] [test-686-001] ✓ Step 5A: Verstuur Nack-bericht
2026-03-26 12:36:05.187 +01:00 [INF] [test-686-001] ✓ Step 5B: Geconfigureerde respons
2026-03-26 12:36:05.202 +01:00 [INF] [test-686-001] ✓ Step 5C: Logging verzendtijd
2026-03-26 12:36:05.218 +01:00 [INF] [test-686-001] ✓ Step 5D: Zelfstandige verzending
2026-03-26 12:36:06.114 +01:00 [INF] [test-760-001] === COLUMN 5: N-ACK HANDLER (Steps 5A-5D) ===
2026-03-26 12:36:06.115 +01:00 [INF] [test-760-001] ✓ Step 5A: Verstuur Nack-bericht
2026-03-26 12:36:06.135 +01:00 [INF] [test-760-001] ✓ Step 5B: Geconfigureerde respons
2026-03-26 12:36:06.151 +01:00 [INF] [test-760-001] ✓ Step 5C: Logging verzendtijd
2026-03-26 12:36:06.167 +01:00 [INF] [test-760-001] ✓ Step 5D: Zelfstandige verzending
2026-03-26 12:36:07.105 +01:00 [INF] [test-758-001] === COLUMN 5: N-ACK HANDLER (Steps 5A-5D) ===
2026-03-26 12:36:07.105 +01:00 [INF] [test-758-001] ✓ Step 5A: Verstuur Nack-bericht
2026-03-26 12:36:07.124 +01:00 [INF] [test-758-001] ✓ Step 5B: Geconfigureerde respons
2026-03-26 12:36:07.139 +01:00 [INF] [test-758-001] ✓ Step 5C: Logging verzendtijd
2026-03-26 12:36:07.155 +01:00 [INF] [test-758-001] ✓ Step 5D: Zelfstandige verzending
2026-03-26 12:36:08.056 +01:00 [INF] [test-676-001] === COLUMN 5: N-ACK HANDLER (Steps 5A-5D) ===
2026-03-26 12:36:08.056 +01:00 [INF] [test-676-001] ✓ Step 5A: Verstuur Nack-bericht
2026-03-26 12:36:08.076 +01:00 [INF] [test-676-001] ✓ Step 5B: Geconfigureerde respons
2026-03-26 12:36:08.091 +01:00 [INF] [test-676-001] ✓ Step 5C: Logging verzendtijd
2026-03-26 12:36:08.106 +01:00 [INF] [test-676-001] ✓ Step 5D: Zelfstandige verzending
2026-03-26 12:36:09.231 +01:00 [INF] [test-774-001] === COLUMN 5: N-ACK HANDLER (Steps 5A-5D) ===
2026-03-26 12:36:09.231 +01:00 [INF] [test-774-001] ✓ Step 5A: Verstuur Nack-bericht
2026-03-26 12:36:09.256 +01:00 [INF] [test-774-001] ✓ Step 5B: Geconfigureerde respons
2026-03-26 12:36:09.293 +01:00 [INF] [test-774-001] ✓ Step 5C: Logging verzendtijd
2026-03-26 12:36:09.326 +01:00 [INF] [test-774-001] ✓ Step 5D: Zelfstandige verzending
2026-03-26 12:36:10.305 +01:00 [INF] [test-772-001] === COLUMN 5: N-ACK HANDLER (Steps 5A-5D) ===
2026-03-26 12:36:10.306 +01:00 [INF] [test-772-001] ✓ Step 5A: Verstuur Nack-bericht
2026-03-26 12:36:10.330 +01:00 [INF] [test-772-001] ✓ Step 5B: Geconfigureerde respons
2026-03-26 12:36:10.347 +01:00 [INF] [test-772-001] ✓ Step 5C: Logging verzendtijd
2026-03-26 12:36:10.363 +01:00 [INF] [test-772-001] ✓ Step 5D: Zelfstandige verzending
2026-03-26 12:36:11.315 +01:00 [INF] [test-773-001] === COLUMN 5: N-ACK HANDLER (Steps 5A-5D) ===
2026-03-26 12:36:11.315 +01:00 [INF] [test-773-001] ✓ Step 5A: Verstuur Nack-bericht
2026-03-26 12:36:11.337 +01:00 [INF] [test-773-001] ✓ Step 5B: Geconfigureerde respons
2026-03-26 12:36:11.353 +01:00 [INF] [test-773-001] ✓ Step 5C: Logging verzendtijd
2026-03-26 12:36:11.369 +01:00 [INF] [test-773-001] ✓ Step 5D: Zelfstandige verzending
2026-03-26 12:36:12.275 +01:00 [INF] [test-755-001] === COLUMN 5: N-ACK HANDLER (Steps 5A-5D) ===
2026-03-26 12:36:12.275 +01:00 [INF] [test-755-001] ✓ Step 5A: Verstuur Nack-bericht
2026-03-26 12:36:12.298 +01:00 [INF] [test-755-001] ✓ Step 5B: Geconfigureerde respons
2026-03-26 12:36:12.314 +01:00 [INF] [test-755-001] ✓ Step 5C: Logging verzendtijd
2026-03-26 12:36:12.330 +01:00 [INF] [test-755-001] ✓ Step 5D: Zelfstandige verzending
2026-03-26 12:36:13.265 +01:00 [INF] [test-758-002] === COLUMN 5: N-ACK HANDLER (Steps 5A-5D) ===
2026-03-26 12:36:13.265 +01:00 [INF] [test-758-002] ✓ Step 5A: Verstuur Nack-bericht
2026-03-26 12:36:13.285 +01:00 [INF] [test-758-002] ✓ Step 5B: Geconfigureerde respons
2026-03-26 12:36:13.301 +01:00 [INF] [test-758-002] ✓ Step 5C: Logging verzendtijd
2026-03-26 12:36:13.317 +01:00 [INF] [test-758-002] ✓ Step 5D: Zelfstandige verzending
2026-03-26 12:36:14.239 +01:00 [INF] [test-multi-001] === COLUMN 5: N-ACK HANDLER (Steps 5A-5D) ===
2026-03-26 12:36:14.239 +01:00 [INF] [test-multi-001] ✓ Step 5A: Verstuur Nack-bericht
2026-03-26 12:36:14.261 +01:00 [INF] [test-multi-001] ✓ Step 5B: Geconfigureerde respons
2026-03-26 12:36:14.284 +01:00 [INF] [test-multi-001] ✓ Step 5C: Logging verzendtijd
2026-03-26 12:36:14.308 +01:00 [INF] [test-multi-001] ✓ Step 5D: Zelfstandige verzending
2026-03-26 12:36:56.602 +01:00 [INF] [quick-check-001] === COLUMN 5: N-ACK HANDLER (Steps 5A-5D) ===
2026-03-26 12:36:56.602 +01:00 [INF] [quick-check-001] ✓ Step 5A: Verstuur Nack-bericht
2026-03-26 12:36:56.622 +01:00 [INF] [quick-check-001] ✓ Step 5B: Geconfigureerde respons
2026-03-26 12:36:56.638 +01:00 [INF] [quick-check-001] ✓ Step 5C: Logging verzendtijd
2026-03-26 12:36:56.654 +01:00 [INF] [quick-check-001] ✓ Step 5D: Zelfstandige verzending
2026-03-26 12:37:06.876 +01:00 [INF] [quick-check-002] === COLUMN 5: N-ACK HANDLER (Steps 5A-5D) ===
2026-03-26 12:37:06.876 +01:00 [INF] [quick-check-002] ✓ Step 5A: Verstuur Nack-bericht
2026-03-26 12:37:06.895 +01:00 [INF] [quick-check-002] ✓ Step 5B: Geconfigureerde respons
2026-03-26 12:37:06.911 +01:00 [INF] [quick-check-002] ✓ Step 5C: Logging verzendtijd
2026-03-26 12:37:06.927 +01:00 [INF] [quick-check-002] ✓ Step 5D: Zelfstandige verzending
2026-03-26 12:38:03.771 +01:00 [INF] [t-valid] === COLUMN 5: N-ACK HANDLER (Steps 5A-5D) ===
2026-03-26 12:38:03.771 +01:00 [INF] [t-valid] ✓ Step 5A: Verstuur Nack-bericht
2026-03-26 12:38:03.788 +01:00 [INF] [t-valid] ✓ Step 5B: Geconfigureerde respons
2026-03-26 12:38:03.803 +01:00 [INF] [t-valid] ✓ Step 5C: Logging verzendtijd
2026-03-26 12:38:03.820 +01:00 [INF] [t-valid] ✓ Step 5D: Zelfstandige verzending
2026-03-26 12:38:04.388 +01:00 [INF] [t-686] === COLUMN 5: N-ACK HANDLER (Steps 5A-5D) ===
2026-03-26 12:38:04.388 +01:00 [INF] [t-686] ✓ Step 5A: Verstuur Nack-bericht
2026-03-26 12:38:04.405 +01:00 [INF] [t-686] ✓ Step 5B: Geconfigureerde respons
2026-03-26 12:38:04.421 +01:00 [INF] [t-686] ✓ Step 5C: Logging verzendtijd
2026-03-26 12:38:04.434 +01:00 [INF] [t-686] ✓ Step 5D: Zelfstandige verzending
2026-03-26 12:38:04.972 +01:00 [INF] [t-760] === COLUMN 5: N-ACK HANDLER (Steps 5A-5D) ===
2026-03-26 12:38:04.972 +01:00 [INF] [t-760] ✓ Step 5A: Verstuur Nack-bericht
2026-03-26 12:38:04.989 +01:00 [INF] [t-760] ✓ Step 5B: Geconfigureerde respons
2026-03-26 12:38:05.006 +01:00 [INF] [t-760] ✓ Step 5C: Logging verzendtijd
2026-03-26 12:38:05.023 +01:00 [INF] [t-760] ✓ Step 5D: Zelfstandige verzending
2026-03-26 12:38:05.557 +01:00 [INF] [t-758] === COLUMN 5: N-ACK HANDLER (Steps 5A-5D) ===
2026-03-26 12:38:05.557 +01:00 [INF] [t-758] ✓ Step 5A: Verstuur Nack-bericht
2026-03-26 12:38:05.572 +01:00 [INF] [t-758] ✓ Step 5B: Geconfigureerde respons
2026-03-26 12:38:05.588 +01:00 [INF] [t-758] ✓ Step 5C: Logging verzendtijd
2026-03-26 12:38:05.605 +01:00 [INF] [t-758] ✓ Step 5D: Zelfstandige verzending
2026-03-26 12:38:06.127 +01:00 [INF] [t-676] === COLUMN 5: N-ACK HANDLER (Steps 5A-5D) ===
2026-03-26 12:38:06.127 +01:00 [INF] [t-676] ✓ Step 5A: Verstuur Nack-bericht
2026-03-26 12:38:06.147 +01:00 [INF] [t-676] ✓ Step 5B: Geconfigureerde respons
2026-03-26 12:38:06.162 +01:00 [INF] [t-676] ✓ Step 5C: Logging verzendtijd
2026-03-26 12:38:06.178 +01:00 [INF] [t-676] ✓ Step 5D: Zelfstandige verzending
2026-03-26 12:38:06.688 +01:00 [INF] [t-774] === COLUMN 5: N-ACK HANDLER (Steps 5A-5D) ===
2026-03-26 12:38:06.688 +01:00 [INF] [t-774] ✓ Step 5A: Verstuur Nack-bericht
2026-03-26 12:38:06.707 +01:00 [INF] [t-774] ✓ Step 5B: Geconfigureerde respons
2026-03-26 12:38:06.719 +01:00 [INF] [t-774] ✓ Step 5C: Logging verzendtijd
2026-03-26 12:38:06.736 +01:00 [INF] [t-774] ✓ Step 5D: Zelfstandige verzending
2026-03-26 12:38:07.275 +01:00 [INF] [t-772] === COLUMN 5: N-ACK HANDLER (Steps 5A-5D) ===
2026-03-26 12:38:07.275 +01:00 [INF] [t-772] ✓ Step 5A: Verstuur Nack-bericht
2026-03-26 12:38:07.291 +01:00 [INF] [t-772] ✓ Step 5B: Geconfigureerde respons
2026-03-26 12:38:07.306 +01:00 [INF] [t-772] ✓ Step 5C: Logging verzendtijd
2026-03-26 12:38:07.320 +01:00 [INF] [t-772] ✓ Step 5D: Zelfstandige verzending
2026-03-26 12:38:07.795 +01:00 [INF] [t-773] === COLUMN 5: N-ACK HANDLER (Steps 5A-5D) ===
2026-03-26 12:38:07.795 +01:00 [INF] [t-773] ✓ Step 5A: Verstuur Nack-bericht
2026-03-26 12:38:07.811 +01:00 [INF] [t-773] ✓ Step 5B: Geconfigureerde respons
2026-03-26 12:38:07.821 +01:00 [INF] [t-773] ✓ Step 5C: Logging verzendtijd
2026-03-26 12:38:07.833 +01:00 [INF] [t-773] ✓ Step 5D: Zelfstandige verzending
2026-03-26 12:38:08.326 +01:00 [INF] [t-755] === COLUMN 5: N-ACK HANDLER (Steps 5A-5D) ===
2026-03-26 12:38:08.326 +01:00 [INF] [t-755] ✓ Step 5A: Verstuur Nack-bericht
2026-03-26 12:38:08.340 +01:00 [INF] [t-755] ✓ Step 5B: Geconfigureerde respons
2026-03-26 12:38:08.355 +01:00 [INF] [t-755] ✓ Step 5C: Logging verzendtijd
2026-03-26 12:38:08.370 +01:00 [INF] [t-755] ✓ Step 5D: Zelfstandige verzending
2026-03-26 12:38:08.847 +01:00 [INF] [t-multi] === COLUMN 5: N-ACK HANDLER (Steps 5A-5D) ===
2026-03-26 12:38:08.847 +01:00 [INF] [t-multi] ✓ Step 5A: Verstuur Nack-bericht
2026-03-26 12:38:08.868 +01:00 [INF] [t-multi] ✓ Step 5B: Geconfigureerde respons
2026-03-26 12:38:08.887 +01:00 [INF] [t-multi] ✓ Step 5C: Logging verzendtijd
2026-03-26 12:38:08.902 +01:00 [INF] [t-multi] ✓ Step 5D: Zelfstandige verzending
2026-03-26 12:38:17.381 +01:00 [INF] [case-686] === COLUMN 5: N-ACK HANDLER (Steps 5A-5D) ===
2026-03-26 12:38:17.381 +01:00 [INF] [case-686] ✓ Step 5A: Verstuur Nack-bericht
2026-03-26 12:38:17.397 +01:00 [INF] [case-686] ✓ Step 5B: Geconfigureerde respons
2026-03-26 12:38:17.414 +01:00 [INF] [case-686] ✓ Step 5C: Logging verzendtijd
2026-03-26 12:38:17.430 +01:00 [INF] [case-686] ✓ Step 5D: Zelfstandige verzending
2026-03-26 12:38:17.935 +01:00 [INF] [case-760] === COLUMN 5: N-ACK HANDLER (Steps 5A-5D) ===
2026-03-26 12:38:17.935 +01:00 [INF] [case-760] ✓ Step 5A: Verstuur Nack-bericht
2026-03-26 12:38:17.953 +01:00 [INF] [case-760] ✓ Step 5B: Geconfigureerde respons
2026-03-26 12:38:17.968 +01:00 [INF] [case-760] ✓ Step 5C: Logging verzendtijd
2026-03-26 12:38:17.982 +01:00 [INF] [case-760] ✓ Step 5D: Zelfstandige verzending
2026-03-26 12:38:18.474 +01:00 [INF] [case-772] === COLUMN 5: N-ACK HANDLER (Steps 5A-5D) ===
2026-03-26 12:38:18.474 +01:00 [INF] [case-772] ✓ Step 5A: Verstuur Nack-bericht
2026-03-26 12:38:18.482 +01:00 [INF] [case-772] ✓ Step 5B: Geconfigureerde respons
2026-03-26 12:38:18.496 +01:00 [INF] [case-772] ✓ Step 5C: Logging verzendtijd
2026-03-26 12:38:18.511 +01:00 [INF] [case-772] ✓ Step 5D: Zelfstandige verzending
2026-03-26 12:38:19.018 +01:00 [INF] [case-676] === COLUMN 5: N-ACK HANDLER (Steps 5A-5D) ===
2026-03-26 12:38:19.018 +01:00 [INF] [case-676] ✓ Step 5A: Verstuur Nack-bericht
2026-03-26 12:38:19.037 +01:00 [INF] [case-676] ✓ Step 5B: Geconfigureerde respons
2026-03-26 12:38:19.052 +01:00 [INF] [case-676] ✓ Step 5C: Logging verzendtijd
2026-03-26 12:38:19.068 +01:00 [INF] [case-676] ✓ Step 5D: Zelfstandige verzending
2026-03-26 12:38:19.585 +01:00 [INF] [case-multi] === COLUMN 5: N-ACK HANDLER (Steps 5A-5D) ===
2026-03-26 12:38:19.585 +01:00 [INF] [case-multi] ✓ Step 5A: Verstuur Nack-bericht
2026-03-26 12:38:19.610 +01:00 [INF] [case-multi] ✓ Step 5B: Geconfigureerde respons
2026-03-26 12:38:19.627 +01:00 [INF] [case-multi] ✓ Step 5C: Logging verzendtijd
2026-03-26 12:38:19.643 +01:00 [INF] [case-multi] ✓ Step 5D: Zelfstandige verzending
2026-03-26 12:38:30.959 +01:00 [INF] [case-774] === COLUMN 5: N-ACK HANDLER (Steps 5A-5D) ===
2026-03-26 12:38:30.959 +01:00 [INF] [case-774] ✓ Step 5A: Verstuur Nack-bericht
2026-03-26 12:38:30.978 +01:00 [INF] [case-774] ✓ Step 5B: Geconfigureerde respons
2026-03-26 12:38:30.993 +01:00 [INF] [case-774] ✓ Step 5C: Logging verzendtijd
2026-03-26 12:38:31.009 +01:00 [INF] [case-774] ✓ Step 5D: Zelfstandige verzending
2026-03-26 12:38:31.534 +01:00 [INF] [case-773] === COLUMN 5: N-ACK HANDLER (Steps 5A-5D) ===
2026-03-26 12:38:31.534 +01:00 [INF] [case-773] ✓ Step 5A: Verstuur Nack-bericht
2026-03-26 12:38:31.552 +01:00 [INF] [case-773] ✓ Step 5B: Geconfigureerde respons
2026-03-26 12:38:31.567 +01:00 [INF] [case-773] ✓ Step 5C: Logging verzendtijd
2026-03-26 12:38:31.583 +01:00 [INF] [case-773] ✓ Step 5D: Zelfstandige verzending
2026-03-26 12:38:32.079 +01:00 [INF] [case-755] === COLUMN 5: N-ACK HANDLER (Steps 5A-5D) ===
2026-03-26 12:38:32.080 +01:00 [INF] [case-755] ✓ Step 5A: Verstuur Nack-bericht
2026-03-26 12:38:32.089 +01:00 [INF] [case-755] ✓ Step 5B: Geconfigureerde respons
2026-03-26 12:38:32.102 +01:00 [INF] [case-755] ✓ Step 5C: Logging verzendtijd
2026-03-26 12:38:32.117 +01:00 [INF] [case-755] ✓ Step 5D: Zelfstandige verzending
2026-03-26 12:38:32.615 +01:00 [INF] [case-multi] === COLUMN 5: N-ACK HANDLER (Steps 5A-5D) ===
2026-03-26 12:38:32.615 +01:00 [INF] [case-multi] ✓ Step 5A: Verstuur Nack-bericht
2026-03-26 12:38:32.637 +01:00 [INF] [case-multi] ✓ Step 5B: Geconfigureerde respons
2026-03-26 12:38:32.652 +01:00 [INF] [case-multi] ✓ Step 5C: Logging verzendtijd
2026-03-26 12:38:32.670 +01:00 [INF] [case-multi] ✓ Step 5D: Zelfstandige verzending
2026-03-26 12:38:41.879 +01:00 [INF] [case-multi] === COLUMN 5: N-ACK HANDLER (Steps 5A-5D) ===
2026-03-26 12:38:41.879 +01:00 [INF] [case-multi] ✓ Step 5A: Verstuur Nack-bericht
2026-03-26 12:38:41.887 +01:00 [INF] [case-multi] ✓ Step 5B: Geconfigureerde respons
2026-03-26 12:38:41.901 +01:00 [INF] [case-multi] ✓ Step 5C: Logging verzendtijd
2026-03-26 12:38:41.916 +01:00 [INF] [case-multi] ✓ Step 5D: Zelfstandige verzending
2026-03-26 12:43:03.503 +01:00 [INF] [allcodes-650-20260326-124303] === COLUMN 5: N-ACK HANDLER (Steps 5A-5D) ===
2026-03-26 12:43:03.503 +01:00 [INF] [allcodes-650-20260326-124303] ✓ Step 5A: Verstuur Ack-bericht
2026-03-26 12:43:03.511 +01:00 [INF] [allcodes-650-20260326-124303] ✓ Step 5B: Geconfigureerde respons
2026-03-26 12:43:03.528 +01:00 [INF] [allcodes-650-20260326-124303] ✓ Step 5C: Logging verzendtijd
2026-03-26 12:43:03.543 +01:00 [INF] [allcodes-650-20260326-124303] ✓ Step 5D: Zelfstandige verzending
2026-03-26 12:43:04.370 +01:00 [INF] [allcodes-651-20260326-124303] === COLUMN 5: N-ACK HANDLER (Steps 5A-5D) ===
2026-03-26 12:43:04.370 +01:00 [INF] [allcodes-651-20260326-124303] ✓ Step 5A: Verstuur Ack-bericht
2026-03-26 12:43:04.378 +01:00 [INF] [allcodes-651-20260326-124303] ✓ Step 5B: Geconfigureerde respons
2026-03-26 12:43:04.395 +01:00 [INF] [allcodes-651-20260326-124303] ✓ Step 5C: Logging verzendtijd
2026-03-26 12:43:04.412 +01:00 [INF] [allcodes-651-20260326-124303] ✓ Step 5D: Zelfstandige verzending
2026-03-26 12:43:05.193 +01:00 [INF] [allcodes-652-20260326-124303] === COLUMN 5: N-ACK HANDLER (Steps 5A-5D) ===
2026-03-26 12:43:05.193 +01:00 [INF] [allcodes-652-20260326-124303] ✓ Step 5A: Verstuur Ack-bericht
2026-03-26 12:43:05.210 +01:00 [INF] [allcodes-652-20260326-124303] ✓ Step 5B: Geconfigureerde respons
2026-03-26 12:43:05.227 +01:00 [INF] [allcodes-652-20260326-124303] ✓ Step 5C: Logging verzendtijd
2026-03-26 12:43:05.243 +01:00 [INF] [allcodes-652-20260326-124303] ✓ Step 5D: Zelfstandige verzending
2026-03-26 12:43:06.029 +01:00 [INF] [allcodes-653-20260326-124303] === COLUMN 5: N-ACK HANDLER (Steps 5A-5D) ===
2026-03-26 12:43:06.029 +01:00 [INF] [allcodes-653-20260326-124303] ✓ Step 5A: Verstuur Ack-bericht
2026-03-26 12:43:06.045 +01:00 [INF] [allcodes-653-20260326-124303] ✓ Step 5B: Geconfigureerde respons
2026-03-26 12:43:06.061 +01:00 [INF] [allcodes-653-20260326-124303] ✓ Step 5C: Logging verzendtijd
2026-03-26 12:43:06.078 +01:00 [INF] [allcodes-653-20260326-124303] ✓ Step 5D: Zelfstandige verzending
2026-03-26 12:43:06.853 +01:00 [INF] [allcodes-654-20260326-124303] === COLUMN 5: N-ACK HANDLER (Steps 5A-5D) ===
2026-03-26 12:43:06.853 +01:00 [INF] [allcodes-654-20260326-124303] ✓ Step 5A: Verstuur Ack-bericht
2026-03-26 12:43:06.861 +01:00 [INF] [allcodes-654-20260326-124303] ✓ Step 5B: Geconfigureerde respons
2026-03-26 12:43:06.877 +01:00 [INF] [allcodes-654-20260326-124303] ✓ Step 5C: Logging verzendtijd
2026-03-26 12:43:06.894 +01:00 [INF] [allcodes-654-20260326-124303] ✓ Step 5D: Zelfstandige verzending
2026-03-26 12:43:07.703 +01:00 [INF] [allcodes-655-20260326-124303] === COLUMN 5: N-ACK HANDLER (Steps 5A-5D) ===
2026-03-26 12:43:07.703 +01:00 [INF] [allcodes-655-20260326-124303] ✓ Step 5A: Verstuur Ack-bericht
2026-03-26 12:43:07.711 +01:00 [INF] [allcodes-655-20260326-124303] ✓ Step 5B: Geconfigureerde respons
2026-03-26 12:43:07.728 +01:00 [INF] [allcodes-655-20260326-124303] ✓ Step 5C: Logging verzendtijd
2026-03-26 12:43:07.745 +01:00 [INF] [allcodes-655-20260326-124303] ✓ Step 5D: Zelfstandige verzending
2026-03-26 12:43:08.534 +01:00 [INF] [allcodes-656-20260326-124303] === COLUMN 5: N-ACK HANDLER (Steps 5A-5D) ===
2026-03-26 12:43:08.534 +01:00 [INF] [allcodes-656-20260326-124303] ✓ Step 5A: Verstuur Ack-bericht
2026-03-26 12:43:08.544 +01:00 [INF] [allcodes-656-20260326-124303] ✓ Step 5B: Geconfigureerde respons
2026-03-26 12:43:08.560 +01:00 [INF] [allcodes-656-20260326-124303] ✓ Step 5C: Logging verzendtijd
2026-03-26 12:43:08.577 +01:00 [INF] [allcodes-656-20260326-124303] ✓ Step 5D: Zelfstandige verzending
2026-03-26 12:43:09.369 +01:00 [INF] [allcodes-676-20260326-124303] === COLUMN 5: N-ACK HANDLER (Steps 5A-5D) ===
2026-03-26 12:43:09.369 +01:00 [INF] [allcodes-676-20260326-124303] ✓ Step 5A: Verstuur Ack-bericht
2026-03-26 12:43:09.393 +01:00 [INF] [allcodes-676-20260326-124303] ✓ Step 5B: Geconfigureerde respons
2026-03-26 12:43:09.410 +01:00 [INF] [allcodes-676-20260326-124303] ✓ Step 5C: Logging verzendtijd
2026-03-26 12:43:09.426 +01:00 [INF] [allcodes-676-20260326-124303] ✓ Step 5D: Zelfstandige verzending
2026-03-26 12:43:10.204 +01:00 [INF] [allcodes-677-20260326-124303] === COLUMN 5: N-ACK HANDLER (Steps 5A-5D) ===
2026-03-26 12:43:10.204 +01:00 [INF] [allcodes-677-20260326-124303] ✓ Step 5A: Verstuur Ack-bericht
2026-03-26 12:43:10.210 +01:00 [INF] [allcodes-677-20260326-124303] ✓ Step 5B: Geconfigureerde respons
2026-03-26 12:43:10.226 +01:00 [INF] [allcodes-677-20260326-124303] ✓ Step 5C: Logging verzendtijd
2026-03-26 12:43:10.242 +01:00 [INF] [allcodes-677-20260326-124303] ✓ Step 5D: Zelfstandige verzending
2026-03-26 12:43:11.016 +01:00 [INF] [allcodes-678-20260326-124303] === COLUMN 5: N-ACK HANDLER (Steps 5A-5D) ===
2026-03-26 12:43:11.017 +01:00 [INF] [allcodes-678-20260326-124303] ✓ Step 5A: Verstuur Ack-bericht
2026-03-26 12:43:11.026 +01:00 [INF] [allcodes-678-20260326-124303] ✓ Step 5B: Geconfigureerde respons
2026-03-26 12:43:11.043 +01:00 [INF] [allcodes-678-20260326-124303] ✓ Step 5C: Logging verzendtijd
2026-03-26 12:43:11.061 +01:00 [INF] [allcodes-678-20260326-124303] ✓ Step 5D: Zelfstandige verzending
2026-03-26 12:43:11.837 +01:00 [INF] [allcodes-679-20260326-124303] === COLUMN 5: N-ACK HANDLER (Steps 5A-5D) ===
2026-03-26 12:43:11.837 +01:00 [INF] [allcodes-679-20260326-124303] ✓ Step 5A: Verstuur Ack-bericht
2026-03-26 12:43:11.861 +01:00 [INF] [allcodes-679-20260326-124303] ✓ Step 5B: Geconfigureerde respons
2026-03-26 12:43:11.876 +01:00 [INF] [allcodes-679-20260326-124303] ✓ Step 5C: Logging verzendtijd
2026-03-26 12:43:11.893 +01:00 [INF] [allcodes-679-20260326-124303] ✓ Step 5D: Zelfstandige verzending
2026-03-26 12:43:12.669 +01:00 [INF] [allcodes-680-20260326-124303] === COLUMN 5: N-ACK HANDLER (Steps 5A-5D) ===
2026-03-26 12:43:12.669 +01:00 [INF] [allcodes-680-20260326-124303] ✓ Step 5A: Verstuur Ack-bericht
2026-03-26 12:43:12.692 +01:00 [INF] [allcodes-680-20260326-124303] ✓ Step 5B: Geconfigureerde respons
2026-03-26 12:43:12.709 +01:00 [INF] [allcodes-680-20260326-124303] ✓ Step 5C: Logging verzendtijd
2026-03-26 12:43:12.726 +01:00 [INF] [allcodes-680-20260326-124303] ✓ Step 5D: Zelfstandige verzending
2026-03-26 12:43:13.557 +01:00 [INF] [allcodes-686-20260326-124303] === COLUMN 5: N-ACK HANDLER (Steps 5A-5D) ===
2026-03-26 12:43:13.557 +01:00 [INF] [allcodes-686-20260326-124303] ✓ Step 5A: Verstuur Ack-bericht
2026-03-26 12:43:13.576 +01:00 [INF] [allcodes-686-20260326-124303] ✓ Step 5B: Geconfigureerde respons
2026-03-26 12:43:13.593 +01:00 [INF] [allcodes-686-20260326-124303] ✓ Step 5C: Logging verzendtijd
2026-03-26 12:43:13.610 +01:00 [INF] [allcodes-686-20260326-124303] ✓ Step 5D: Zelfstandige verzending
2026-03-26 12:43:14.392 +01:00 [INF] [allcodes-687-20260326-124303] === COLUMN 5: N-ACK HANDLER (Steps 5A-5D) ===
2026-03-26 12:43:14.393 +01:00 [INF] [allcodes-687-20260326-124303] ✓ Step 5A: Verstuur Ack-bericht
2026-03-26 12:43:14.411 +01:00 [INF] [allcodes-687-20260326-124303] ✓ Step 5B: Geconfigureerde respons
2026-03-26 12:43:14.427 +01:00 [INF] [allcodes-687-20260326-124303] ✓ Step 5C: Logging verzendtijd
2026-03-26 12:43:14.444 +01:00 [INF] [allcodes-687-20260326-124303] ✓ Step 5D: Zelfstandige verzending
2026-03-26 12:43:15.236 +01:00 [INF] [allcodes-688-20260326-124303] === COLUMN 5: N-ACK HANDLER (Steps 5A-5D) ===
2026-03-26 12:43:15.236 +01:00 [INF] [allcodes-688-20260326-124303] ✓ Step 5A: Verstuur Ack-bericht
2026-03-26 12:43:15.244 +01:00 [INF] [allcodes-688-20260326-124303] ✓ Step 5B: Geconfigureerde respons
2026-03-26 12:43:15.261 +01:00 [INF] [allcodes-688-20260326-124303] ✓ Step 5C: Logging verzendtijd
2026-03-26 12:43:15.276 +01:00 [INF] [allcodes-688-20260326-124303] ✓ Step 5D: Zelfstandige verzending
2026-03-26 12:43:16.074 +01:00 [INF] [allcodes-689-20260326-124303] === COLUMN 5: N-ACK HANDLER (Steps 5A-5D) ===
2026-03-26 12:43:16.074 +01:00 [INF] [allcodes-689-20260326-124303] ✓ Step 5A: Verstuur Ack-bericht
2026-03-26 12:43:16.093 +01:00 [INF] [allcodes-689-20260326-124303] ✓ Step 5B: Geconfigureerde respons
2026-03-26 12:43:16.109 +01:00 [INF] [allcodes-689-20260326-124303] ✓ Step 5C: Logging verzendtijd
2026-03-26 12:43:16.127 +01:00 [INF] [allcodes-689-20260326-124303] ✓ Step 5D: Zelfstandige verzending
2026-03-26 12:43:16.901 +01:00 [INF] [allcodes-700-20260326-124303] === COLUMN 5: N-ACK HANDLER (Steps 5A-5D) ===
2026-03-26 12:43:16.902 +01:00 [INF] [allcodes-700-20260326-124303] ✓ Step 5A: Verstuur Ack-bericht
2026-03-26 12:43:16.926 +01:00 [INF] [allcodes-700-20260326-124303] ✓ Step 5B: Geconfigureerde respons
2026-03-26 12:43:16.942 +01:00 [INF] [allcodes-700-20260326-124303] ✓ Step 5C: Logging verzendtijd
2026-03-26 12:43:16.958 +01:00 [INF] [allcodes-700-20260326-124303] ✓ Step 5D: Zelfstandige verzending
2026-03-26 12:43:17.768 +01:00 [INF] [allcodes-701-20260326-124303] === COLUMN 5: N-ACK HANDLER (Steps 5A-5D) ===
2026-03-26 12:43:17.768 +01:00 [INF] [allcodes-701-20260326-124303] ✓ Step 5A: Verstuur Ack-bericht
2026-03-26 12:43:17.792 +01:00 [INF] [allcodes-701-20260326-124303] ✓ Step 5B: Geconfigureerde respons
2026-03-26 12:43:17.809 +01:00 [INF] [allcodes-701-20260326-124303] ✓ Step 5C: Logging verzendtijd
2026-03-26 12:43:17.826 +01:00 [INF] [allcodes-701-20260326-124303] ✓ Step 5D: Zelfstandige verzending
2026-03-26 12:43:18.592 +01:00 [INF] [allcodes-702-20260326-124303] === COLUMN 5: N-ACK HANDLER (Steps 5A-5D) ===
2026-03-26 12:43:18.592 +01:00 [INF] [allcodes-702-20260326-124303] ✓ Step 5A: Verstuur Ack-bericht
2026-03-26 12:43:18.609 +01:00 [INF] [allcodes-702-20260326-124303] ✓ Step 5B: Geconfigureerde respons
2026-03-26 12:43:18.626 +01:00 [INF] [allcodes-702-20260326-124303] ✓ Step 5C: Logging verzendtijd
2026-03-26 12:43:18.642 +01:00 [INF] [allcodes-702-20260326-124303] ✓ Step 5D: Zelfstandige verzending
2026-03-26 12:43:19.449 +01:00 [INF] [allcodes-754-20260326-124303] === COLUMN 5: N-ACK HANDLER (Steps 5A-5D) ===
2026-03-26 12:43:19.449 +01:00 [INF] [allcodes-754-20260326-124303] ✓ Step 5A: Verstuur Ack-bericht
2026-03-26 12:43:19.460 +01:00 [INF] [allcodes-754-20260326-124303] ✓ Step 5B: Geconfigureerde respons
2026-03-26 12:43:19.476 +01:00 [INF] [allcodes-754-20260326-124303] ✓ Step 5C: Logging verzendtijd
2026-03-26 12:43:19.493 +01:00 [INF] [allcodes-754-20260326-124303] ✓ Step 5D: Zelfstandige verzending
2026-03-26 12:43:20.284 +01:00 [INF] [allcodes-755-20260326-124303] === COLUMN 5: N-ACK HANDLER (Steps 5A-5D) ===
2026-03-26 12:43:20.284 +01:00 [INF] [allcodes-755-20260326-124303] ✓ Step 5A: Verstuur Ack-bericht
2026-03-26 12:43:20.309 +01:00 [INF] [allcodes-755-20260326-124303] ✓ Step 5B: Geconfigureerde respons
2026-03-26 12:43:20.326 +01:00 [INF] [allcodes-755-20260326-124303] ✓ Step 5C: Logging verzendtijd
2026-03-26 12:43:20.342 +01:00 [INF] [allcodes-755-20260326-124303] ✓ Step 5D: Zelfstandige verzending
2026-03-26 12:43:21.117 +01:00 [INF] [allcodes-756-20260326-124303] === COLUMN 5: N-ACK HANDLER (Steps 5A-5D) ===
2026-03-26 12:43:21.118 +01:00 [INF] [allcodes-756-20260326-124303] ✓ Step 5A: Verstuur Ack-bericht
2026-03-26 12:43:21.139 +01:00 [INF] [allcodes-756-20260326-124303] ✓ Step 5B: Geconfigureerde respons
2026-03-26 12:43:21.159 +01:00 [INF] [allcodes-756-20260326-124303] ✓ Step 5C: Logging verzendtijd
2026-03-26 12:43:21.176 +01:00 [INF] [allcodes-756-20260326-124303] ✓ Step 5D: Zelfstandige verzending
2026-03-26 12:43:21.969 +01:00 [INF] [allcodes-758-20260326-124303] === COLUMN 5: N-ACK HANDLER (Steps 5A-5D) ===
2026-03-26 12:43:21.969 +01:00 [INF] [allcodes-758-20260326-124303] ✓ Step 5A: Verstuur Ack-bericht
2026-03-26 12:43:21.991 +01:00 [INF] [allcodes-758-20260326-124303] ✓ Step 5B: Geconfigureerde respons
2026-03-26 12:43:22.009 +01:00 [INF] [allcodes-758-20260326-124303] ✓ Step 5C: Logging verzendtijd
2026-03-26 12:43:22.025 +01:00 [INF] [allcodes-758-20260326-124303] ✓ Step 5D: Zelfstandige verzending
2026-03-26 12:43:22.785 +01:00 [INF] [allcodes-759-20260326-124303] === COLUMN 5: N-ACK HANDLER (Steps 5A-5D) ===
2026-03-26 12:43:22.785 +01:00 [INF] [allcodes-759-20260326-124303] ✓ Step 5A: Verstuur Ack-bericht
2026-03-26 12:43:22.808 +01:00 [INF] [allcodes-759-20260326-124303] ✓ Step 5B: Geconfigureerde respons
2026-03-26 12:43:22.825 +01:00 [INF] [allcodes-759-20260326-124303] ✓ Step 5C: Logging verzendtijd
2026-03-26 12:43:22.841 +01:00 [INF] [allcodes-759-20260326-124303] ✓ Step 5D: Zelfstandige verzending
2026-03-26 12:43:23.608 +01:00 [INF] [allcodes-760-20260326-124303] === COLUMN 5: N-ACK HANDLER (Steps 5A-5D) ===
2026-03-26 12:43:23.609 +01:00 [INF] [allcodes-760-20260326-124303] ✓ Step 5A: Verstuur Ack-bericht
2026-03-26 12:43:23.626 +01:00 [INF] [allcodes-760-20260326-124303] ✓ Step 5B: Geconfigureerde respons
2026-03-26 12:43:23.643 +01:00 [INF] [allcodes-760-20260326-124303] ✓ Step 5C: Logging verzendtijd
2026-03-26 12:43:23.660 +01:00 [INF] [allcodes-760-20260326-124303] ✓ Step 5D: Zelfstandige verzending
2026-03-26 12:43:24.474 +01:00 [INF] [allcodes-772-20260326-124303] === COLUMN 5: N-ACK HANDLER (Steps 5A-5D) ===
2026-03-26 12:43:24.474 +01:00 [INF] [allcodes-772-20260326-124303] ✓ Step 5A: Verstuur Ack-bericht
2026-03-26 12:43:24.491 +01:00 [INF] [allcodes-772-20260326-124303] ✓ Step 5B: Geconfigureerde respons
2026-03-26 12:43:24.509 +01:00 [INF] [allcodes-772-20260326-124303] ✓ Step 5C: Logging verzendtijd
2026-03-26 12:43:24.525 +01:00 [INF] [allcodes-772-20260326-124303] ✓ Step 5D: Zelfstandige verzending
2026-03-26 12:43:25.286 +01:00 [INF] [allcodes-773-20260326-124303] === COLUMN 5: N-ACK HANDLER (Steps 5A-5D) ===
2026-03-26 12:43:25.286 +01:00 [INF] [allcodes-773-20260326-124303] ✓ Step 5A: Verstuur Ack-bericht
2026-03-26 12:43:25.309 +01:00 [INF] [allcodes-773-20260326-124303] ✓ Step 5B: Geconfigureerde respons
2026-03-26 12:43:25.325 +01:00 [INF] [allcodes-773-20260326-124303] ✓ Step 5C: Logging verzendtijd
2026-03-26 12:43:25.343 +01:00 [INF] [allcodes-773-20260326-124303] ✓ Step 5D: Zelfstandige verzending
2026-03-26 12:43:26.165 +01:00 [INF] [allcodes-774-20260326-124303] === COLUMN 5: N-ACK HANDLER (Steps 5A-5D) ===
2026-03-26 12:43:26.165 +01:00 [INF] [allcodes-774-20260326-124303] ✓ Step 5A: Verstuur Ack-bericht
2026-03-26 12:43:26.175 +01:00 [INF] [allcodes-774-20260326-124303] ✓ Step 5B: Geconfigureerde respons
2026-03-26 12:43:26.190 +01:00 [INF] [allcodes-774-20260326-124303] ✓ Step 5C: Logging verzendtijd
2026-03-26 12:43:26.209 +01:00 [INF] [allcodes-774-20260326-124303] ✓ Step 5D: Zelfstandige verzending
2026-03-26 12:43:26.953 +01:00 [INF] [allcodes-775-20260326-124303] === COLUMN 5: N-ACK HANDLER (Steps 5A-5D) ===
2026-03-26 12:43:26.953 +01:00 [INF] [allcodes-775-20260326-124303] ✓ Step 5A: Verstuur Ack-bericht
2026-03-26 12:43:26.960 +01:00 [INF] [allcodes-775-20260326-124303] ✓ Step 5B: Geconfigureerde respons
2026-03-26 12:43:26.974 +01:00 [INF] [allcodes-775-20260326-124303] ✓ Step 5C: Logging verzendtijd
2026-03-26 12:43:26.991 +01:00 [INF] [allcodes-775-20260326-124303] ✓ Step 5D: Zelfstandige verzending
2026-03-26 12:43:27.767 +01:00 [INF] [allcodes-780-20260326-124303] === COLUMN 5: N-ACK HANDLER (Steps 5A-5D) ===
2026-03-26 12:43:27.767 +01:00 [INF] [allcodes-780-20260326-124303] ✓ Step 5A: Verstuur Ack-bericht
2026-03-26 12:43:27.799 +01:00 [INF] [allcodes-780-20260326-124303] ✓ Step 5B: Geconfigureerde respons
2026-03-26 12:43:27.810 +01:00 [INF] [allcodes-780-20260326-124303] ✓ Step 5C: Logging verzendtijd
2026-03-26 12:43:27.826 +01:00 [INF] [allcodes-780-20260326-124303] ✓ Step 5D: Zelfstandige verzending
2026-03-26 12:43:28.617 +01:00 [INF] [allcodes-781-20260326-124303] === COLUMN 5: N-ACK HANDLER (Steps 5A-5D) ===
2026-03-26 12:43:28.617 +01:00 [INF] [allcodes-781-20260326-124303] ✓ Step 5A: Verstuur Ack-bericht
2026-03-26 12:43:28.641 +01:00 [INF] [allcodes-781-20260326-124303] ✓ Step 5B: Geconfigureerde respons
2026-03-26 12:43:28.658 +01:00 [INF] [allcodes-781-20260326-124303] ✓ Step 5C: Logging verzendtijd
2026-03-26 12:43:28.674 +01:00 [INF] [allcodes-781-20260326-124303] ✓ Step 5D: Zelfstandige verzending
2026-03-26 12:43:29.449 +01:00 [INF] [allcodes-782-20260326-124303] === COLUMN 5: N-ACK HANDLER (Steps 5A-5D) ===
2026-03-26 12:43:29.449 +01:00 [INF] [allcodes-782-20260326-124303] ✓ Step 5A: Verstuur Ack-bericht
2026-03-26 12:43:29.460 +01:00 [INF] [allcodes-782-20260326-124303] ✓ Step 5B: Geconfigureerde respons
2026-03-26 12:43:29.476 +01:00 [INF] [allcodes-782-20260326-124303] ✓ Step 5C: Logging verzendtijd
2026-03-26 12:43:29.492 +01:00 [INF] [allcodes-782-20260326-124303] ✓ Step 5D: Zelfstandige verzending
2026-03-26 12:43:30.297 +01:00 [INF] [allcodes-999-20260326-124303] === COLUMN 5: N-ACK HANDLER (Steps 5A-5D) ===
2026-03-26 12:43:30.297 +01:00 [INF] [allcodes-999-20260326-124303] ✓ Step 5A: Verstuur Ack-bericht
2026-03-26 12:43:30.308 +01:00 [INF] [allcodes-999-20260326-124303] ✓ Step 5B: Geconfigureerde respons
2026-03-26 12:43:30.326 +01:00 [INF] [allcodes-999-20260326-124303] ✓ Step 5C: Logging verzendtijd
2026-03-26 12:43:30.342 +01:00 [INF] [allcodes-999-20260326-124303] ✓ Step 5D: Zelfstandige verzending
2026-03-26 12:49:21.503 +01:00 [INF] [allcodes-650-20260326-124920] === COLUMN 5: N-ACK HANDLER (Steps 5A-5D) ===
2026-03-26 12:49:21.535 +01:00 [INF] [allcodes-650-20260326-124920] ✓ Step 5A: Verstuur Nack-bericht
2026-03-26 12:49:21.543 +01:00 [INF] [allcodes-650-20260326-124920] ✓ Step 5B: Geconfigureerde respons
2026-03-26 12:49:21.558 +01:00 [INF] [allcodes-650-20260326-124920] ✓ Step 5C: Logging verzendtijd
2026-03-26 12:49:21.575 +01:00 [INF] [allcodes-650-20260326-124920] ✓ Step 5D: Zelfstandige verzending
2026-03-26 12:49:22.570 +01:00 [INF] [allcodes-651-20260326-124920] === COLUMN 5: N-ACK HANDLER (Steps 5A-5D) ===
2026-03-26 12:49:22.572 +01:00 [INF] [allcodes-651-20260326-124920] ✓ Step 5A: Verstuur Nack-bericht
2026-03-26 12:49:22.595 +01:00 [INF] [allcodes-651-20260326-124920] ✓ Step 5B: Geconfigureerde respons
2026-03-26 12:49:22.609 +01:00 [INF] [allcodes-651-20260326-124920] ✓ Step 5C: Logging verzendtijd
2026-03-26 12:49:22.626 +01:00 [INF] [allcodes-651-20260326-124920] ✓ Step 5D: Zelfstandige verzending
2026-03-26 12:49:23.453 +01:00 [INF] [allcodes-652-20260326-124920] === COLUMN 5: N-ACK HANDLER (Steps 5A-5D) ===
2026-03-26 12:49:23.454 +01:00 [INF] [allcodes-652-20260326-124920] ✓ Step 5A: Verstuur Nack-bericht
2026-03-26 12:49:23.476 +01:00 [INF] [allcodes-652-20260326-124920] ✓ Step 5B: Geconfigureerde respons
2026-03-26 12:49:23.494 +01:00 [INF] [allcodes-652-20260326-124920] ✓ Step 5C: Logging verzendtijd
2026-03-26 12:49:23.512 +01:00 [INF] [allcodes-652-20260326-124920] ✓ Step 5D: Zelfstandige verzending
2026-03-26 12:49:24.369 +01:00 [INF] [allcodes-653-20260326-124920] === COLUMN 5: N-ACK HANDLER (Steps 5A-5D) ===
2026-03-26 12:49:24.370 +01:00 [INF] [allcodes-653-20260326-124920] ✓ Step 5A: Verstuur Nack-bericht
2026-03-26 12:49:24.393 +01:00 [INF] [allcodes-653-20260326-124920] ✓ Step 5B: Geconfigureerde respons
2026-03-26 12:49:24.411 +01:00 [INF] [allcodes-653-20260326-124920] ✓ Step 5C: Logging verzendtijd
2026-03-26 12:49:24.426 +01:00 [INF] [allcodes-653-20260326-124920] ✓ Step 5D: Zelfstandige verzending
2026-03-26 12:49:25.270 +01:00 [INF] [allcodes-654-20260326-124920] === COLUMN 5: N-ACK HANDLER (Steps 5A-5D) ===
2026-03-26 12:49:25.272 +01:00 [INF] [allcodes-654-20260326-124920] ✓ Step 5A: Verstuur Nack-bericht
2026-03-26 12:49:25.293 +01:00 [INF] [allcodes-654-20260326-124920] ✓ Step 5B: Geconfigureerde respons
2026-03-26 12:49:25.309 +01:00 [INF] [allcodes-654-20260326-124920] ✓ Step 5C: Logging verzendtijd
2026-03-26 12:49:25.329 +01:00 [INF] [allcodes-654-20260326-124920] ✓ Step 5D: Zelfstandige verzending
2026-03-26 12:49:26.170 +01:00 [INF] [allcodes-655-20260326-124920] === COLUMN 5: N-ACK HANDLER (Steps 5A-5D) ===
2026-03-26 12:49:26.172 +01:00 [INF] [allcodes-655-20260326-124920] ✓ Step 5A: Verstuur Nack-bericht
2026-03-26 12:49:26.195 +01:00 [INF] [allcodes-655-20260326-124920] ✓ Step 5B: Geconfigureerde respons
2026-03-26 12:49:26.209 +01:00 [INF] [allcodes-655-20260326-124920] ✓ Step 5C: Logging verzendtijd
2026-03-26 12:49:26.225 +01:00 [INF] [allcodes-655-20260326-124920] ✓ Step 5D: Zelfstandige verzending
2026-03-26 12:49:27.078 +01:00 [INF] [allcodes-656-20260326-124920] === COLUMN 5: N-ACK HANDLER (Steps 5A-5D) ===
2026-03-26 12:49:27.079 +01:00 [INF] [allcodes-656-20260326-124920] ✓ Step 5A: Verstuur Nack-bericht
2026-03-26 12:49:27.095 +01:00 [INF] [allcodes-656-20260326-124920] ✓ Step 5B: Geconfigureerde respons
2026-03-26 12:49:27.109 +01:00 [INF] [allcodes-656-20260326-124920] ✓ Step 5C: Logging verzendtijd
2026-03-26 12:49:27.125 +01:00 [INF] [allcodes-656-20260326-124920] ✓ Step 5D: Zelfstandige verzending
2026-03-26 12:49:27.967 +01:00 [INF] [allcodes-676-20260326-124920] === COLUMN 5: N-ACK HANDLER (Steps 5A-5D) ===
2026-03-26 12:49:27.969 +01:00 [INF] [allcodes-676-20260326-124920] ✓ Step 5A: Verstuur Nack-bericht
2026-03-26 12:49:27.985 +01:00 [INF] [allcodes-676-20260326-124920] ✓ Step 5B: Geconfigureerde respons
2026-03-26 12:49:27.996 +01:00 [INF] [allcodes-676-20260326-124920] ✓ Step 5C: Logging verzendtijd
2026-03-26 12:49:28.011 +01:00 [INF] [allcodes-676-20260326-124920] ✓ Step 5D: Zelfstandige verzending
2026-03-26 12:49:28.786 +01:00 [INF] [allcodes-677-20260326-124920] === COLUMN 5: N-ACK HANDLER (Steps 5A-5D) ===
2026-03-26 12:49:28.788 +01:00 [INF] [allcodes-677-20260326-124920] ✓ Step 5A: Verstuur Nack-bericht
2026-03-26 12:49:28.794 +01:00 [INF] [allcodes-677-20260326-124920] ✓ Step 5B: Geconfigureerde respons
2026-03-26 12:49:28.809 +01:00 [INF] [allcodes-677-20260326-124920] ✓ Step 5C: Logging verzendtijd
2026-03-26 12:49:28.828 +01:00 [INF] [allcodes-677-20260326-124920] ✓ Step 5D: Zelfstandige verzending
2026-03-26 12:49:29.637 +01:00 [INF] [allcodes-678-20260326-124920] === COLUMN 5: N-ACK HANDLER (Steps 5A-5D) ===
2026-03-26 12:49:29.638 +01:00 [INF] [allcodes-678-20260326-124920] ✓ Step 5A: Verstuur Nack-bericht
2026-03-26 12:49:29.649 +01:00 [INF] [allcodes-678-20260326-124920] ✓ Step 5B: Geconfigureerde respons
2026-03-26 12:49:29.661 +01:00 [INF] [allcodes-678-20260326-124920] ✓ Step 5C: Logging verzendtijd
2026-03-26 12:49:29.675 +01:00 [INF] [allcodes-678-20260326-124920] ✓ Step 5D: Zelfstandige verzending
2026-03-26 12:49:30.521 +01:00 [INF] [allcodes-679-20260326-124920] === COLUMN 5: N-ACK HANDLER (Steps 5A-5D) ===
2026-03-26 12:49:30.522 +01:00 [INF] [allcodes-679-20260326-124920] ✓ Step 5A: Verstuur Nack-bericht
2026-03-26 12:49:30.534 +01:00 [INF] [allcodes-679-20260326-124920] ✓ Step 5B: Geconfigureerde respons
2026-03-26 12:49:30.549 +01:00 [INF] [allcodes-679-20260326-124920] ✓ Step 5C: Logging verzendtijd
2026-03-26 12:49:30.575 +01:00 [INF] [allcodes-679-20260326-124920] ✓ Step 5D: Zelfstandige verzending
2026-03-26 12:49:31.439 +01:00 [INF] [allcodes-680-20260326-124920] === COLUMN 5: N-ACK HANDLER (Steps 5A-5D) ===
2026-03-26 12:49:31.440 +01:00 [INF] [allcodes-680-20260326-124920] ✓ Step 5A: Verstuur Nack-bericht
2026-03-26 12:49:31.464 +01:00 [INF] [allcodes-680-20260326-124920] ✓ Step 5B: Geconfigureerde respons
2026-03-26 12:49:31.482 +01:00 [INF] [allcodes-680-20260326-124920] ✓ Step 5C: Logging verzendtijd
2026-03-26 12:49:31.494 +01:00 [INF] [allcodes-680-20260326-124920] ✓ Step 5D: Zelfstandige verzending
2026-03-26 12:49:32.336 +01:00 [INF] [allcodes-686-20260326-124920] === COLUMN 5: N-ACK HANDLER (Steps 5A-5D) ===
2026-03-26 12:49:32.337 +01:00 [INF] [allcodes-686-20260326-124920] ✓ Step 5A: Verstuur Nack-bericht
2026-03-26 12:49:32.341 +01:00 [INF] [allcodes-686-20260326-124920] ✓ Step 5B: Geconfigureerde respons
2026-03-26 12:49:32.358 +01:00 [INF] [allcodes-686-20260326-124920] ✓ Step 5C: Logging verzendtijd
2026-03-26 12:49:32.375 +01:00 [INF] [allcodes-686-20260326-124920] ✓ Step 5D: Zelfstandige verzending
2026-03-26 12:49:33.185 +01:00 [INF] [allcodes-687-20260326-124920] === COLUMN 5: N-ACK HANDLER (Steps 5A-5D) ===
2026-03-26 12:49:33.187 +01:00 [INF] [allcodes-687-20260326-124920] ✓ Step 5A: Verstuur Nack-bericht
2026-03-26 12:49:33.197 +01:00 [INF] [allcodes-687-20260326-124920] ✓ Step 5B: Geconfigureerde respons
2026-03-26 12:49:33.224 +01:00 [INF] [allcodes-687-20260326-124920] ✓ Step 5C: Logging verzendtijd
2026-03-26 12:49:33.241 +01:00 [INF] [allcodes-687-20260326-124920] ✓ Step 5D: Zelfstandige verzending
2026-03-26 12:49:34.002 +01:00 [INF] [allcodes-688-20260326-124920] === COLUMN 5: N-ACK HANDLER (Steps 5A-5D) ===
2026-03-26 12:49:34.004 +01:00 [INF] [allcodes-688-20260326-124920] ✓ Step 5A: Verstuur Nack-bericht
2026-03-26 12:49:34.025 +01:00 [INF] [allcodes-688-20260326-124920] ✓ Step 5B: Geconfigureerde respons
2026-03-26 12:49:34.045 +01:00 [INF] [allcodes-688-20260326-124920] ✓ Step 5C: Logging verzendtijd
2026-03-26 12:49:34.058 +01:00 [INF] [allcodes-688-20260326-124920] ✓ Step 5D: Zelfstandige verzending
2026-03-26 12:49:34.866 +01:00 [INF] [allcodes-689-20260326-124920] === COLUMN 5: N-ACK HANDLER (Steps 5A-5D) ===
2026-03-26 12:49:34.868 +01:00 [INF] [allcodes-689-20260326-124920] ✓ Step 5A: Verstuur Nack-bericht
2026-03-26 12:49:34.887 +01:00 [INF] [allcodes-689-20260326-124920] ✓ Step 5B: Geconfigureerde respons
2026-03-26 12:49:34.908 +01:00 [INF] [allcodes-689-20260326-124920] ✓ Step 5C: Logging verzendtijd
2026-03-26 12:49:34.924 +01:00 [INF] [allcodes-689-20260326-124920] ✓ Step 5D: Zelfstandige verzending
2026-03-26 12:49:35.783 +01:00 [INF] [allcodes-700-20260326-124920] === COLUMN 5: N-ACK HANDLER (Steps 5A-5D) ===
2026-03-26 12:49:35.784 +01:00 [INF] [allcodes-700-20260326-124920] ✓ Step 5A: Verstuur Nack-bericht
2026-03-26 12:49:35.808 +01:00 [INF] [allcodes-700-20260326-124920] ✓ Step 5B: Geconfigureerde respons
2026-03-26 12:49:35.823 +01:00 [INF] [allcodes-700-20260326-124920] ✓ Step 5C: Logging verzendtijd
2026-03-26 12:49:35.844 +01:00 [INF] [allcodes-700-20260326-124920] ✓ Step 5D: Zelfstandige verzending
2026-03-26 12:49:36.702 +01:00 [INF] [allcodes-701-20260326-124920] === COLUMN 5: N-ACK HANDLER (Steps 5A-5D) ===
2026-03-26 12:49:36.704 +01:00 [INF] [allcodes-701-20260326-124920] ✓ Step 5A: Verstuur Nack-bericht
2026-03-26 12:49:36.724 +01:00 [INF] [allcodes-701-20260326-124920] ✓ Step 5B: Geconfigureerde respons
2026-03-26 12:49:36.747 +01:00 [INF] [allcodes-701-20260326-124920] ✓ Step 5C: Logging verzendtijd
2026-03-26 12:49:36.763 +01:00 [INF] [allcodes-701-20260326-124920] ✓ Step 5D: Zelfstandige verzending
2026-03-26 12:49:37.543 +01:00 [INF] [allcodes-702-20260326-124920] === COLUMN 5: N-ACK HANDLER (Steps 5A-5D) ===
2026-03-26 12:49:37.544 +01:00 [INF] [allcodes-702-20260326-124920] ✓ Step 5A: Verstuur Nack-bericht
2026-03-26 12:49:37.558 +01:00 [INF] [allcodes-702-20260326-124920] ✓ Step 5B: Geconfigureerde respons
2026-03-26 12:49:37.574 +01:00 [INF] [allcodes-702-20260326-124920] ✓ Step 5C: Logging verzendtijd
2026-03-26 12:49:37.596 +01:00 [INF] [allcodes-702-20260326-124920] ✓ Step 5D: Zelfstandige verzending
2026-03-26 12:49:38.400 +01:00 [INF] [allcodes-754-20260326-124920] === COLUMN 5: N-ACK HANDLER (Steps 5A-5D) ===
2026-03-26 12:49:38.401 +01:00 [INF] [allcodes-754-20260326-124920] ✓ Step 5A: Verstuur Nack-bericht
2026-03-26 12:49:38.407 +01:00 [INF] [allcodes-754-20260326-124920] ✓ Step 5B: Geconfigureerde respons
2026-03-26 12:49:38.424 +01:00 [INF] [allcodes-754-20260326-124920] ✓ Step 5C: Logging verzendtijd
2026-03-26 12:49:38.448 +01:00 [INF] [allcodes-754-20260326-124920] ✓ Step 5D: Zelfstandige verzending
2026-03-26 12:49:39.242 +01:00 [INF] [allcodes-755-20260326-124920] === COLUMN 5: N-ACK HANDLER (Steps 5A-5D) ===
2026-03-26 12:49:39.243 +01:00 [INF] [allcodes-755-20260326-124920] ✓ Step 5A: Verstuur Nack-bericht
2026-03-26 12:49:39.258 +01:00 [INF] [allcodes-755-20260326-124920] ✓ Step 5B: Geconfigureerde respons
2026-03-26 12:49:39.273 +01:00 [INF] [allcodes-755-20260326-124920] ✓ Step 5C: Logging verzendtijd
2026-03-26 12:49:39.286 +01:00 [INF] [allcodes-755-20260326-124920] ✓ Step 5D: Zelfstandige verzending
2026-03-26 12:49:40.081 +01:00 [INF] [allcodes-756-20260326-124920] === COLUMN 5: N-ACK HANDLER (Steps 5A-5D) ===
2026-03-26 12:49:40.082 +01:00 [INF] [allcodes-756-20260326-124920] ✓ Step 5A: Verstuur Nack-bericht
2026-03-26 12:49:40.090 +01:00 [INF] [allcodes-756-20260326-124920] ✓ Step 5B: Geconfigureerde respons
2026-03-26 12:49:40.107 +01:00 [INF] [allcodes-756-20260326-124920] ✓ Step 5C: Logging verzendtijd
2026-03-26 12:49:40.120 +01:00 [INF] [allcodes-756-20260326-124920] ✓ Step 5D: Zelfstandige verzending
2026-03-26 12:49:40.894 +01:00 [INF] [allcodes-758-20260326-124920] === COLUMN 5: N-ACK HANDLER (Steps 5A-5D) ===
2026-03-26 12:49:40.895 +01:00 [INF] [allcodes-758-20260326-124920] ✓ Step 5A: Verstuur Nack-bericht
2026-03-26 12:49:40.907 +01:00 [INF] [allcodes-758-20260326-124920] ✓ Step 5B: Geconfigureerde respons
2026-03-26 12:49:40.924 +01:00 [INF] [allcodes-758-20260326-124920] ✓ Step 5C: Logging verzendtijd
2026-03-26 12:49:40.950 +01:00 [INF] [allcodes-758-20260326-124920] ✓ Step 5D: Zelfstandige verzending
2026-03-26 12:49:41.731 +01:00 [INF] [allcodes-759-20260326-124920] === COLUMN 5: N-ACK HANDLER (Steps 5A-5D) ===
2026-03-26 12:49:41.733 +01:00 [INF] [allcodes-759-20260326-124920] ✓ Step 5A: Verstuur Nack-bericht
2026-03-26 12:49:41.743 +01:00 [INF] [allcodes-759-20260326-124920] ✓ Step 5B: Geconfigureerde respons
2026-03-26 12:49:41.757 +01:00 [INF] [allcodes-759-20260326-124920] ✓ Step 5C: Logging verzendtijd
2026-03-26 12:49:41.772 +01:00 [INF] [allcodes-759-20260326-124920] ✓ Step 5D: Zelfstandige verzending
2026-03-26 12:49:42.668 +01:00 [INF] [allcodes-760-20260326-124920] === COLUMN 5: N-ACK HANDLER (Steps 5A-5D) ===
2026-03-26 12:49:42.670 +01:00 [INF] [allcodes-760-20260326-124920] ✓ Step 5A: Verstuur Nack-bericht
2026-03-26 12:49:42.686 +01:00 [INF] [allcodes-760-20260326-124920] ✓ Step 5B: Geconfigureerde respons
2026-03-26 12:49:42.700 +01:00 [INF] [allcodes-760-20260326-124920] ✓ Step 5C: Logging verzendtijd
2026-03-26 12:49:42.712 +01:00 [INF] [allcodes-760-20260326-124920] ✓ Step 5D: Zelfstandige verzending
2026-03-26 12:49:43.465 +01:00 [INF] [allcodes-772-20260326-124920] === COLUMN 5: N-ACK HANDLER (Steps 5A-5D) ===
2026-03-26 12:49:43.467 +01:00 [INF] [allcodes-772-20260326-124920] ✓ Step 5A: Verstuur Nack-bericht
2026-03-26 12:49:43.478 +01:00 [INF] [allcodes-772-20260326-124920] ✓ Step 5B: Geconfigureerde respons
2026-03-26 12:49:43.493 +01:00 [INF] [allcodes-772-20260326-124920] ✓ Step 5C: Logging verzendtijd
2026-03-26 12:49:43.507 +01:00 [INF] [allcodes-772-20260326-124920] ✓ Step 5D: Zelfstandige verzending
2026-03-26 12:49:44.314 +01:00 [INF] [allcodes-773-20260326-124920] === COLUMN 5: N-ACK HANDLER (Steps 5A-5D) ===
2026-03-26 12:49:44.316 +01:00 [INF] [allcodes-773-20260326-124920] ✓ Step 5A: Verstuur Nack-bericht
2026-03-26 12:49:44.324 +01:00 [INF] [allcodes-773-20260326-124920] ✓ Step 5B: Geconfigureerde respons
2026-03-26 12:49:44.340 +01:00 [INF] [allcodes-773-20260326-124920] ✓ Step 5C: Logging verzendtijd
2026-03-26 12:49:44.355 +01:00 [INF] [allcodes-773-20260326-124920] ✓ Step 5D: Zelfstandige verzending
2026-03-26 12:49:45.166 +01:00 [INF] [allcodes-774-20260326-124920] === COLUMN 5: N-ACK HANDLER (Steps 5A-5D) ===
2026-03-26 12:49:45.167 +01:00 [INF] [allcodes-774-20260326-124920] ✓ Step 5A: Verstuur Nack-bericht
2026-03-26 12:49:45.173 +01:00 [INF] [allcodes-774-20260326-124920] ✓ Step 5B: Geconfigureerde respons
2026-03-26 12:49:45.201 +01:00 [INF] [allcodes-774-20260326-124920] ✓ Step 5C: Logging verzendtijd
2026-03-26 12:49:45.222 +01:00 [INF] [allcodes-774-20260326-124920] ✓ Step 5D: Zelfstandige verzending
2026-03-26 12:49:46.017 +01:00 [INF] [allcodes-775-20260326-124920] === COLUMN 5: N-ACK HANDLER (Steps 5A-5D) ===
2026-03-26 12:49:46.019 +01:00 [INF] [allcodes-775-20260326-124920] ✓ Step 5A: Verstuur Nack-bericht
2026-03-26 12:49:46.040 +01:00 [INF] [allcodes-775-20260326-124920] ✓ Step 5B: Geconfigureerde respons
2026-03-26 12:49:46.056 +01:00 [INF] [allcodes-775-20260326-124920] ✓ Step 5C: Logging verzendtijd
2026-03-26 12:49:46.072 +01:00 [INF] [allcodes-775-20260326-124920] ✓ Step 5D: Zelfstandige verzending
2026-03-26 12:49:46.877 +01:00 [INF] [allcodes-780-20260326-124920] === COLUMN 5: N-ACK HANDLER (Steps 5A-5D) ===
2026-03-26 12:49:46.878 +01:00 [INF] [allcodes-780-20260326-124920] ✓ Step 5A: Verstuur Nack-bericht
2026-03-26 12:49:46.891 +01:00 [INF] [allcodes-780-20260326-124920] ✓ Step 5B: Geconfigureerde respons
2026-03-26 12:49:46.907 +01:00 [INF] [allcodes-780-20260326-124920] ✓ Step 5C: Logging verzendtijd
2026-03-26 12:49:46.922 +01:00 [INF] [allcodes-780-20260326-124920] ✓ Step 5D: Zelfstandige verzending
2026-03-26 12:49:47.747 +01:00 [INF] [allcodes-781-20260326-124920] === COLUMN 5: N-ACK HANDLER (Steps 5A-5D) ===
2026-03-26 12:49:47.749 +01:00 [INF] [allcodes-781-20260326-124920] ✓ Step 5A: Verstuur Nack-bericht
2026-03-26 12:49:47.761 +01:00 [INF] [allcodes-781-20260326-124920] ✓ Step 5B: Geconfigureerde respons
2026-03-26 12:49:47.776 +01:00 [INF] [allcodes-781-20260326-124920] ✓ Step 5C: Logging verzendtijd
2026-03-26 12:49:47.790 +01:00 [INF] [allcodes-781-20260326-124920] ✓ Step 5D: Zelfstandige verzending
2026-03-26 12:49:48.609 +01:00 [INF] [allcodes-782-20260326-124920] === COLUMN 5: N-ACK HANDLER (Steps 5A-5D) ===
2026-03-26 12:49:48.611 +01:00 [INF] [allcodes-782-20260326-124920] ✓ Step 5A: Verstuur Nack-bericht
2026-03-26 12:49:48.622 +01:00 [INF] [allcodes-782-20260326-124920] ✓ Step 5B: Geconfigureerde respons
2026-03-26 12:49:48.648 +01:00 [INF] [allcodes-782-20260326-124920] ✓ Step 5C: Logging verzendtijd
2026-03-26 12:49:48.671 +01:00 [INF] [allcodes-782-20260326-124920] ✓ Step 5D: Zelfstandige verzending
2026-03-26 12:49:49.518 +01:00 [INF] [allcodes-999-20260326-124920] === COLUMN 5: N-ACK HANDLER (Steps 5A-5D) ===
2026-03-26 12:49:49.519 +01:00 [INF] [allcodes-999-20260326-124920] ✓ Step 5A: Verstuur Nack-bericht
2026-03-26 12:49:49.544 +01:00 [INF] [allcodes-999-20260326-124920] ✓ Step 5B: Geconfigureerde respons
2026-03-26 12:49:49.557 +01:00 [INF] [allcodes-999-20260326-124920] ✓ Step 5C: Logging verzendtijd
2026-03-26 12:49:49.570 +01:00 [INF] [allcodes-999-20260326-124920] ✓ Step 5D: Zelfstandige verzending
2026-03-26 13:08:55.305 +01:00 [INF] [nh] [test-block-tag-130853] === COLUMN 5: N-ACK HANDLER (Steps 5A-5D) ===
2026-03-26 13:08:55.350 +01:00 [INF] [nh] [test-block-tag-130853] ✓ Step 5A: Verstuur Ack-bericht
2026-03-26 13:08:55.378 +01:00 [INF] [nh] [test-block-tag-130853] ✓ Step 5B: Geconfigureerde respons
2026-03-26 13:08:55.392 +01:00 [INF] [nh] [test-block-tag-130853] ✓ Step 5C: Logging verzendtijd
2026-03-26 13:08:55.408 +01:00 [INF] [nh] [test-block-tag-130853] ✓ Step 5D: Zelfstandige verzending
2026-03-26 13:10:17.730 +01:00 [INF] [nh] [allcodes-650-20260326-131017] === COLUMN 5: N-ACK HANDLER (Steps 5A-5D) ===
2026-03-26 13:10:17.733 +01:00 [INF] [nh] [allcodes-650-20260326-131017] ✓ Step 5A: Verstuur Nack-bericht
2026-03-26 13:10:17.758 +01:00 [INF] [nh] [allcodes-650-20260326-131017] ✓ Step 5B: Geconfigureerde respons
2026-03-26 13:10:17.774 +01:00 [INF] [nh] [allcodes-650-20260326-131017] ✓ Step 5C: Logging verzendtijd
2026-03-26 13:10:17.790 +01:00 [INF] [nh] [allcodes-650-20260326-131017] ✓ Step 5D: Zelfstandige verzending
2026-03-26 13:10:18.864 +01:00 [INF] [nh] [allcodes-651-20260326-131017] === COLUMN 5: N-ACK HANDLER (Steps 5A-5D) ===
2026-03-26 13:10:18.872 +01:00 [INF] [nh] [allcodes-651-20260326-131017] ✓ Step 5A: Verstuur Nack-bericht
2026-03-26 13:10:18.907 +01:00 [INF] [nh] [allcodes-651-20260326-131017] ✓ Step 5B: Geconfigureerde respons
2026-03-26 13:10:18.922 +01:00 [INF] [nh] [allcodes-651-20260326-131017] ✓ Step 5C: Logging verzendtijd
2026-03-26 13:10:18.938 +01:00 [INF] [nh] [allcodes-651-20260326-131017] ✓ Step 5D: Zelfstandige verzending
2026-03-26 13:10:19.946 +01:00 [INF] [nh] [allcodes-652-20260326-131017] === COLUMN 5: N-ACK HANDLER (Steps 5A-5D) ===
2026-03-26 13:10:19.950 +01:00 [INF] [nh] [allcodes-652-20260326-131017] ✓ Step 5A: Verstuur Nack-bericht
2026-03-26 13:10:19.961 +01:00 [INF] [nh] [allcodes-652-20260326-131017] ✓ Step 5B: Geconfigureerde respons
2026-03-26 13:10:19.992 +01:00 [INF] [nh] [allcodes-652-20260326-131017] ✓ Step 5C: Logging verzendtijd
2026-03-26 13:10:20.023 +01:00 [INF] [nh] [allcodes-652-20260326-131017] ✓ Step 5D: Zelfstandige verzending
2026-03-26 13:10:21.057 +01:00 [INF] [nh] [allcodes-653-20260326-131017] === COLUMN 5: N-ACK HANDLER (Steps 5A-5D) ===
2026-03-26 13:10:21.059 +01:00 [INF] [nh] [allcodes-653-20260326-131017] ✓ Step 5A: Verstuur Nack-bericht
2026-03-26 13:10:21.075 +01:00 [INF] [nh] [allcodes-653-20260326-131017] ✓ Step 5B: Geconfigureerde respons
2026-03-26 13:10:21.091 +01:00 [INF] [nh] [allcodes-653-20260326-131017] ✓ Step 5C: Logging verzendtijd
2026-03-26 13:10:21.106 +01:00 [INF] [nh] [allcodes-653-20260326-131017] ✓ Step 5D: Zelfstandige verzending
2026-03-26 13:10:22.027 +01:00 [INF] [nh] [allcodes-654-20260326-131017] === COLUMN 5: N-ACK HANDLER (Steps 5A-5D) ===
2026-03-26 13:10:22.029 +01:00 [INF] [nh] [allcodes-654-20260326-131017] ✓ Step 5A: Verstuur Nack-bericht
2026-03-26 13:10:22.044 +01:00 [INF] [nh] [allcodes-654-20260326-131017] ✓ Step 5B: Geconfigureerde respons
2026-03-26 13:10:22.060 +01:00 [INF] [nh] [allcodes-654-20260326-131017] ✓ Step 5C: Logging verzendtijd
2026-03-26 13:10:22.090 +01:00 [INF] [nh] [allcodes-654-20260326-131017] ✓ Step 5D: Zelfstandige verzending
2026-03-26 13:10:23.124 +01:00 [INF] [nh] [allcodes-655-20260326-131017] === COLUMN 5: N-ACK HANDLER (Steps 5A-5D) ===
2026-03-26 13:10:23.128 +01:00 [INF] [nh] [allcodes-655-20260326-131017] ✓ Step 5A: Verstuur Nack-bericht
2026-03-26 13:10:23.141 +01:00 [INF] [nh] [allcodes-655-20260326-131017] ✓ Step 5B: Geconfigureerde respons
2026-03-26 13:10:23.157 +01:00 [INF] [nh] [allcodes-655-20260326-131017] ✓ Step 5C: Logging verzendtijd
2026-03-26 13:10:23.173 +01:00 [INF] [nh] [allcodes-655-20260326-131017] ✓ Step 5D: Zelfstandige verzending
2026-03-26 13:10:24.207 +01:00 [INF] [nh] [allcodes-656-20260326-131017] === COLUMN 5: N-ACK HANDLER (Steps 5A-5D) ===
2026-03-26 13:10:24.210 +01:00 [INF] [nh] [allcodes-656-20260326-131017] ✓ Step 5A: Verstuur Nack-bericht
2026-03-26 13:10:24.238 +01:00 [INF] [nh] [allcodes-656-20260326-131017] ✓ Step 5B: Geconfigureerde respons
2026-03-26 13:10:24.253 +01:00 [INF] [nh] [allcodes-656-20260326-131017] ✓ Step 5C: Logging verzendtijd
2026-03-26 13:10:24.269 +01:00 [INF] [nh] [allcodes-656-20260326-131017] ✓ Step 5D: Zelfstandige verzending
2026-03-26 13:10:25.253 +01:00 [INF] [nh] [allcodes-676-20260326-131017] === COLUMN 5: N-ACK HANDLER (Steps 5A-5D) ===
2026-03-26 13:10:25.256 +01:00 [INF] [nh] [allcodes-676-20260326-131017] ✓ Step 5A: Verstuur Nack-bericht
2026-03-26 13:10:25.282 +01:00 [INF] [nh] [allcodes-676-20260326-131017] ✓ Step 5B: Geconfigureerde respons
2026-03-26 13:10:25.298 +01:00 [INF] [nh] [allcodes-676-20260326-131017] ✓ Step 5C: Logging verzendtijd
2026-03-26 13:10:25.313 +01:00 [INF] [nh] [allcodes-676-20260326-131017] ✓ Step 5D: Zelfstandige verzending
2026-03-26 13:10:26.234 +01:00 [INF] [nh] [allcodes-677-20260326-131017] === COLUMN 5: N-ACK HANDLER (Steps 5A-5D) ===
2026-03-26 13:10:26.236 +01:00 [INF] [nh] [allcodes-677-20260326-131017] ✓ Step 5A: Verstuur Nack-bericht
2026-03-26 13:10:26.254 +01:00 [INF] [nh] [allcodes-677-20260326-131017] ✓ Step 5B: Geconfigureerde respons
2026-03-26 13:10:26.270 +01:00 [INF] [nh] [allcodes-677-20260326-131017] ✓ Step 5C: Logging verzendtijd
2026-03-26 13:10:26.285 +01:00 [INF] [nh] [allcodes-677-20260326-131017] ✓ Step 5D: Zelfstandige verzending
2026-03-26 13:10:27.205 +01:00 [INF] [nh] [allcodes-678-20260326-131017] === COLUMN 5: N-ACK HANDLER (Steps 5A-5D) ===
2026-03-26 13:10:27.208 +01:00 [INF] [nh] [allcodes-678-20260326-131017] ✓ Step 5A: Verstuur Nack-bericht
2026-03-26 13:10:27.229 +01:00 [INF] [nh] [allcodes-678-20260326-131017] ✓ Step 5B: Geconfigureerde respons
2026-03-26 13:10:27.245 +01:00 [INF] [nh] [allcodes-678-20260326-131017] ✓ Step 5C: Logging verzendtijd
2026-03-26 13:10:27.260 +01:00 [INF] [nh] [allcodes-678-20260326-131017] ✓ Step 5D: Zelfstandige verzending
2026-03-26 13:10:28.236 +01:00 [INF] [nh] [allcodes-679-20260326-131017] === COLUMN 5: N-ACK HANDLER (Steps 5A-5D) ===
2026-03-26 13:10:28.239 +01:00 [INF] [nh] [allcodes-679-20260326-131017] ✓ Step 5A: Verstuur Nack-bericht
2026-03-26 13:10:28.266 +01:00 [INF] [nh] [allcodes-679-20260326-131017] ✓ Step 5B: Geconfigureerde respons
2026-03-26 13:10:28.282 +01:00 [INF] [nh] [allcodes-679-20260326-131017] ✓ Step 5C: Logging verzendtijd
2026-03-26 13:10:28.298 +01:00 [INF] [nh] [allcodes-679-20260326-131017] ✓ Step 5D: Zelfstandige verzending
2026-03-26 13:10:29.329 +01:00 [INF] [nh] [allcodes-680-20260326-131017] === COLUMN 5: N-ACK HANDLER (Steps 5A-5D) ===
2026-03-26 13:10:29.332 +01:00 [INF] [nh] [allcodes-680-20260326-131017] ✓ Step 5A: Verstuur Nack-bericht
2026-03-26 13:10:29.346 +01:00 [INF] [nh] [allcodes-680-20260326-131017] ✓ Step 5B: Geconfigureerde respons
2026-03-26 13:10:29.362 +01:00 [INF] [nh] [allcodes-680-20260326-131017] ✓ Step 5C: Logging verzendtijd
2026-03-26 13:10:29.377 +01:00 [INF] [nh] [allcodes-680-20260326-131017] ✓ Step 5D: Zelfstandige verzending
2026-03-26 13:10:30.301 +01:00 [INF] [nh] [allcodes-686-20260326-131017] === COLUMN 5: N-ACK HANDLER (Steps 5A-5D) ===
2026-03-26 13:10:30.303 +01:00 [INF] [nh] [allcodes-686-20260326-131017] ✓ Step 5A: Verstuur Nack-bericht
2026-03-26 13:10:30.321 +01:00 [INF] [nh] [allcodes-686-20260326-131017] ✓ Step 5B: Geconfigureerde respons
2026-03-26 13:10:30.337 +01:00 [INF] [nh] [allcodes-686-20260326-131017] ✓ Step 5C: Logging verzendtijd
2026-03-26 13:10:30.352 +01:00 [INF] [nh] [allcodes-686-20260326-131017] ✓ Step 5D: Zelfstandige verzending
2026-03-26 13:10:31.229 +01:00 [INF] [nh] [allcodes-687-20260326-131017] === COLUMN 5: N-ACK HANDLER (Steps 5A-5D) ===
2026-03-26 13:10:31.231 +01:00 [INF] [nh] [allcodes-687-20260326-131017] ✓ Step 5A: Verstuur Nack-bericht
2026-03-26 13:10:31.248 +01:00 [INF] [nh] [allcodes-687-20260326-131017] ✓ Step 5B: Geconfigureerde respons
2026-03-26 13:10:31.264 +01:00 [INF] [nh] [allcodes-687-20260326-131017] ✓ Step 5C: Logging verzendtijd
2026-03-26 13:10:31.280 +01:00 [INF] [nh] [allcodes-687-20260326-131017] ✓ Step 5D: Zelfstandige verzending
2026-03-26 13:10:32.122 +01:00 [INF] [nh] [allcodes-688-20260326-131017] === COLUMN 5: N-ACK HANDLER (Steps 5A-5D) ===
2026-03-26 13:10:32.124 +01:00 [INF] [nh] [allcodes-688-20260326-131017] ✓ Step 5A: Verstuur Nack-bericht
2026-03-26 13:10:32.142 +01:00 [INF] [nh] [allcodes-688-20260326-131017] ✓ Step 5B: Geconfigureerde respons
2026-03-26 13:10:32.158 +01:00 [INF] [nh] [allcodes-688-20260326-131017] ✓ Step 5C: Logging verzendtijd
2026-03-26 13:10:32.174 +01:00 [INF] [nh] [allcodes-688-20260326-131017] ✓ Step 5D: Zelfstandige verzending
2026-03-26 13:10:33.004 +01:00 [INF] [nh] [allcodes-689-20260326-131017] === COLUMN 5: N-ACK HANDLER (Steps 5A-5D) ===
2026-03-26 13:10:33.006 +01:00 [INF] [nh] [allcodes-689-20260326-131017] ✓ Step 5A: Verstuur Nack-bericht
2026-03-26 13:10:33.025 +01:00 [INF] [nh] [allcodes-689-20260326-131017] ✓ Step 5B: Geconfigureerde respons
2026-03-26 13:10:33.041 +01:00 [INF] [nh] [allcodes-689-20260326-131017] ✓ Step 5C: Logging verzendtijd
2026-03-26 13:10:33.057 +01:00 [INF] [nh] [allcodes-689-20260326-131017] ✓ Step 5D: Zelfstandige verzending
2026-03-26 13:10:33.873 +01:00 [INF] [nh] [allcodes-700-20260326-131017] === COLUMN 5: N-ACK HANDLER (Steps 5A-5D) ===
2026-03-26 13:10:33.875 +01:00 [INF] [nh] [allcodes-700-20260326-131017] ✓ Step 5A: Verstuur Nack-bericht
2026-03-26 13:10:33.892 +01:00 [INF] [nh] [allcodes-700-20260326-131017] ✓ Step 5B: Geconfigureerde respons
2026-03-26 13:10:33.908 +01:00 [INF] [nh] [allcodes-700-20260326-131017] ✓ Step 5C: Logging verzendtijd
2026-03-26 13:10:33.924 +01:00 [INF] [nh] [allcodes-700-20260326-131017] ✓ Step 5D: Zelfstandige verzending
2026-03-26 13:10:34.766 +01:00 [INF] [nh] [allcodes-701-20260326-131017] === COLUMN 5: N-ACK HANDLER (Steps 5A-5D) ===
2026-03-26 13:10:34.768 +01:00 [INF] [nh] [allcodes-701-20260326-131017] ✓ Step 5A: Verstuur Nack-bericht
2026-03-26 13:10:34.788 +01:00 [INF] [nh] [allcodes-701-20260326-131017] ✓ Step 5B: Geconfigureerde respons
2026-03-26 13:10:34.803 +01:00 [INF] [nh] [allcodes-701-20260326-131017] ✓ Step 5C: Logging verzendtijd
2026-03-26 13:10:34.819 +01:00 [INF] [nh] [allcodes-701-20260326-131017] ✓ Step 5D: Zelfstandige verzending
2026-03-26 13:10:35.690 +01:00 [INF] [nh] [allcodes-702-20260326-131017] === COLUMN 5: N-ACK HANDLER (Steps 5A-5D) ===
2026-03-26 13:10:35.692 +01:00 [INF] [nh] [allcodes-702-20260326-131017] ✓ Step 5A: Verstuur Nack-bericht
2026-03-26 13:10:35.711 +01:00 [INF] [nh] [allcodes-702-20260326-131017] ✓ Step 5B: Geconfigureerde respons
2026-03-26 13:10:35.727 +01:00 [INF] [nh] [allcodes-702-20260326-131017] ✓ Step 5C: Logging verzendtijd
2026-03-26 13:10:35.743 +01:00 [INF] [nh] [allcodes-702-20260326-131017] ✓ Step 5D: Zelfstandige verzending
2026-03-26 13:10:36.687 +01:00 [INF] [nh] [allcodes-754-20260326-131017] === COLUMN 5: N-ACK HANDLER (Steps 5A-5D) ===
2026-03-26 13:10:36.689 +01:00 [INF] [nh] [allcodes-754-20260326-131017] ✓ Step 5A: Verstuur Nack-bericht
2026-03-26 13:10:36.706 +01:00 [INF] [nh] [allcodes-754-20260326-131017] ✓ Step 5B: Geconfigureerde respons
2026-03-26 13:10:36.721 +01:00 [INF] [nh] [allcodes-754-20260326-131017] ✓ Step 5C: Logging verzendtijd
2026-03-26 13:10:36.737 +01:00 [INF] [nh] [allcodes-754-20260326-131017] ✓ Step 5D: Zelfstandige verzending
2026-03-26 13:10:37.570 +01:00 [INF] [nh] [allcodes-755-20260326-131017] === COLUMN 5: N-ACK HANDLER (Steps 5A-5D) ===
2026-03-26 13:10:37.573 +01:00 [INF] [nh] [allcodes-755-20260326-131017] ✓ Step 5A: Verstuur Nack-bericht
2026-03-26 13:10:37.590 +01:00 [INF] [nh] [allcodes-755-20260326-131017] ✓ Step 5B: Geconfigureerde respons
2026-03-26 13:10:37.606 +01:00 [INF] [nh] [allcodes-755-20260326-131017] ✓ Step 5C: Logging verzendtijd
2026-03-26 13:10:37.622 +01:00 [INF] [nh] [allcodes-755-20260326-131017] ✓ Step 5D: Zelfstandige verzending
2026-03-26 13:10:38.452 +01:00 [INF] [nh] [allcodes-756-20260326-131017] === COLUMN 5: N-ACK HANDLER (Steps 5A-5D) ===
2026-03-26 13:10:38.454 +01:00 [INF] [nh] [allcodes-756-20260326-131017] ✓ Step 5A: Verstuur Nack-bericht
2026-03-26 13:10:38.472 +01:00 [INF] [nh] [allcodes-756-20260326-131017] ✓ Step 5B: Geconfigureerde respons
2026-03-26 13:10:38.488 +01:00 [INF] [nh] [allcodes-756-20260326-131017] ✓ Step 5C: Logging verzendtijd
2026-03-26 13:10:38.504 +01:00 [INF] [nh] [allcodes-756-20260326-131017] ✓ Step 5D: Zelfstandige verzending
2026-03-26 13:10:39.333 +01:00 [INF] [nh] [allcodes-758-20260326-131017] === COLUMN 5: N-ACK HANDLER (Steps 5A-5D) ===
2026-03-26 13:10:39.335 +01:00 [INF] [nh] [allcodes-758-20260326-131017] ✓ Step 5A: Verstuur Nack-bericht
2026-03-26 13:10:39.355 +01:00 [INF] [nh] [allcodes-758-20260326-131017] ✓ Step 5B: Geconfigureerde respons
2026-03-26 13:10:39.371 +01:00 [INF] [nh] [allcodes-758-20260326-131017] ✓ Step 5C: Logging verzendtijd
2026-03-26 13:10:39.387 +01:00 [INF] [nh] [allcodes-758-20260326-131017] ✓ Step 5D: Zelfstandige verzending
2026-03-26 13:10:40.247 +01:00 [INF] [nh] [allcodes-759-20260326-131017] === COLUMN 5: N-ACK HANDLER (Steps 5A-5D) ===
2026-03-26 13:10:40.250 +01:00 [INF] [nh] [allcodes-759-20260326-131017] ✓ Step 5A: Verstuur Nack-bericht
2026-03-26 13:10:40.268 +01:00 [INF] [nh] [allcodes-759-20260326-131017] ✓ Step 5B: Geconfigureerde respons
2026-03-26 13:10:40.284 +01:00 [INF] [nh] [allcodes-759-20260326-131017] ✓ Step 5C: Logging verzendtijd
2026-03-26 13:10:40.299 +01:00 [INF] [nh] [allcodes-759-20260326-131017] ✓ Step 5D: Zelfstandige verzending
2026-03-26 13:10:41.159 +01:00 [INF] [nh] [allcodes-760-20260326-131017] === COLUMN 5: N-ACK HANDLER (Steps 5A-5D) ===
2026-03-26 13:10:41.161 +01:00 [INF] [nh] [allcodes-760-20260326-131017] ✓ Step 5A: Verstuur Nack-bericht
2026-03-26 13:10:41.178 +01:00 [INF] [nh] [allcodes-760-20260326-131017] ✓ Step 5B: Geconfigureerde respons
2026-03-26 13:10:41.194 +01:00 [INF] [nh] [allcodes-760-20260326-131017] ✓ Step 5C: Logging verzendtijd
2026-03-26 13:10:41.209 +01:00 [INF] [nh] [allcodes-760-20260326-131017] ✓ Step 5D: Zelfstandige verzending
2026-03-26 13:10:42.039 +01:00 [INF] [nh] [allcodes-772-20260326-131017] === COLUMN 5: N-ACK HANDLER (Steps 5A-5D) ===
2026-03-26 13:10:42.041 +01:00 [INF] [nh] [allcodes-772-20260326-131017] ✓ Step 5A: Verstuur Nack-bericht
2026-03-26 13:10:42.058 +01:00 [INF] [nh] [allcodes-772-20260326-131017] ✓ Step 5B: Geconfigureerde respons
2026-03-26 13:10:42.074 +01:00 [INF] [nh] [allcodes-772-20260326-131017] ✓ Step 5C: Logging verzendtijd
2026-03-26 13:10:42.089 +01:00 [INF] [nh] [allcodes-772-20260326-131017] ✓ Step 5D: Zelfstandige verzending
2026-03-26 13:10:42.953 +01:00 [INF] [nh] [allcodes-773-20260326-131017] === COLUMN 5: N-ACK HANDLER (Steps 5A-5D) ===
2026-03-26 13:10:42.955 +01:00 [INF] [nh] [allcodes-773-20260326-131017] ✓ Step 5A: Verstuur Nack-bericht
2026-03-26 13:10:42.974 +01:00 [INF] [nh] [allcodes-773-20260326-131017] ✓ Step 5B: Geconfigureerde respons
2026-03-26 13:10:42.990 +01:00 [INF] [nh] [allcodes-773-20260326-131017] ✓ Step 5C: Logging verzendtijd
2026-03-26 13:10:43.005 +01:00 [INF] [nh] [allcodes-773-20260326-131017] ✓ Step 5D: Zelfstandige verzending
2026-03-26 13:10:43.819 +01:00 [INF] [nh] [allcodes-774-20260326-131017] === COLUMN 5: N-ACK HANDLER (Steps 5A-5D) ===
2026-03-26 13:10:43.821 +01:00 [INF] [nh] [allcodes-774-20260326-131017] ✓ Step 5A: Verstuur Nack-bericht
2026-03-26 13:10:43.837 +01:00 [INF] [nh] [allcodes-774-20260326-131017] ✓ Step 5B: Geconfigureerde respons
2026-03-26 13:10:43.853 +01:00 [INF] [nh] [allcodes-774-20260326-131017] ✓ Step 5C: Logging verzendtijd
2026-03-26 13:10:43.869 +01:00 [INF] [nh] [allcodes-774-20260326-131017] ✓ Step 5D: Zelfstandige verzending
2026-03-26 13:10:44.732 +01:00 [INF] [nh] [allcodes-775-20260326-131017] === COLUMN 5: N-ACK HANDLER (Steps 5A-5D) ===
2026-03-26 13:10:44.734 +01:00 [INF] [nh] [allcodes-775-20260326-131017] ✓ Step 5A: Verstuur Nack-bericht
2026-03-26 13:10:44.752 +01:00 [INF] [nh] [allcodes-775-20260326-131017] ✓ Step 5B: Geconfigureerde respons
2026-03-26 13:10:44.768 +01:00 [INF] [nh] [allcodes-775-20260326-131017] ✓ Step 5C: Logging verzendtijd
2026-03-26 13:10:44.783 +01:00 [INF] [nh] [allcodes-775-20260326-131017] ✓ Step 5D: Zelfstandige verzending
2026-03-26 13:10:45.625 +01:00 [INF] [nh] [allcodes-780-20260326-131017] === COLUMN 5: N-ACK HANDLER (Steps 5A-5D) ===
2026-03-26 13:10:45.627 +01:00 [INF] [nh] [allcodes-780-20260326-131017] ✓ Step 5A: Verstuur Nack-bericht
2026-03-26 13:10:45.645 +01:00 [INF] [nh] [allcodes-780-20260326-131017] ✓ Step 5B: Geconfigureerde respons
2026-03-26 13:10:45.661 +01:00 [INF] [nh] [allcodes-780-20260326-131017] ✓ Step 5C: Logging verzendtijd
2026-03-26 13:10:45.677 +01:00 [INF] [nh] [allcodes-780-20260326-131017] ✓ Step 5D: Zelfstandige verzending
2026-03-26 13:10:46.851 +01:00 [INF] [nh] [allcodes-781-20260326-131017] === COLUMN 5: N-ACK HANDLER (Steps 5A-5D) ===
2026-03-26 13:10:46.853 +01:00 [INF] [nh] [allcodes-781-20260326-131017] ✓ Step 5A: Verstuur Nack-bericht
2026-03-26 13:10:46.870 +01:00 [INF] [nh] [allcodes-781-20260326-131017] ✓ Step 5B: Geconfigureerde respons
2026-03-26 13:10:46.886 +01:00 [INF] [nh] [allcodes-781-20260326-131017] ✓ Step 5C: Logging verzendtijd
2026-03-26 13:10:46.902 +01:00 [INF] [nh] [allcodes-781-20260326-131017] ✓ Step 5D: Zelfstandige verzending
2026-03-26 13:10:47.712 +01:00 [INF] [nh] [allcodes-782-20260326-131017] === COLUMN 5: N-ACK HANDLER (Steps 5A-5D) ===
2026-03-26 13:10:47.714 +01:00 [INF] [nh] [allcodes-782-20260326-131017] ✓ Step 5A: Verstuur Nack-bericht
2026-03-26 13:10:47.732 +01:00 [INF] [nh] [allcodes-782-20260326-131017] ✓ Step 5B: Geconfigureerde respons
2026-03-26 13:10:47.747 +01:00 [INF] [nh] [allcodes-782-20260326-131017] ✓ Step 5C: Logging verzendtijd
2026-03-26 13:10:47.763 +01:00 [INF] [nh] [allcodes-782-20260326-131017] ✓ Step 5D: Zelfstandige verzending
2026-03-26 13:10:48.580 +01:00 [INF] [nh] [allcodes-999-20260326-131017] === COLUMN 5: N-ACK HANDLER (Steps 5A-5D) ===
2026-03-26 13:10:48.583 +01:00 [INF] [nh] [allcodes-999-20260326-131017] ✓ Step 5A: Verstuur Nack-bericht
2026-03-26 13:10:48.599 +01:00 [INF] [nh] [allcodes-999-20260326-131017] ✓ Step 5B: Geconfigureerde respons
2026-03-26 13:10:48.614 +01:00 [INF] [nh] [allcodes-999-20260326-131017] ✓ Step 5C: Logging verzendtijd
2026-03-26 13:10:48.630 +01:00 [INF] [nh] [allcodes-999-20260326-131017] ✓ Step 5D: Zelfstandige verzending
