2026-03-26 14:41:21.280 +01:00 [INF] [api] [] [msg:] [type:] [resp:] [codes:] Application started. Press Ctrl+C to shut down.
2026-03-26 14:41:21.307 +01:00 [INF] [api] [] [msg:] [type:] [resp:] [codes:] Hosting environment: Development
2026-03-26 14:41:21.309 +01:00 [INF] [api] [] [msg:] [type:] [resp:] [codes:] Content root path: C:\Users\loek\engie\engie-v2\src\Engie.Mca.Api
2026-03-26 14:41:21.367 +01:00 [INF] [api] [] [msg:] [type:] [resp:] [codes:] Request starting HTTP/1.1 POST http://localhost/api/messages - application/json; charset=utf-8 283
2026-03-26 14:41:21.396 +01:00 [INF] [api] [0HNKB7LEQCN2P] [msg:] [type:] [resp:] [codes:] Executing endpoint 'Engie.Mca.Api.Controllers.MessagesController.ProcessMessage (Engie.Mca.Api)'
2026-03-26 14:41:21.412 +01:00 [INF] [api] [0HNKB7LEQCN2P] [msg:] [type:] [resp:] [codes:] Route matched with {action = "ProcessMessage", controller = "Messages"}. Executing controller action with signature System.Threading.Tasks.Task`1[Microsoft.AspNetCore.Mvc.IActionResult] ProcessMessage(Engie.Mca.Api.Models.ProcessMessageRequest) on controller Engie.Mca.Api.Controllers.MessagesController (Engie.Mca.Api).
2026-03-26 14:41:21.436 +01:00 [INF] [api] [contract-correlation-003] [msg:contract-003] [type:AllocationSeries] [resp:] [codes:] Processing message request received
2026-03-26 14:41:21.441 +01:00 [INF] [api] [0HNKB7LEQCN2P] [msg:] [type:] [resp:] [codes:] Executing OkObjectResult, writing value of type 'Engie.Mca.Api.Models.MessageResponseDto'.
2026-03-26 14:41:21.454 +01:00 [INF] [api] [0HNKB7LEQCN2P] [msg:] [type:] [resp:] [codes:] Executed action Engie.Mca.Api.Controllers.MessagesController.ProcessMessage (Engie.Mca.Api) in 38.0075ms
2026-03-26 14:41:21.455 +01:00 [INF] [api] [0HNKB7LEQCN2P] [msg:] [type:] [resp:] [codes:] Executed endpoint 'Engie.Mca.Api.Controllers.MessagesController.ProcessMessage (Engie.Mca.Api)'
2026-03-26 14:41:21.458 +01:00 [INF] [api] [] [msg:] [type:] [resp:] [codes:] Request finished HTTP/1.1 POST http://localhost/api/messages - 200 null application/json; charset=utf-8 92.8083ms
2026-03-26 14:41:21.460 +01:00 [INF] [api] [] [msg:] [type:] [resp:] [codes:] Request starting HTTP/1.1 GET http://localhost/api/metrics - null null
2026-03-26 14:41:21.463 +01:00 [INF] [api] [0HNKB7LEQCN2Q] [msg:] [type:] [resp:] [codes:] Executing endpoint 'Engie.Mca.Api.Controllers.MetricsController.GetMetrics (Engie.Mca.Api)'
2026-03-26 14:41:21.466 +01:00 [INF] [api] [0HNKB7LEQCN2Q] [msg:] [type:] [resp:] [codes:] Route matched with {action = "GetMetrics", controller = "Metrics"}. Executing controller action with signature Microsoft.AspNetCore.Mvc.IActionResult GetMetrics() on controller Engie.Mca.Api.Controllers.MetricsController (Engie.Mca.Api).
2026-03-26 14:41:21.479 +01:00 [INF] [api] [0HNKB7LEQCN2Q] [msg:] [type:] [resp:] [codes:] Executing OkObjectResult, writing value of type 'Engie.Mca.Api.Controllers.MetricsController+MetricsSnapshot'.
2026-03-26 14:41:21.492 +01:00 [INF] [api] [0HNKB7LEQCN2Q] [msg:] [type:] [resp:] [codes:] Executed action Engie.Mca.Api.Controllers.MetricsController.GetMetrics (Engie.Mca.Api) in 25.1721ms
2026-03-26 14:41:21.492 +01:00 [INF] [api] [0HNKB7LEQCN2Q] [msg:] [type:] [resp:] [codes:] Executed endpoint 'Engie.Mca.Api.Controllers.MetricsController.GetMetrics (Engie.Mca.Api)'
2026-03-26 14:41:21.492 +01:00 [INF] [api] [] [msg:] [type:] [resp:] [codes:] Request finished HTTP/1.1 GET http://localhost/api/metrics - 200 null application/json; charset=utf-8 32.2104ms
2026-03-26 14:41:21.515 +01:00 [INF] [api] [] [msg:] [type:] [resp:] [codes:] Request starting HTTP/1.1 POST http://localhost/api/messages - application/json; charset=utf-8 283
2026-03-26 14:41:21.516 +01:00 [INF] [api] [0HNKB7LEQCN2R] [msg:] [type:] [resp:] [codes:] Executing endpoint 'Engie.Mca.Api.Controllers.MessagesController.ProcessMessage (Engie.Mca.Api)'
2026-03-26 14:41:21.516 +01:00 [INF] [api] [0HNKB7LEQCN2R] [msg:] [type:] [resp:] [codes:] Route matched with {action = "ProcessMessage", controller = "Messages"}. Executing controller action with signature System.Threading.Tasks.Task`1[Microsoft.AspNetCore.Mvc.IActionResult] ProcessMessage(Engie.Mca.Api.Models.ProcessMessageRequest) on controller Engie.Mca.Api.Controllers.MessagesController (Engie.Mca.Api).
2026-03-26 14:41:21.517 +01:00 [INF] [api] [contract-correlation-002] [msg:contract-002] [type:AllocationSeries] [resp:] [codes:] Processing message request received
2026-03-26 14:41:21.517 +01:00 [INF] [api] [0HNKB7LEQCN2R] [msg:] [type:] [resp:] [codes:] Executing OkObjectResult, writing value of type 'Engie.Mca.Api.Models.MessageResponseDto'.
2026-03-26 14:41:21.517 +01:00 [INF] [api] [0HNKB7LEQCN2R] [msg:] [type:] [resp:] [codes:] Executed action Engie.Mca.Api.Controllers.MessagesController.ProcessMessage (Engie.Mca.Api) in 1.3235ms
2026-03-26 14:41:21.517 +01:00 [INF] [api] [0HNKB7LEQCN2R] [msg:] [type:] [resp:] [codes:] Executed endpoint 'Engie.Mca.Api.Controllers.MessagesController.ProcessMessage (Engie.Mca.Api)'
2026-03-26 14:41:21.518 +01:00 [INF] [api] [] [msg:] [type:] [resp:] [codes:] Request finished HTTP/1.1 POST http://localhost/api/messages - 200 null application/json; charset=utf-8 2.7023ms
2026-03-26 14:41:21.518 +01:00 [INF] [api] [] [msg:] [type:] [resp:] [codes:] Request starting HTTP/1.1 GET http://localhost/api/messages/contract-002 - null null
2026-03-26 14:41:21.518 +01:00 [INF] [api] [0HNKB7LEQCN2S] [msg:] [type:] [resp:] [codes:] Executing endpoint 'Engie.Mca.Api.Controllers.MessagesController.GetMessage (Engie.Mca.Api)'
2026-03-26 14:41:21.520 +01:00 [INF] [api] [0HNKB7LEQCN2S] [msg:] [type:] [resp:] [codes:] Route matched with {action = "GetMessage", controller = "Messages"}. Executing controller action with signature Microsoft.AspNetCore.Mvc.IActionResult GetMessage(System.String) on controller Engie.Mca.Api.Controllers.MessagesController (Engie.Mca.Api).
2026-03-26 14:41:21.523 +01:00 [INF] [api] [0HNKB7LEQCN2S] [msg:] [type:] [resp:] [codes:] Executing OkObjectResult, writing value of type 'Engie.Mca.Api.Models.MessageStatusResponse'.
2026-03-26 14:41:21.536 +01:00 [INF] [api] [0HNKB7LEQCN2S] [msg:] [type:] [resp:] [codes:] Executed action Engie.Mca.Api.Controllers.MessagesController.GetMessage (Engie.Mca.Api) in 15.581ms
2026-03-26 14:41:21.536 +01:00 [INF] [api] [0HNKB7LEQCN2S] [msg:] [type:] [resp:] [codes:] Executed endpoint 'Engie.Mca.Api.Controllers.MessagesController.GetMessage (Engie.Mca.Api)'
2026-03-26 14:41:21.536 +01:00 [INF] [api] [] [msg:] [type:] [resp:] [codes:] Request finished HTTP/1.1 GET http://localhost/api/messages/contract-002 - 200 null application/json; charset=utf-8 17.7099ms
2026-03-26 14:41:21.547 +01:00 [INF] [api] [] [msg:] [type:] [resp:] [codes:] Request starting HTTP/1.1 POST http://localhost/api/messages - application/json; charset=utf-8 240
2026-03-26 14:41:21.548 +01:00 [INF] [api] [contract-correlation-001] [msg:] [type:] [resp:] [codes:] Executing endpoint 'Engie.Mca.Api.Controllers.MessagesController.ProcessMessage (Engie.Mca.Api)'
2026-03-26 14:41:21.548 +01:00 [INF] [api] [contract-correlation-001] [msg:] [type:] [resp:] [codes:] Route matched with {action = "ProcessMessage", controller = "Messages"}. Executing controller action with signature System.Threading.Tasks.Task`1[Microsoft.AspNetCore.Mvc.IActionResult] ProcessMessage(Engie.Mca.Api.Models.ProcessMessageRequest) on controller Engie.Mca.Api.Controllers.MessagesController (Engie.Mca.Api).
2026-03-26 14:41:21.548 +01:00 [INF] [api] [contract-correlation-001] [msg:contract-001] [type:AllocationSeries] [resp:] [codes:] Processing message request received
2026-03-26 14:41:21.548 +01:00 [INF] [api] [contract-correlation-001] [msg:] [type:] [resp:] [codes:] Executing OkObjectResult, writing value of type 'Engie.Mca.Api.Models.MessageResponseDto'.
2026-03-26 14:41:21.548 +01:00 [INF] [api] [contract-correlation-001] [msg:] [type:] [resp:] [codes:] Executed action Engie.Mca.Api.Controllers.MessagesController.ProcessMessage (Engie.Mca.Api) in 0.6031ms
2026-03-26 14:41:21.548 +01:00 [INF] [api] [contract-correlation-001] [msg:] [type:] [resp:] [codes:] Executed endpoint 'Engie.Mca.Api.Controllers.MessagesController.ProcessMessage (Engie.Mca.Api)'
2026-03-26 14:41:21.549 +01:00 [INF] [api] [] [msg:] [type:] [resp:] [codes:] Request finished HTTP/1.1 POST http://localhost/api/messages - 200 null application/json; charset=utf-8 1.1634ms
2026-03-26 14:41:21.556 +01:00 [INF] [api] [] [msg:] [type:] [resp:] [codes:] Application is shutting down...
